[2024-01-31T10:18:53.912+0000] {processor.py:161} INFO - Started process (PID=1789) to work on /opt/airflow/dags/1706696048.xlsx
[2024-01-31T10:18:53.913+0000] {processor.py:830} INFO - Processing file /opt/airflow/dags/1706696048.xlsx for tasks to queue
[2024-01-31T10:18:53.915+0000] {logging_mixin.py:188} INFO - [2024-01-31T10:18:53.914+0000] {dagbag.py:538} INFO - Filling up the DagBag from /opt/airflow/dags/1706696048.xlsx
[2024-01-31T10:18:53.916+0000] {processor.py:842} WARNING - No viable dags retrieved from /opt/airflow/dags/1706696048.xlsx
[2024-01-31T10:18:53.928+0000] {processor.py:183} INFO - Processing /opt/airflow/dags/1706696048.xlsx took 0.017 seconds
[2024-01-31T10:19:25.085+0000] {processor.py:161} INFO - Started process (PID=1854) to work on /opt/airflow/dags/1706696048.xlsx
[2024-01-31T10:19:25.086+0000] {processor.py:830} INFO - Processing file /opt/airflow/dags/1706696048.xlsx for tasks to queue
[2024-01-31T10:19:25.088+0000] {logging_mixin.py:188} INFO - [2024-01-31T10:19:25.088+0000] {dagbag.py:538} INFO - Filling up the DagBag from /opt/airflow/dags/1706696048.xlsx
[2024-01-31T10:19:25.089+0000] {processor.py:842} WARNING - No viable dags retrieved from /opt/airflow/dags/1706696048.xlsx
[2024-01-31T10:19:25.097+0000] {processor.py:183} INFO - Processing /opt/airflow/dags/1706696048.xlsx took 0.014 seconds
[2024-01-31T10:19:56.234+0000] {processor.py:161} INFO - Started process (PID=1915) to work on /opt/airflow/dags/1706696048.xlsx
[2024-01-31T10:19:56.235+0000] {processor.py:830} INFO - Processing file /opt/airflow/dags/1706696048.xlsx for tasks to queue
[2024-01-31T10:19:56.237+0000] {logging_mixin.py:188} INFO - [2024-01-31T10:19:56.236+0000] {dagbag.py:538} INFO - Filling up the DagBag from /opt/airflow/dags/1706696048.xlsx
[2024-01-31T10:19:56.238+0000] {processor.py:842} WARNING - No viable dags retrieved from /opt/airflow/dags/1706696048.xlsx
[2024-01-31T10:19:56.245+0000] {processor.py:183} INFO - Processing /opt/airflow/dags/1706696048.xlsx took 0.012 seconds
[2024-01-31T10:20:26.493+0000] {processor.py:161} INFO - Started process (PID=1976) to work on /opt/airflow/dags/1706696048.xlsx
[2024-01-31T10:20:26.494+0000] {processor.py:830} INFO - Processing file /opt/airflow/dags/1706696048.xlsx for tasks to queue
[2024-01-31T10:20:26.495+0000] {logging_mixin.py:188} INFO - [2024-01-31T10:20:26.495+0000] {dagbag.py:538} INFO - Filling up the DagBag from /opt/airflow/dags/1706696048.xlsx
[2024-01-31T10:20:26.496+0000] {processor.py:842} WARNING - No viable dags retrieved from /opt/airflow/dags/1706696048.xlsx
[2024-01-31T10:20:26.503+0000] {processor.py:183} INFO - Processing /opt/airflow/dags/1706696048.xlsx took 0.012 seconds
[2024-01-31T10:20:57.597+0000] {processor.py:161} INFO - Started process (PID=2037) to work on /opt/airflow/dags/1706696048.xlsx
[2024-01-31T10:20:57.599+0000] {processor.py:830} INFO - Processing file /opt/airflow/dags/1706696048.xlsx for tasks to queue
[2024-01-31T10:20:57.600+0000] {logging_mixin.py:188} INFO - [2024-01-31T10:20:57.600+0000] {dagbag.py:538} INFO - Filling up the DagBag from /opt/airflow/dags/1706696048.xlsx
[2024-01-31T10:20:57.602+0000] {processor.py:842} WARNING - No viable dags retrieved from /opt/airflow/dags/1706696048.xlsx
[2024-01-31T10:20:57.609+0000] {processor.py:183} INFO - Processing /opt/airflow/dags/1706696048.xlsx took 0.014 seconds
[2024-01-31T10:21:28.448+0000] {processor.py:161} INFO - Started process (PID=2098) to work on /opt/airflow/dags/1706696048.xlsx
[2024-01-31T10:21:28.449+0000] {processor.py:830} INFO - Processing file /opt/airflow/dags/1706696048.xlsx for tasks to queue
[2024-01-31T10:21:28.450+0000] {logging_mixin.py:188} INFO - [2024-01-31T10:21:28.450+0000] {dagbag.py:538} INFO - Filling up the DagBag from /opt/airflow/dags/1706696048.xlsx
[2024-01-31T10:21:28.451+0000] {processor.py:842} WARNING - No viable dags retrieved from /opt/airflow/dags/1706696048.xlsx
[2024-01-31T10:21:28.457+0000] {processor.py:183} INFO - Processing /opt/airflow/dags/1706696048.xlsx took 0.011 seconds
[2024-01-31T10:21:59.438+0000] {processor.py:161} INFO - Started process (PID=2159) to work on /opt/airflow/dags/1706696048.xlsx
[2024-01-31T10:21:59.439+0000] {processor.py:830} INFO - Processing file /opt/airflow/dags/1706696048.xlsx for tasks to queue
[2024-01-31T10:21:59.440+0000] {logging_mixin.py:188} INFO - [2024-01-31T10:21:59.440+0000] {dagbag.py:538} INFO - Filling up the DagBag from /opt/airflow/dags/1706696048.xlsx
[2024-01-31T10:21:59.442+0000] {processor.py:842} WARNING - No viable dags retrieved from /opt/airflow/dags/1706696048.xlsx
[2024-01-31T10:21:59.449+0000] {processor.py:183} INFO - Processing /opt/airflow/dags/1706696048.xlsx took 0.012 seconds
[2024-01-31T10:22:30.541+0000] {processor.py:161} INFO - Started process (PID=2219) to work on /opt/airflow/dags/1706696048.xlsx
[2024-01-31T10:22:30.542+0000] {processor.py:830} INFO - Processing file /opt/airflow/dags/1706696048.xlsx for tasks to queue
[2024-01-31T10:22:30.544+0000] {logging_mixin.py:188} INFO - [2024-01-31T10:22:30.543+0000] {dagbag.py:538} INFO - Filling up the DagBag from /opt/airflow/dags/1706696048.xlsx
[2024-01-31T10:22:30.545+0000] {processor.py:842} WARNING - No viable dags retrieved from /opt/airflow/dags/1706696048.xlsx
[2024-01-31T10:22:30.560+0000] {processor.py:183} INFO - Processing /opt/airflow/dags/1706696048.xlsx took 0.020 seconds
[2024-01-31T10:23:02.492+0000] {processor.py:161} INFO - Started process (PID=2294) to work on /opt/airflow/dags/1706696048.xlsx
[2024-01-31T10:23:02.494+0000] {processor.py:830} INFO - Processing file /opt/airflow/dags/1706696048.xlsx for tasks to queue
[2024-01-31T10:23:02.499+0000] {logging_mixin.py:188} INFO - [2024-01-31T10:23:02.498+0000] {dagbag.py:538} INFO - Filling up the DagBag from /opt/airflow/dags/1706696048.xlsx
[2024-01-31T10:23:02.509+0000] {processor.py:842} WARNING - No viable dags retrieved from /opt/airflow/dags/1706696048.xlsx
[2024-01-31T10:23:02.576+0000] {processor.py:183} INFO - Processing /opt/airflow/dags/1706696048.xlsx took 0.089 seconds
[2024-01-31T10:23:33.687+0000] {processor.py:161} INFO - Started process (PID=2361) to work on /opt/airflow/dags/1706696048.xlsx
[2024-01-31T10:23:33.689+0000] {processor.py:830} INFO - Processing file /opt/airflow/dags/1706696048.xlsx for tasks to queue
[2024-01-31T10:23:33.690+0000] {logging_mixin.py:188} INFO - [2024-01-31T10:23:33.690+0000] {dagbag.py:538} INFO - Filling up the DagBag from /opt/airflow/dags/1706696048.xlsx
[2024-01-31T10:23:33.692+0000] {processor.py:842} WARNING - No viable dags retrieved from /opt/airflow/dags/1706696048.xlsx
[2024-01-31T10:23:33.700+0000] {processor.py:183} INFO - Processing /opt/airflow/dags/1706696048.xlsx took 0.016 seconds
[2024-01-31T10:24:04.021+0000] {processor.py:161} INFO - Started process (PID=2422) to work on /opt/airflow/dags/1706696048.xlsx
[2024-01-31T10:24:04.023+0000] {processor.py:830} INFO - Processing file /opt/airflow/dags/1706696048.xlsx for tasks to queue
[2024-01-31T10:24:04.024+0000] {logging_mixin.py:188} INFO - [2024-01-31T10:24:04.024+0000] {dagbag.py:538} INFO - Filling up the DagBag from /opt/airflow/dags/1706696048.xlsx
[2024-01-31T10:24:04.026+0000] {processor.py:842} WARNING - No viable dags retrieved from /opt/airflow/dags/1706696048.xlsx
[2024-01-31T10:24:04.034+0000] {processor.py:183} INFO - Processing /opt/airflow/dags/1706696048.xlsx took 0.015 seconds
[2024-01-31T10:24:34.355+0000] {processor.py:161} INFO - Started process (PID=2483) to work on /opt/airflow/dags/1706696048.xlsx
[2024-01-31T10:24:34.356+0000] {processor.py:830} INFO - Processing file /opt/airflow/dags/1706696048.xlsx for tasks to queue
[2024-01-31T10:24:34.357+0000] {logging_mixin.py:188} INFO - [2024-01-31T10:24:34.357+0000] {dagbag.py:538} INFO - Filling up the DagBag from /opt/airflow/dags/1706696048.xlsx
[2024-01-31T10:24:34.358+0000] {processor.py:842} WARNING - No viable dags retrieved from /opt/airflow/dags/1706696048.xlsx
[2024-01-31T10:24:34.367+0000] {processor.py:183} INFO - Processing /opt/airflow/dags/1706696048.xlsx took 0.014 seconds
[2024-01-31T10:25:04.511+0000] {processor.py:161} INFO - Started process (PID=2544) to work on /opt/airflow/dags/1706696048.xlsx
[2024-01-31T10:25:04.513+0000] {processor.py:830} INFO - Processing file /opt/airflow/dags/1706696048.xlsx for tasks to queue
[2024-01-31T10:25:04.517+0000] {logging_mixin.py:188} INFO - [2024-01-31T10:25:04.517+0000] {dagbag.py:538} INFO - Filling up the DagBag from /opt/airflow/dags/1706696048.xlsx
[2024-01-31T10:25:04.521+0000] {processor.py:842} WARNING - No viable dags retrieved from /opt/airflow/dags/1706696048.xlsx
[2024-01-31T10:25:04.531+0000] {processor.py:183} INFO - Processing /opt/airflow/dags/1706696048.xlsx took 0.024 seconds
[2024-01-31T10:25:35.426+0000] {processor.py:161} INFO - Started process (PID=2605) to work on /opt/airflow/dags/1706696048.xlsx
[2024-01-31T10:25:35.427+0000] {processor.py:830} INFO - Processing file /opt/airflow/dags/1706696048.xlsx for tasks to queue
[2024-01-31T10:25:35.429+0000] {logging_mixin.py:188} INFO - [2024-01-31T10:25:35.428+0000] {dagbag.py:538} INFO - Filling up the DagBag from /opt/airflow/dags/1706696048.xlsx
[2024-01-31T10:25:35.430+0000] {processor.py:842} WARNING - No viable dags retrieved from /opt/airflow/dags/1706696048.xlsx
[2024-01-31T10:25:35.436+0000] {processor.py:183} INFO - Processing /opt/airflow/dags/1706696048.xlsx took 0.012 seconds
[2024-01-31T10:26:05.659+0000] {processor.py:161} INFO - Started process (PID=2666) to work on /opt/airflow/dags/1706696048.xlsx
[2024-01-31T10:26:05.659+0000] {processor.py:830} INFO - Processing file /opt/airflow/dags/1706696048.xlsx for tasks to queue
[2024-01-31T10:26:05.661+0000] {logging_mixin.py:188} INFO - [2024-01-31T10:26:05.660+0000] {dagbag.py:538} INFO - Filling up the DagBag from /opt/airflow/dags/1706696048.xlsx
[2024-01-31T10:26:05.662+0000] {processor.py:842} WARNING - No viable dags retrieved from /opt/airflow/dags/1706696048.xlsx
[2024-01-31T10:26:05.668+0000] {processor.py:183} INFO - Processing /opt/airflow/dags/1706696048.xlsx took 0.011 seconds
[2024-01-31T10:26:36.806+0000] {processor.py:161} INFO - Started process (PID=2727) to work on /opt/airflow/dags/1706696048.xlsx
[2024-01-31T10:26:36.807+0000] {processor.py:830} INFO - Processing file /opt/airflow/dags/1706696048.xlsx for tasks to queue
[2024-01-31T10:26:36.808+0000] {logging_mixin.py:188} INFO - [2024-01-31T10:26:36.808+0000] {dagbag.py:538} INFO - Filling up the DagBag from /opt/airflow/dags/1706696048.xlsx
[2024-01-31T10:26:36.810+0000] {processor.py:842} WARNING - No viable dags retrieved from /opt/airflow/dags/1706696048.xlsx
[2024-01-31T10:26:36.816+0000] {processor.py:183} INFO - Processing /opt/airflow/dags/1706696048.xlsx took 0.011 seconds
[2024-01-31T10:27:07.021+0000] {processor.py:161} INFO - Started process (PID=2788) to work on /opt/airflow/dags/1706696048.xlsx
[2024-01-31T10:27:07.022+0000] {processor.py:830} INFO - Processing file /opt/airflow/dags/1706696048.xlsx for tasks to queue
[2024-01-31T10:27:07.023+0000] {logging_mixin.py:188} INFO - [2024-01-31T10:27:07.023+0000] {dagbag.py:538} INFO - Filling up the DagBag from /opt/airflow/dags/1706696048.xlsx
[2024-01-31T10:27:07.024+0000] {processor.py:842} WARNING - No viable dags retrieved from /opt/airflow/dags/1706696048.xlsx
[2024-01-31T10:27:07.031+0000] {processor.py:183} INFO - Processing /opt/airflow/dags/1706696048.xlsx took 0.012 seconds
[2024-01-31T10:27:38.231+0000] {processor.py:161} INFO - Started process (PID=2849) to work on /opt/airflow/dags/1706696048.xlsx
[2024-01-31T10:27:38.232+0000] {processor.py:830} INFO - Processing file /opt/airflow/dags/1706696048.xlsx for tasks to queue
[2024-01-31T10:27:38.234+0000] {logging_mixin.py:188} INFO - [2024-01-31T10:27:38.234+0000] {dagbag.py:538} INFO - Filling up the DagBag from /opt/airflow/dags/1706696048.xlsx
[2024-01-31T10:27:38.236+0000] {processor.py:842} WARNING - No viable dags retrieved from /opt/airflow/dags/1706696048.xlsx
[2024-01-31T10:27:38.243+0000] {processor.py:183} INFO - Processing /opt/airflow/dags/1706696048.xlsx took 0.015 seconds
[2024-01-31T10:28:08.881+0000] {processor.py:161} INFO - Started process (PID=2910) to work on /opt/airflow/dags/1706696048.xlsx
[2024-01-31T10:28:08.882+0000] {processor.py:830} INFO - Processing file /opt/airflow/dags/1706696048.xlsx for tasks to queue
[2024-01-31T10:28:08.886+0000] {logging_mixin.py:188} INFO - [2024-01-31T10:28:08.885+0000] {dagbag.py:538} INFO - Filling up the DagBag from /opt/airflow/dags/1706696048.xlsx
[2024-01-31T10:28:08.887+0000] {processor.py:842} WARNING - No viable dags retrieved from /opt/airflow/dags/1706696048.xlsx
[2024-01-31T10:28:08.898+0000] {processor.py:183} INFO - Processing /opt/airflow/dags/1706696048.xlsx took 0.022 seconds
[2024-01-31T10:28:39.190+0000] {processor.py:161} INFO - Started process (PID=2978) to work on /opt/airflow/dags/1706696048.xlsx
[2024-01-31T10:28:39.191+0000] {processor.py:830} INFO - Processing file /opt/airflow/dags/1706696048.xlsx for tasks to queue
[2024-01-31T10:28:39.193+0000] {logging_mixin.py:188} INFO - [2024-01-31T10:28:39.193+0000] {dagbag.py:538} INFO - Filling up the DagBag from /opt/airflow/dags/1706696048.xlsx
[2024-01-31T10:28:39.194+0000] {processor.py:842} WARNING - No viable dags retrieved from /opt/airflow/dags/1706696048.xlsx
[2024-01-31T10:28:39.202+0000] {processor.py:183} INFO - Processing /opt/airflow/dags/1706696048.xlsx took 0.014 seconds
[2024-01-31T10:29:09.967+0000] {processor.py:161} INFO - Started process (PID=3039) to work on /opt/airflow/dags/1706696048.xlsx
[2024-01-31T10:29:09.969+0000] {processor.py:830} INFO - Processing file /opt/airflow/dags/1706696048.xlsx for tasks to queue
[2024-01-31T10:29:09.971+0000] {logging_mixin.py:188} INFO - [2024-01-31T10:29:09.971+0000] {dagbag.py:538} INFO - Filling up the DagBag from /opt/airflow/dags/1706696048.xlsx
[2024-01-31T10:29:09.972+0000] {processor.py:842} WARNING - No viable dags retrieved from /opt/airflow/dags/1706696048.xlsx
[2024-01-31T10:29:09.986+0000] {processor.py:183} INFO - Processing /opt/airflow/dags/1706696048.xlsx took 0.021 seconds
[2024-01-31T10:29:40.318+0000] {processor.py:161} INFO - Started process (PID=3100) to work on /opt/airflow/dags/1706696048.xlsx
[2024-01-31T10:29:40.319+0000] {processor.py:830} INFO - Processing file /opt/airflow/dags/1706696048.xlsx for tasks to queue
[2024-01-31T10:29:40.321+0000] {logging_mixin.py:188} INFO - [2024-01-31T10:29:40.321+0000] {dagbag.py:538} INFO - Filling up the DagBag from /opt/airflow/dags/1706696048.xlsx
[2024-01-31T10:29:40.322+0000] {processor.py:842} WARNING - No viable dags retrieved from /opt/airflow/dags/1706696048.xlsx
[2024-01-31T10:29:40.331+0000] {processor.py:183} INFO - Processing /opt/airflow/dags/1706696048.xlsx took 0.015 seconds
[2024-01-31T10:30:11.080+0000] {processor.py:161} INFO - Started process (PID=3161) to work on /opt/airflow/dags/1706696048.xlsx
[2024-01-31T10:30:11.082+0000] {processor.py:830} INFO - Processing file /opt/airflow/dags/1706696048.xlsx for tasks to queue
[2024-01-31T10:30:11.086+0000] {logging_mixin.py:188} INFO - [2024-01-31T10:30:11.085+0000] {dagbag.py:538} INFO - Filling up the DagBag from /opt/airflow/dags/1706696048.xlsx
[2024-01-31T10:30:11.089+0000] {processor.py:842} WARNING - No viable dags retrieved from /opt/airflow/dags/1706696048.xlsx
[2024-01-31T10:30:11.100+0000] {processor.py:183} INFO - Processing /opt/airflow/dags/1706696048.xlsx took 0.023 seconds
[2024-01-31T10:30:42.082+0000] {processor.py:161} INFO - Started process (PID=3222) to work on /opt/airflow/dags/1706696048.xlsx
[2024-01-31T10:30:42.083+0000] {processor.py:830} INFO - Processing file /opt/airflow/dags/1706696048.xlsx for tasks to queue
[2024-01-31T10:30:42.085+0000] {logging_mixin.py:188} INFO - [2024-01-31T10:30:42.085+0000] {dagbag.py:538} INFO - Filling up the DagBag from /opt/airflow/dags/1706696048.xlsx
[2024-01-31T10:30:42.086+0000] {processor.py:842} WARNING - No viable dags retrieved from /opt/airflow/dags/1706696048.xlsx
[2024-01-31T10:30:42.092+0000] {processor.py:183} INFO - Processing /opt/airflow/dags/1706696048.xlsx took 0.012 seconds
[2024-01-31T10:31:13.280+0000] {processor.py:161} INFO - Started process (PID=3283) to work on /opt/airflow/dags/1706696048.xlsx
[2024-01-31T10:31:13.282+0000] {processor.py:830} INFO - Processing file /opt/airflow/dags/1706696048.xlsx for tasks to queue
[2024-01-31T10:31:13.284+0000] {logging_mixin.py:188} INFO - [2024-01-31T10:31:13.284+0000] {dagbag.py:538} INFO - Filling up the DagBag from /opt/airflow/dags/1706696048.xlsx
[2024-01-31T10:31:13.285+0000] {processor.py:842} WARNING - No viable dags retrieved from /opt/airflow/dags/1706696048.xlsx
[2024-01-31T10:31:13.291+0000] {processor.py:183} INFO - Processing /opt/airflow/dags/1706696048.xlsx took 0.014 seconds
[2024-01-31T10:31:44.335+0000] {processor.py:161} INFO - Started process (PID=3344) to work on /opt/airflow/dags/1706696048.xlsx
[2024-01-31T10:31:44.336+0000] {processor.py:830} INFO - Processing file /opt/airflow/dags/1706696048.xlsx for tasks to queue
[2024-01-31T10:31:44.337+0000] {logging_mixin.py:188} INFO - [2024-01-31T10:31:44.337+0000] {dagbag.py:538} INFO - Filling up the DagBag from /opt/airflow/dags/1706696048.xlsx
[2024-01-31T10:31:44.338+0000] {processor.py:842} WARNING - No viable dags retrieved from /opt/airflow/dags/1706696048.xlsx
[2024-01-31T10:31:44.344+0000] {processor.py:183} INFO - Processing /opt/airflow/dags/1706696048.xlsx took 0.011 seconds
[2024-01-31T10:32:14.519+0000] {processor.py:161} INFO - Started process (PID=3405) to work on /opt/airflow/dags/1706696048.xlsx
[2024-01-31T10:32:14.519+0000] {processor.py:830} INFO - Processing file /opt/airflow/dags/1706696048.xlsx for tasks to queue
[2024-01-31T10:32:14.521+0000] {logging_mixin.py:188} INFO - [2024-01-31T10:32:14.520+0000] {dagbag.py:538} INFO - Filling up the DagBag from /opt/airflow/dags/1706696048.xlsx
[2024-01-31T10:32:14.522+0000] {processor.py:842} WARNING - No viable dags retrieved from /opt/airflow/dags/1706696048.xlsx
[2024-01-31T10:32:14.528+0000] {processor.py:183} INFO - Processing /opt/airflow/dags/1706696048.xlsx took 0.011 seconds
[2024-01-31T10:32:45.705+0000] {processor.py:161} INFO - Started process (PID=3466) to work on /opt/airflow/dags/1706696048.xlsx
[2024-01-31T10:32:45.706+0000] {processor.py:830} INFO - Processing file /opt/airflow/dags/1706696048.xlsx for tasks to queue
[2024-01-31T10:32:45.707+0000] {logging_mixin.py:188} INFO - [2024-01-31T10:32:45.707+0000] {dagbag.py:538} INFO - Filling up the DagBag from /opt/airflow/dags/1706696048.xlsx
[2024-01-31T10:32:45.708+0000] {processor.py:842} WARNING - No viable dags retrieved from /opt/airflow/dags/1706696048.xlsx
[2024-01-31T10:32:45.715+0000] {processor.py:183} INFO - Processing /opt/airflow/dags/1706696048.xlsx took 0.013 seconds
[2024-01-31T10:33:16.298+0000] {processor.py:161} INFO - Started process (PID=3527) to work on /opt/airflow/dags/1706696048.xlsx
[2024-01-31T10:33:16.299+0000] {processor.py:830} INFO - Processing file /opt/airflow/dags/1706696048.xlsx for tasks to queue
[2024-01-31T10:33:16.301+0000] {logging_mixin.py:188} INFO - [2024-01-31T10:33:16.300+0000] {dagbag.py:538} INFO - Filling up the DagBag from /opt/airflow/dags/1706696048.xlsx
[2024-01-31T10:33:16.302+0000] {processor.py:842} WARNING - No viable dags retrieved from /opt/airflow/dags/1706696048.xlsx
[2024-01-31T10:33:16.308+0000] {processor.py:183} INFO - Processing /opt/airflow/dags/1706696048.xlsx took 0.012 seconds
[2024-01-31T10:33:47.446+0000] {processor.py:161} INFO - Started process (PID=3588) to work on /opt/airflow/dags/1706696048.xlsx
[2024-01-31T10:33:47.448+0000] {processor.py:830} INFO - Processing file /opt/airflow/dags/1706696048.xlsx for tasks to queue
[2024-01-31T10:33:47.449+0000] {logging_mixin.py:188} INFO - [2024-01-31T10:33:47.449+0000] {dagbag.py:538} INFO - Filling up the DagBag from /opt/airflow/dags/1706696048.xlsx
[2024-01-31T10:33:47.450+0000] {processor.py:842} WARNING - No viable dags retrieved from /opt/airflow/dags/1706696048.xlsx
[2024-01-31T10:33:47.458+0000] {processor.py:183} INFO - Processing /opt/airflow/dags/1706696048.xlsx took 0.013 seconds
[2024-01-31T10:34:18.106+0000] {processor.py:161} INFO - Started process (PID=3649) to work on /opt/airflow/dags/1706696048.xlsx
[2024-01-31T10:34:18.107+0000] {processor.py:830} INFO - Processing file /opt/airflow/dags/1706696048.xlsx for tasks to queue
[2024-01-31T10:34:18.109+0000] {logging_mixin.py:188} INFO - [2024-01-31T10:34:18.109+0000] {dagbag.py:538} INFO - Filling up the DagBag from /opt/airflow/dags/1706696048.xlsx
[2024-01-31T10:34:18.110+0000] {processor.py:842} WARNING - No viable dags retrieved from /opt/airflow/dags/1706696048.xlsx
[2024-01-31T10:34:18.116+0000] {processor.py:183} INFO - Processing /opt/airflow/dags/1706696048.xlsx took 0.012 seconds
[2024-01-31T10:34:48.373+0000] {processor.py:161} INFO - Started process (PID=3710) to work on /opt/airflow/dags/1706696048.xlsx
[2024-01-31T10:34:48.374+0000] {processor.py:830} INFO - Processing file /opt/airflow/dags/1706696048.xlsx for tasks to queue
[2024-01-31T10:34:48.375+0000] {logging_mixin.py:188} INFO - [2024-01-31T10:34:48.375+0000] {dagbag.py:538} INFO - Filling up the DagBag from /opt/airflow/dags/1706696048.xlsx
[2024-01-31T10:34:48.377+0000] {processor.py:842} WARNING - No viable dags retrieved from /opt/airflow/dags/1706696048.xlsx
[2024-01-31T10:34:48.386+0000] {processor.py:183} INFO - Processing /opt/airflow/dags/1706696048.xlsx took 0.016 seconds
[2024-01-31T10:35:19.520+0000] {processor.py:161} INFO - Started process (PID=3771) to work on /opt/airflow/dags/1706696048.xlsx
[2024-01-31T10:35:19.521+0000] {processor.py:830} INFO - Processing file /opt/airflow/dags/1706696048.xlsx for tasks to queue
[2024-01-31T10:35:19.522+0000] {logging_mixin.py:188} INFO - [2024-01-31T10:35:19.522+0000] {dagbag.py:538} INFO - Filling up the DagBag from /opt/airflow/dags/1706696048.xlsx
[2024-01-31T10:35:19.523+0000] {processor.py:842} WARNING - No viable dags retrieved from /opt/airflow/dags/1706696048.xlsx
[2024-01-31T10:35:19.531+0000] {processor.py:183} INFO - Processing /opt/airflow/dags/1706696048.xlsx took 0.013 seconds
[2024-01-31T10:35:50.213+0000] {processor.py:161} INFO - Started process (PID=3832) to work on /opt/airflow/dags/1706696048.xlsx
[2024-01-31T10:35:50.214+0000] {processor.py:830} INFO - Processing file /opt/airflow/dags/1706696048.xlsx for tasks to queue
[2024-01-31T10:35:50.216+0000] {logging_mixin.py:188} INFO - [2024-01-31T10:35:50.215+0000] {dagbag.py:538} INFO - Filling up the DagBag from /opt/airflow/dags/1706696048.xlsx
[2024-01-31T10:35:50.217+0000] {processor.py:842} WARNING - No viable dags retrieved from /opt/airflow/dags/1706696048.xlsx
[2024-01-31T10:35:50.225+0000] {processor.py:183} INFO - Processing /opt/airflow/dags/1706696048.xlsx took 0.014 seconds
[2024-01-31T10:36:20.590+0000] {processor.py:161} INFO - Started process (PID=3893) to work on /opt/airflow/dags/1706696048.xlsx
[2024-01-31T10:36:20.591+0000] {processor.py:830} INFO - Processing file /opt/airflow/dags/1706696048.xlsx for tasks to queue
[2024-01-31T10:36:20.592+0000] {logging_mixin.py:188} INFO - [2024-01-31T10:36:20.592+0000] {dagbag.py:538} INFO - Filling up the DagBag from /opt/airflow/dags/1706696048.xlsx
[2024-01-31T10:36:20.593+0000] {processor.py:842} WARNING - No viable dags retrieved from /opt/airflow/dags/1706696048.xlsx
[2024-01-31T10:36:20.600+0000] {processor.py:183} INFO - Processing /opt/airflow/dags/1706696048.xlsx took 0.011 seconds
[2024-01-31T10:36:50.952+0000] {processor.py:161} INFO - Started process (PID=3954) to work on /opt/airflow/dags/1706696048.xlsx
[2024-01-31T10:36:50.953+0000] {processor.py:830} INFO - Processing file /opt/airflow/dags/1706696048.xlsx for tasks to queue
[2024-01-31T10:36:50.954+0000] {logging_mixin.py:188} INFO - [2024-01-31T10:36:50.954+0000] {dagbag.py:538} INFO - Filling up the DagBag from /opt/airflow/dags/1706696048.xlsx
[2024-01-31T10:36:50.956+0000] {processor.py:842} WARNING - No viable dags retrieved from /opt/airflow/dags/1706696048.xlsx
[2024-01-31T10:36:50.963+0000] {processor.py:183} INFO - Processing /opt/airflow/dags/1706696048.xlsx took 0.012 seconds
[2024-01-31T10:37:21.204+0000] {processor.py:161} INFO - Started process (PID=4015) to work on /opt/airflow/dags/1706696048.xlsx
[2024-01-31T10:37:21.206+0000] {processor.py:830} INFO - Processing file /opt/airflow/dags/1706696048.xlsx for tasks to queue
[2024-01-31T10:37:21.207+0000] {logging_mixin.py:188} INFO - [2024-01-31T10:37:21.207+0000] {dagbag.py:538} INFO - Filling up the DagBag from /opt/airflow/dags/1706696048.xlsx
[2024-01-31T10:37:21.208+0000] {processor.py:842} WARNING - No viable dags retrieved from /opt/airflow/dags/1706696048.xlsx
[2024-01-31T10:37:21.216+0000] {processor.py:183} INFO - Processing /opt/airflow/dags/1706696048.xlsx took 0.013 seconds
[2024-01-31T10:37:51.518+0000] {processor.py:161} INFO - Started process (PID=4076) to work on /opt/airflow/dags/1706696048.xlsx
[2024-01-31T10:37:51.519+0000] {processor.py:830} INFO - Processing file /opt/airflow/dags/1706696048.xlsx for tasks to queue
[2024-01-31T10:37:51.520+0000] {logging_mixin.py:188} INFO - [2024-01-31T10:37:51.520+0000] {dagbag.py:538} INFO - Filling up the DagBag from /opt/airflow/dags/1706696048.xlsx
[2024-01-31T10:37:51.521+0000] {processor.py:842} WARNING - No viable dags retrieved from /opt/airflow/dags/1706696048.xlsx
[2024-01-31T10:37:51.529+0000] {processor.py:183} INFO - Processing /opt/airflow/dags/1706696048.xlsx took 0.013 seconds
[2024-01-31T10:38:21.988+0000] {processor.py:161} INFO - Started process (PID=4137) to work on /opt/airflow/dags/1706696048.xlsx
[2024-01-31T10:38:21.989+0000] {processor.py:830} INFO - Processing file /opt/airflow/dags/1706696048.xlsx for tasks to queue
[2024-01-31T10:38:21.990+0000] {logging_mixin.py:188} INFO - [2024-01-31T10:38:21.990+0000] {dagbag.py:538} INFO - Filling up the DagBag from /opt/airflow/dags/1706696048.xlsx
[2024-01-31T10:38:21.991+0000] {processor.py:842} WARNING - No viable dags retrieved from /opt/airflow/dags/1706696048.xlsx
[2024-01-31T10:38:21.998+0000] {processor.py:183} INFO - Processing /opt/airflow/dags/1706696048.xlsx took 0.012 seconds
[2024-01-31T10:38:53.036+0000] {processor.py:161} INFO - Started process (PID=4198) to work on /opt/airflow/dags/1706696048.xlsx
[2024-01-31T10:38:53.038+0000] {processor.py:830} INFO - Processing file /opt/airflow/dags/1706696048.xlsx for tasks to queue
[2024-01-31T10:38:53.039+0000] {logging_mixin.py:188} INFO - [2024-01-31T10:38:53.039+0000] {dagbag.py:538} INFO - Filling up the DagBag from /opt/airflow/dags/1706696048.xlsx
[2024-01-31T10:38:53.040+0000] {processor.py:842} WARNING - No viable dags retrieved from /opt/airflow/dags/1706696048.xlsx
[2024-01-31T10:38:53.047+0000] {processor.py:183} INFO - Processing /opt/airflow/dags/1706696048.xlsx took 0.013 seconds
[2024-01-31T10:39:23.377+0000] {processor.py:161} INFO - Started process (PID=4259) to work on /opt/airflow/dags/1706696048.xlsx
[2024-01-31T10:39:23.379+0000] {processor.py:830} INFO - Processing file /opt/airflow/dags/1706696048.xlsx for tasks to queue
[2024-01-31T10:39:23.380+0000] {logging_mixin.py:188} INFO - [2024-01-31T10:39:23.380+0000] {dagbag.py:538} INFO - Filling up the DagBag from /opt/airflow/dags/1706696048.xlsx
[2024-01-31T10:39:23.381+0000] {processor.py:842} WARNING - No viable dags retrieved from /opt/airflow/dags/1706696048.xlsx
[2024-01-31T10:39:23.389+0000] {processor.py:183} INFO - Processing /opt/airflow/dags/1706696048.xlsx took 0.014 seconds
[2024-01-31T10:39:54.436+0000] {processor.py:161} INFO - Started process (PID=4326) to work on /opt/airflow/dags/1706696048.xlsx
[2024-01-31T10:39:54.437+0000] {processor.py:830} INFO - Processing file /opt/airflow/dags/1706696048.xlsx for tasks to queue
[2024-01-31T10:39:54.439+0000] {logging_mixin.py:188} INFO - [2024-01-31T10:39:54.438+0000] {dagbag.py:538} INFO - Filling up the DagBag from /opt/airflow/dags/1706696048.xlsx
[2024-01-31T10:39:54.440+0000] {processor.py:842} WARNING - No viable dags retrieved from /opt/airflow/dags/1706696048.xlsx
[2024-01-31T10:39:54.447+0000] {processor.py:183} INFO - Processing /opt/airflow/dags/1706696048.xlsx took 0.013 seconds
[2024-01-31T10:40:25.483+0000] {processor.py:161} INFO - Started process (PID=4387) to work on /opt/airflow/dags/1706696048.xlsx
[2024-01-31T10:40:25.484+0000] {processor.py:830} INFO - Processing file /opt/airflow/dags/1706696048.xlsx for tasks to queue
[2024-01-31T10:40:25.485+0000] {logging_mixin.py:188} INFO - [2024-01-31T10:40:25.485+0000] {dagbag.py:538} INFO - Filling up the DagBag from /opt/airflow/dags/1706696048.xlsx
[2024-01-31T10:40:25.486+0000] {processor.py:842} WARNING - No viable dags retrieved from /opt/airflow/dags/1706696048.xlsx
[2024-01-31T10:40:25.493+0000] {processor.py:183} INFO - Processing /opt/airflow/dags/1706696048.xlsx took 0.012 seconds
[2024-01-31T10:40:56.542+0000] {processor.py:161} INFO - Started process (PID=4448) to work on /opt/airflow/dags/1706696048.xlsx
[2024-01-31T10:40:56.544+0000] {processor.py:830} INFO - Processing file /opt/airflow/dags/1706696048.xlsx for tasks to queue
[2024-01-31T10:40:56.545+0000] {logging_mixin.py:188} INFO - [2024-01-31T10:40:56.545+0000] {dagbag.py:538} INFO - Filling up the DagBag from /opt/airflow/dags/1706696048.xlsx
[2024-01-31T10:40:56.546+0000] {processor.py:842} WARNING - No viable dags retrieved from /opt/airflow/dags/1706696048.xlsx
[2024-01-31T10:40:56.554+0000] {processor.py:183} INFO - Processing /opt/airflow/dags/1706696048.xlsx took 0.015 seconds
[2024-01-31T10:41:26.768+0000] {processor.py:161} INFO - Started process (PID=4509) to work on /opt/airflow/dags/1706696048.xlsx
[2024-01-31T10:41:26.769+0000] {processor.py:830} INFO - Processing file /opt/airflow/dags/1706696048.xlsx for tasks to queue
[2024-01-31T10:41:26.771+0000] {logging_mixin.py:188} INFO - [2024-01-31T10:41:26.771+0000] {dagbag.py:538} INFO - Filling up the DagBag from /opt/airflow/dags/1706696048.xlsx
[2024-01-31T10:41:26.773+0000] {processor.py:842} WARNING - No viable dags retrieved from /opt/airflow/dags/1706696048.xlsx
[2024-01-31T10:41:26.784+0000] {processor.py:183} INFO - Processing /opt/airflow/dags/1706696048.xlsx took 0.018 seconds
[2024-01-31T10:41:57.047+0000] {processor.py:161} INFO - Started process (PID=4570) to work on /opt/airflow/dags/1706696048.xlsx
[2024-01-31T10:41:57.049+0000] {processor.py:830} INFO - Processing file /opt/airflow/dags/1706696048.xlsx for tasks to queue
[2024-01-31T10:41:57.051+0000] {logging_mixin.py:188} INFO - [2024-01-31T10:41:57.050+0000] {dagbag.py:538} INFO - Filling up the DagBag from /opt/airflow/dags/1706696048.xlsx
[2024-01-31T10:41:57.052+0000] {processor.py:842} WARNING - No viable dags retrieved from /opt/airflow/dags/1706696048.xlsx
[2024-01-31T10:41:57.070+0000] {processor.py:183} INFO - Processing /opt/airflow/dags/1706696048.xlsx took 0.025 seconds
[2024-01-31T10:42:28.011+0000] {processor.py:161} INFO - Started process (PID=4631) to work on /opt/airflow/dags/1706696048.xlsx
[2024-01-31T10:42:28.012+0000] {processor.py:830} INFO - Processing file /opt/airflow/dags/1706696048.xlsx for tasks to queue
[2024-01-31T10:42:28.013+0000] {logging_mixin.py:188} INFO - [2024-01-31T10:42:28.013+0000] {dagbag.py:538} INFO - Filling up the DagBag from /opt/airflow/dags/1706696048.xlsx
[2024-01-31T10:42:28.014+0000] {processor.py:842} WARNING - No viable dags retrieved from /opt/airflow/dags/1706696048.xlsx
[2024-01-31T10:42:28.021+0000] {processor.py:183} INFO - Processing /opt/airflow/dags/1706696048.xlsx took 0.012 seconds
[2024-01-31T10:42:58.855+0000] {processor.py:161} INFO - Started process (PID=4692) to work on /opt/airflow/dags/1706696048.xlsx
[2024-01-31T10:42:58.857+0000] {processor.py:830} INFO - Processing file /opt/airflow/dags/1706696048.xlsx for tasks to queue
[2024-01-31T10:42:58.858+0000] {logging_mixin.py:188} INFO - [2024-01-31T10:42:58.858+0000] {dagbag.py:538} INFO - Filling up the DagBag from /opt/airflow/dags/1706696048.xlsx
[2024-01-31T10:42:58.860+0000] {processor.py:842} WARNING - No viable dags retrieved from /opt/airflow/dags/1706696048.xlsx
[2024-01-31T10:42:58.868+0000] {processor.py:183} INFO - Processing /opt/airflow/dags/1706696048.xlsx took 0.014 seconds
[2024-01-31T10:43:29.066+0000] {processor.py:161} INFO - Started process (PID=4753) to work on /opt/airflow/dags/1706696048.xlsx
[2024-01-31T10:43:29.067+0000] {processor.py:830} INFO - Processing file /opt/airflow/dags/1706696048.xlsx for tasks to queue
[2024-01-31T10:43:29.068+0000] {logging_mixin.py:188} INFO - [2024-01-31T10:43:29.068+0000] {dagbag.py:538} INFO - Filling up the DagBag from /opt/airflow/dags/1706696048.xlsx
[2024-01-31T10:43:29.073+0000] {processor.py:842} WARNING - No viable dags retrieved from /opt/airflow/dags/1706696048.xlsx
[2024-01-31T10:43:29.080+0000] {processor.py:183} INFO - Processing /opt/airflow/dags/1706696048.xlsx took 0.016 seconds
[2024-01-31T10:43:59.548+0000] {processor.py:161} INFO - Started process (PID=4814) to work on /opt/airflow/dags/1706696048.xlsx
[2024-01-31T10:43:59.549+0000] {processor.py:830} INFO - Processing file /opt/airflow/dags/1706696048.xlsx for tasks to queue
[2024-01-31T10:43:59.551+0000] {logging_mixin.py:188} INFO - [2024-01-31T10:43:59.551+0000] {dagbag.py:538} INFO - Filling up the DagBag from /opt/airflow/dags/1706696048.xlsx
[2024-01-31T10:43:59.553+0000] {processor.py:842} WARNING - No viable dags retrieved from /opt/airflow/dags/1706696048.xlsx
[2024-01-31T10:43:59.559+0000] {processor.py:183} INFO - Processing /opt/airflow/dags/1706696048.xlsx took 0.014 seconds
[2024-01-31T10:44:30.000+0000] {processor.py:161} INFO - Started process (PID=4875) to work on /opt/airflow/dags/1706696048.xlsx
[2024-01-31T10:44:30.001+0000] {processor.py:830} INFO - Processing file /opt/airflow/dags/1706696048.xlsx for tasks to queue
[2024-01-31T10:44:30.003+0000] {logging_mixin.py:188} INFO - [2024-01-31T10:44:30.003+0000] {dagbag.py:538} INFO - Filling up the DagBag from /opt/airflow/dags/1706696048.xlsx
[2024-01-31T10:44:30.004+0000] {processor.py:842} WARNING - No viable dags retrieved from /opt/airflow/dags/1706696048.xlsx
[2024-01-31T10:44:30.011+0000] {processor.py:183} INFO - Processing /opt/airflow/dags/1706696048.xlsx took 0.013 seconds
[2024-01-31T10:45:01.144+0000] {processor.py:161} INFO - Started process (PID=4936) to work on /opt/airflow/dags/1706696048.xlsx
[2024-01-31T10:45:01.146+0000] {processor.py:830} INFO - Processing file /opt/airflow/dags/1706696048.xlsx for tasks to queue
[2024-01-31T10:45:01.148+0000] {logging_mixin.py:188} INFO - [2024-01-31T10:45:01.148+0000] {dagbag.py:538} INFO - Filling up the DagBag from /opt/airflow/dags/1706696048.xlsx
[2024-01-31T10:45:01.150+0000] {processor.py:842} WARNING - No viable dags retrieved from /opt/airflow/dags/1706696048.xlsx
[2024-01-31T10:45:01.166+0000] {processor.py:183} INFO - Processing /opt/airflow/dags/1706696048.xlsx took 0.024 seconds
[2024-01-31T10:45:32.210+0000] {processor.py:161} INFO - Started process (PID=4997) to work on /opt/airflow/dags/1706696048.xlsx
[2024-01-31T10:45:32.211+0000] {processor.py:830} INFO - Processing file /opt/airflow/dags/1706696048.xlsx for tasks to queue
[2024-01-31T10:45:32.212+0000] {logging_mixin.py:188} INFO - [2024-01-31T10:45:32.212+0000] {dagbag.py:538} INFO - Filling up the DagBag from /opt/airflow/dags/1706696048.xlsx
[2024-01-31T10:45:32.214+0000] {processor.py:842} WARNING - No viable dags retrieved from /opt/airflow/dags/1706696048.xlsx
[2024-01-31T10:45:32.220+0000] {processor.py:183} INFO - Processing /opt/airflow/dags/1706696048.xlsx took 0.012 seconds
[2024-01-31T10:46:03.278+0000] {processor.py:161} INFO - Started process (PID=5058) to work on /opt/airflow/dags/1706696048.xlsx
[2024-01-31T10:46:03.280+0000] {processor.py:830} INFO - Processing file /opt/airflow/dags/1706696048.xlsx for tasks to queue
[2024-01-31T10:46:03.281+0000] {logging_mixin.py:188} INFO - [2024-01-31T10:46:03.281+0000] {dagbag.py:538} INFO - Filling up the DagBag from /opt/airflow/dags/1706696048.xlsx
[2024-01-31T10:46:03.283+0000] {processor.py:842} WARNING - No viable dags retrieved from /opt/airflow/dags/1706696048.xlsx
[2024-01-31T10:46:03.290+0000] {processor.py:183} INFO - Processing /opt/airflow/dags/1706696048.xlsx took 0.013 seconds
[2024-01-31T10:46:34.374+0000] {processor.py:161} INFO - Started process (PID=5119) to work on /opt/airflow/dags/1706696048.xlsx
[2024-01-31T10:46:34.375+0000] {processor.py:830} INFO - Processing file /opt/airflow/dags/1706696048.xlsx for tasks to queue
[2024-01-31T10:46:34.377+0000] {logging_mixin.py:188} INFO - [2024-01-31T10:46:34.376+0000] {dagbag.py:538} INFO - Filling up the DagBag from /opt/airflow/dags/1706696048.xlsx
[2024-01-31T10:46:34.378+0000] {processor.py:842} WARNING - No viable dags retrieved from /opt/airflow/dags/1706696048.xlsx
[2024-01-31T10:46:34.386+0000] {processor.py:183} INFO - Processing /opt/airflow/dags/1706696048.xlsx took 0.014 seconds
[2024-01-31T10:47:05.534+0000] {processor.py:161} INFO - Started process (PID=5180) to work on /opt/airflow/dags/1706696048.xlsx
[2024-01-31T10:47:05.534+0000] {processor.py:830} INFO - Processing file /opt/airflow/dags/1706696048.xlsx for tasks to queue
[2024-01-31T10:47:05.536+0000] {logging_mixin.py:188} INFO - [2024-01-31T10:47:05.535+0000] {dagbag.py:538} INFO - Filling up the DagBag from /opt/airflow/dags/1706696048.xlsx
[2024-01-31T10:47:05.537+0000] {processor.py:842} WARNING - No viable dags retrieved from /opt/airflow/dags/1706696048.xlsx
[2024-01-31T10:47:05.544+0000] {processor.py:183} INFO - Processing /opt/airflow/dags/1706696048.xlsx took 0.012 seconds
[2024-01-31T10:47:36.548+0000] {processor.py:161} INFO - Started process (PID=5241) to work on /opt/airflow/dags/1706696048.xlsx
[2024-01-31T10:47:36.549+0000] {processor.py:830} INFO - Processing file /opt/airflow/dags/1706696048.xlsx for tasks to queue
[2024-01-31T10:47:36.550+0000] {logging_mixin.py:188} INFO - [2024-01-31T10:47:36.550+0000] {dagbag.py:538} INFO - Filling up the DagBag from /opt/airflow/dags/1706696048.xlsx
[2024-01-31T10:47:36.552+0000] {processor.py:842} WARNING - No viable dags retrieved from /opt/airflow/dags/1706696048.xlsx
[2024-01-31T10:47:36.559+0000] {processor.py:183} INFO - Processing /opt/airflow/dags/1706696048.xlsx took 0.014 seconds
[2024-01-31T10:48:07.593+0000] {processor.py:161} INFO - Started process (PID=5302) to work on /opt/airflow/dags/1706696048.xlsx
[2024-01-31T10:48:07.594+0000] {processor.py:830} INFO - Processing file /opt/airflow/dags/1706696048.xlsx for tasks to queue
[2024-01-31T10:48:07.596+0000] {logging_mixin.py:188} INFO - [2024-01-31T10:48:07.596+0000] {dagbag.py:538} INFO - Filling up the DagBag from /opt/airflow/dags/1706696048.xlsx
[2024-01-31T10:48:07.597+0000] {processor.py:842} WARNING - No viable dags retrieved from /opt/airflow/dags/1706696048.xlsx
[2024-01-31T10:48:07.605+0000] {processor.py:183} INFO - Processing /opt/airflow/dags/1706696048.xlsx took 0.015 seconds
[2024-01-31T10:48:38.690+0000] {processor.py:161} INFO - Started process (PID=5363) to work on /opt/airflow/dags/1706696048.xlsx
[2024-01-31T10:48:38.691+0000] {processor.py:830} INFO - Processing file /opt/airflow/dags/1706696048.xlsx for tasks to queue
[2024-01-31T10:48:38.692+0000] {logging_mixin.py:188} INFO - [2024-01-31T10:48:38.692+0000] {dagbag.py:538} INFO - Filling up the DagBag from /opt/airflow/dags/1706696048.xlsx
[2024-01-31T10:48:38.694+0000] {processor.py:842} WARNING - No viable dags retrieved from /opt/airflow/dags/1706696048.xlsx
[2024-01-31T10:48:38.702+0000] {processor.py:183} INFO - Processing /opt/airflow/dags/1706696048.xlsx took 0.013 seconds
[2024-01-31T10:49:09.322+0000] {processor.py:161} INFO - Started process (PID=5424) to work on /opt/airflow/dags/1706696048.xlsx
[2024-01-31T10:49:09.323+0000] {processor.py:830} INFO - Processing file /opt/airflow/dags/1706696048.xlsx for tasks to queue
[2024-01-31T10:49:09.324+0000] {logging_mixin.py:188} INFO - [2024-01-31T10:49:09.324+0000] {dagbag.py:538} INFO - Filling up the DagBag from /opt/airflow/dags/1706696048.xlsx
[2024-01-31T10:49:09.326+0000] {processor.py:842} WARNING - No viable dags retrieved from /opt/airflow/dags/1706696048.xlsx
[2024-01-31T10:49:09.336+0000] {processor.py:183} INFO - Processing /opt/airflow/dags/1706696048.xlsx took 0.017 seconds
[2024-01-31T10:49:40.463+0000] {processor.py:161} INFO - Started process (PID=5485) to work on /opt/airflow/dags/1706696048.xlsx
[2024-01-31T10:49:40.465+0000] {processor.py:830} INFO - Processing file /opt/airflow/dags/1706696048.xlsx for tasks to queue
[2024-01-31T10:49:40.466+0000] {logging_mixin.py:188} INFO - [2024-01-31T10:49:40.466+0000] {dagbag.py:538} INFO - Filling up the DagBag from /opt/airflow/dags/1706696048.xlsx
[2024-01-31T10:49:40.468+0000] {processor.py:842} WARNING - No viable dags retrieved from /opt/airflow/dags/1706696048.xlsx
[2024-01-31T10:49:40.475+0000] {processor.py:183} INFO - Processing /opt/airflow/dags/1706696048.xlsx took 0.014 seconds
[2024-01-31T10:50:11.504+0000] {processor.py:161} INFO - Started process (PID=5546) to work on /opt/airflow/dags/1706696048.xlsx
[2024-01-31T10:50:11.505+0000] {processor.py:830} INFO - Processing file /opt/airflow/dags/1706696048.xlsx for tasks to queue
[2024-01-31T10:50:11.506+0000] {logging_mixin.py:188} INFO - [2024-01-31T10:50:11.506+0000] {dagbag.py:538} INFO - Filling up the DagBag from /opt/airflow/dags/1706696048.xlsx
[2024-01-31T10:50:11.507+0000] {processor.py:842} WARNING - No viable dags retrieved from /opt/airflow/dags/1706696048.xlsx
[2024-01-31T10:50:11.517+0000] {processor.py:183} INFO - Processing /opt/airflow/dags/1706696048.xlsx took 0.015 seconds
[2024-01-31T10:50:42.481+0000] {processor.py:161} INFO - Started process (PID=5607) to work on /opt/airflow/dags/1706696048.xlsx
[2024-01-31T10:50:42.482+0000] {processor.py:830} INFO - Processing file /opt/airflow/dags/1706696048.xlsx for tasks to queue
[2024-01-31T10:50:42.484+0000] {logging_mixin.py:188} INFO - [2024-01-31T10:50:42.484+0000] {dagbag.py:538} INFO - Filling up the DagBag from /opt/airflow/dags/1706696048.xlsx
[2024-01-31T10:50:42.486+0000] {processor.py:842} WARNING - No viable dags retrieved from /opt/airflow/dags/1706696048.xlsx
[2024-01-31T10:50:42.501+0000] {processor.py:183} INFO - Processing /opt/airflow/dags/1706696048.xlsx took 0.022 seconds
[2024-01-31T10:51:13.562+0000] {processor.py:161} INFO - Started process (PID=5668) to work on /opt/airflow/dags/1706696048.xlsx
[2024-01-31T10:51:13.563+0000] {processor.py:830} INFO - Processing file /opt/airflow/dags/1706696048.xlsx for tasks to queue
[2024-01-31T10:51:13.565+0000] {logging_mixin.py:188} INFO - [2024-01-31T10:51:13.564+0000] {dagbag.py:538} INFO - Filling up the DagBag from /opt/airflow/dags/1706696048.xlsx
[2024-01-31T10:51:13.567+0000] {processor.py:842} WARNING - No viable dags retrieved from /opt/airflow/dags/1706696048.xlsx
[2024-01-31T10:51:13.579+0000] {processor.py:183} INFO - Processing /opt/airflow/dags/1706696048.xlsx took 0.019 seconds
[2024-01-31T10:51:44.516+0000] {processor.py:161} INFO - Started process (PID=5729) to work on /opt/airflow/dags/1706696048.xlsx
[2024-01-31T10:51:44.517+0000] {processor.py:830} INFO - Processing file /opt/airflow/dags/1706696048.xlsx for tasks to queue
[2024-01-31T10:51:44.518+0000] {logging_mixin.py:188} INFO - [2024-01-31T10:51:44.518+0000] {dagbag.py:538} INFO - Filling up the DagBag from /opt/airflow/dags/1706696048.xlsx
[2024-01-31T10:51:44.520+0000] {processor.py:842} WARNING - No viable dags retrieved from /opt/airflow/dags/1706696048.xlsx
[2024-01-31T10:51:44.530+0000] {processor.py:183} INFO - Processing /opt/airflow/dags/1706696048.xlsx took 0.016 seconds
[2024-01-31T10:52:15.550+0000] {processor.py:161} INFO - Started process (PID=5790) to work on /opt/airflow/dags/1706696048.xlsx
[2024-01-31T10:52:15.551+0000] {processor.py:830} INFO - Processing file /opt/airflow/dags/1706696048.xlsx for tasks to queue
[2024-01-31T10:52:15.553+0000] {logging_mixin.py:188} INFO - [2024-01-31T10:52:15.552+0000] {dagbag.py:538} INFO - Filling up the DagBag from /opt/airflow/dags/1706696048.xlsx
[2024-01-31T10:52:15.554+0000] {processor.py:842} WARNING - No viable dags retrieved from /opt/airflow/dags/1706696048.xlsx
[2024-01-31T10:52:15.564+0000] {processor.py:183} INFO - Processing /opt/airflow/dags/1706696048.xlsx took 0.016 seconds
[2024-01-31T10:52:45.954+0000] {processor.py:161} INFO - Started process (PID=5851) to work on /opt/airflow/dags/1706696048.xlsx
[2024-01-31T10:52:45.954+0000] {processor.py:830} INFO - Processing file /opt/airflow/dags/1706696048.xlsx for tasks to queue
[2024-01-31T10:52:45.956+0000] {logging_mixin.py:188} INFO - [2024-01-31T10:52:45.955+0000] {dagbag.py:538} INFO - Filling up the DagBag from /opt/airflow/dags/1706696048.xlsx
[2024-01-31T10:52:45.957+0000] {processor.py:842} WARNING - No viable dags retrieved from /opt/airflow/dags/1706696048.xlsx
[2024-01-31T10:52:45.964+0000] {processor.py:183} INFO - Processing /opt/airflow/dags/1706696048.xlsx took 0.012 seconds
[2024-01-31T10:53:17.033+0000] {processor.py:161} INFO - Started process (PID=5912) to work on /opt/airflow/dags/1706696048.xlsx
[2024-01-31T10:53:17.034+0000] {processor.py:830} INFO - Processing file /opt/airflow/dags/1706696048.xlsx for tasks to queue
[2024-01-31T10:53:17.036+0000] {logging_mixin.py:188} INFO - [2024-01-31T10:53:17.035+0000] {dagbag.py:538} INFO - Filling up the DagBag from /opt/airflow/dags/1706696048.xlsx
[2024-01-31T10:53:17.037+0000] {processor.py:842} WARNING - No viable dags retrieved from /opt/airflow/dags/1706696048.xlsx
[2024-01-31T10:53:17.044+0000] {processor.py:183} INFO - Processing /opt/airflow/dags/1706696048.xlsx took 0.012 seconds
[2024-01-31T10:53:47.255+0000] {processor.py:161} INFO - Started process (PID=5973) to work on /opt/airflow/dags/1706696048.xlsx
[2024-01-31T10:53:47.256+0000] {processor.py:830} INFO - Processing file /opt/airflow/dags/1706696048.xlsx for tasks to queue
[2024-01-31T10:53:47.257+0000] {logging_mixin.py:188} INFO - [2024-01-31T10:53:47.257+0000] {dagbag.py:538} INFO - Filling up the DagBag from /opt/airflow/dags/1706696048.xlsx
[2024-01-31T10:53:47.258+0000] {processor.py:842} WARNING - No viable dags retrieved from /opt/airflow/dags/1706696048.xlsx
[2024-01-31T10:53:47.264+0000] {processor.py:183} INFO - Processing /opt/airflow/dags/1706696048.xlsx took 0.011 seconds
[2024-01-31T10:54:17.777+0000] {processor.py:161} INFO - Started process (PID=6034) to work on /opt/airflow/dags/1706696048.xlsx
[2024-01-31T10:54:17.778+0000] {processor.py:830} INFO - Processing file /opt/airflow/dags/1706696048.xlsx for tasks to queue
[2024-01-31T10:54:17.779+0000] {logging_mixin.py:188} INFO - [2024-01-31T10:54:17.779+0000] {dagbag.py:538} INFO - Filling up the DagBag from /opt/airflow/dags/1706696048.xlsx
[2024-01-31T10:54:17.781+0000] {processor.py:842} WARNING - No viable dags retrieved from /opt/airflow/dags/1706696048.xlsx
[2024-01-31T10:54:17.788+0000] {processor.py:183} INFO - Processing /opt/airflow/dags/1706696048.xlsx took 0.013 seconds
[2024-01-31T10:54:48.895+0000] {processor.py:161} INFO - Started process (PID=6095) to work on /opt/airflow/dags/1706696048.xlsx
[2024-01-31T10:54:48.896+0000] {processor.py:830} INFO - Processing file /opt/airflow/dags/1706696048.xlsx for tasks to queue
[2024-01-31T10:54:48.898+0000] {logging_mixin.py:188} INFO - [2024-01-31T10:54:48.897+0000] {dagbag.py:538} INFO - Filling up the DagBag from /opt/airflow/dags/1706696048.xlsx
[2024-01-31T10:54:48.899+0000] {processor.py:842} WARNING - No viable dags retrieved from /opt/airflow/dags/1706696048.xlsx
[2024-01-31T10:54:48.906+0000] {processor.py:183} INFO - Processing /opt/airflow/dags/1706696048.xlsx took 0.013 seconds
[2024-01-31T10:55:19.188+0000] {processor.py:161} INFO - Started process (PID=6156) to work on /opt/airflow/dags/1706696048.xlsx
[2024-01-31T10:55:19.189+0000] {processor.py:830} INFO - Processing file /opt/airflow/dags/1706696048.xlsx for tasks to queue
[2024-01-31T10:55:19.190+0000] {logging_mixin.py:188} INFO - [2024-01-31T10:55:19.190+0000] {dagbag.py:538} INFO - Filling up the DagBag from /opt/airflow/dags/1706696048.xlsx
[2024-01-31T10:55:19.192+0000] {processor.py:842} WARNING - No viable dags retrieved from /opt/airflow/dags/1706696048.xlsx
[2024-01-31T10:55:19.202+0000] {processor.py:183} INFO - Processing /opt/airflow/dags/1706696048.xlsx took 0.016 seconds
[2024-01-31T10:55:49.886+0000] {processor.py:161} INFO - Started process (PID=6217) to work on /opt/airflow/dags/1706696048.xlsx
[2024-01-31T10:55:49.887+0000] {processor.py:830} INFO - Processing file /opt/airflow/dags/1706696048.xlsx for tasks to queue
[2024-01-31T10:55:49.889+0000] {logging_mixin.py:188} INFO - [2024-01-31T10:55:49.888+0000] {dagbag.py:538} INFO - Filling up the DagBag from /opt/airflow/dags/1706696048.xlsx
[2024-01-31T10:55:49.890+0000] {processor.py:842} WARNING - No viable dags retrieved from /opt/airflow/dags/1706696048.xlsx
[2024-01-31T10:55:49.900+0000] {processor.py:183} INFO - Processing /opt/airflow/dags/1706696048.xlsx took 0.015 seconds
[2024-01-31T10:56:20.410+0000] {processor.py:161} INFO - Started process (PID=6278) to work on /opt/airflow/dags/1706696048.xlsx
[2024-01-31T10:56:20.411+0000] {processor.py:830} INFO - Processing file /opt/airflow/dags/1706696048.xlsx for tasks to queue
[2024-01-31T10:56:20.413+0000] {logging_mixin.py:188} INFO - [2024-01-31T10:56:20.412+0000] {dagbag.py:538} INFO - Filling up the DagBag from /opt/airflow/dags/1706696048.xlsx
[2024-01-31T10:56:20.414+0000] {processor.py:842} WARNING - No viable dags retrieved from /opt/airflow/dags/1706696048.xlsx
[2024-01-31T10:56:20.422+0000] {processor.py:183} INFO - Processing /opt/airflow/dags/1706696048.xlsx took 0.014 seconds
[2024-01-31T10:56:50.660+0000] {processor.py:161} INFO - Started process (PID=6339) to work on /opt/airflow/dags/1706696048.xlsx
[2024-01-31T10:56:50.660+0000] {processor.py:830} INFO - Processing file /opt/airflow/dags/1706696048.xlsx for tasks to queue
[2024-01-31T10:56:50.662+0000] {logging_mixin.py:188} INFO - [2024-01-31T10:56:50.662+0000] {dagbag.py:538} INFO - Filling up the DagBag from /opt/airflow/dags/1706696048.xlsx
[2024-01-31T10:56:50.663+0000] {processor.py:842} WARNING - No viable dags retrieved from /opt/airflow/dags/1706696048.xlsx
[2024-01-31T10:56:50.670+0000] {processor.py:183} INFO - Processing /opt/airflow/dags/1706696048.xlsx took 0.012 seconds
[2024-01-31T10:57:21.335+0000] {processor.py:161} INFO - Started process (PID=6400) to work on /opt/airflow/dags/1706696048.xlsx
[2024-01-31T10:57:21.336+0000] {processor.py:830} INFO - Processing file /opt/airflow/dags/1706696048.xlsx for tasks to queue
[2024-01-31T10:57:21.338+0000] {logging_mixin.py:188} INFO - [2024-01-31T10:57:21.338+0000] {dagbag.py:538} INFO - Filling up the DagBag from /opt/airflow/dags/1706696048.xlsx
[2024-01-31T10:57:21.339+0000] {processor.py:842} WARNING - No viable dags retrieved from /opt/airflow/dags/1706696048.xlsx
[2024-01-31T10:57:21.346+0000] {processor.py:183} INFO - Processing /opt/airflow/dags/1706696048.xlsx took 0.013 seconds
[2024-01-31T10:57:52.382+0000] {processor.py:161} INFO - Started process (PID=6461) to work on /opt/airflow/dags/1706696048.xlsx
[2024-01-31T10:57:52.383+0000] {processor.py:830} INFO - Processing file /opt/airflow/dags/1706696048.xlsx for tasks to queue
[2024-01-31T10:57:52.385+0000] {logging_mixin.py:188} INFO - [2024-01-31T10:57:52.384+0000] {dagbag.py:538} INFO - Filling up the DagBag from /opt/airflow/dags/1706696048.xlsx
[2024-01-31T10:57:52.387+0000] {processor.py:842} WARNING - No viable dags retrieved from /opt/airflow/dags/1706696048.xlsx
[2024-01-31T10:57:52.394+0000] {processor.py:183} INFO - Processing /opt/airflow/dags/1706696048.xlsx took 0.015 seconds
[2024-01-31T10:58:23.548+0000] {processor.py:161} INFO - Started process (PID=6522) to work on /opt/airflow/dags/1706696048.xlsx
[2024-01-31T10:58:23.549+0000] {processor.py:830} INFO - Processing file /opt/airflow/dags/1706696048.xlsx for tasks to queue
[2024-01-31T10:58:23.551+0000] {logging_mixin.py:188} INFO - [2024-01-31T10:58:23.550+0000] {dagbag.py:538} INFO - Filling up the DagBag from /opt/airflow/dags/1706696048.xlsx
[2024-01-31T10:58:23.552+0000] {processor.py:842} WARNING - No viable dags retrieved from /opt/airflow/dags/1706696048.xlsx
[2024-01-31T10:58:23.560+0000] {processor.py:183} INFO - Processing /opt/airflow/dags/1706696048.xlsx took 0.014 seconds
[2024-01-31T10:58:54.388+0000] {processor.py:161} INFO - Started process (PID=6583) to work on /opt/airflow/dags/1706696048.xlsx
[2024-01-31T10:58:54.388+0000] {processor.py:830} INFO - Processing file /opt/airflow/dags/1706696048.xlsx for tasks to queue
[2024-01-31T10:58:54.390+0000] {logging_mixin.py:188} INFO - [2024-01-31T10:58:54.389+0000] {dagbag.py:538} INFO - Filling up the DagBag from /opt/airflow/dags/1706696048.xlsx
[2024-01-31T10:58:54.391+0000] {processor.py:842} WARNING - No viable dags retrieved from /opt/airflow/dags/1706696048.xlsx
[2024-01-31T10:58:54.398+0000] {processor.py:183} INFO - Processing /opt/airflow/dags/1706696048.xlsx took 0.012 seconds
[2024-01-31T10:59:25.422+0000] {processor.py:161} INFO - Started process (PID=6644) to work on /opt/airflow/dags/1706696048.xlsx
[2024-01-31T10:59:25.423+0000] {processor.py:830} INFO - Processing file /opt/airflow/dags/1706696048.xlsx for tasks to queue
[2024-01-31T10:59:25.425+0000] {logging_mixin.py:188} INFO - [2024-01-31T10:59:25.424+0000] {dagbag.py:538} INFO - Filling up the DagBag from /opt/airflow/dags/1706696048.xlsx
[2024-01-31T10:59:25.426+0000] {processor.py:842} WARNING - No viable dags retrieved from /opt/airflow/dags/1706696048.xlsx
[2024-01-31T10:59:25.434+0000] {processor.py:183} INFO - Processing /opt/airflow/dags/1706696048.xlsx took 0.015 seconds
[2024-01-31T10:59:56.612+0000] {processor.py:161} INFO - Started process (PID=6705) to work on /opt/airflow/dags/1706696048.xlsx
[2024-01-31T10:59:56.612+0000] {processor.py:830} INFO - Processing file /opt/airflow/dags/1706696048.xlsx for tasks to queue
[2024-01-31T10:59:56.614+0000] {logging_mixin.py:188} INFO - [2024-01-31T10:59:56.613+0000] {dagbag.py:538} INFO - Filling up the DagBag from /opt/airflow/dags/1706696048.xlsx
[2024-01-31T10:59:56.615+0000] {processor.py:842} WARNING - No viable dags retrieved from /opt/airflow/dags/1706696048.xlsx
[2024-01-31T10:59:56.622+0000] {processor.py:183} INFO - Processing /opt/airflow/dags/1706696048.xlsx took 0.012 seconds
[2024-01-31T11:00:26.900+0000] {processor.py:161} INFO - Started process (PID=6766) to work on /opt/airflow/dags/1706696048.xlsx
[2024-01-31T11:00:26.900+0000] {processor.py:830} INFO - Processing file /opt/airflow/dags/1706696048.xlsx for tasks to queue
[2024-01-31T11:00:26.901+0000] {logging_mixin.py:188} INFO - [2024-01-31T11:00:26.901+0000] {dagbag.py:538} INFO - Filling up the DagBag from /opt/airflow/dags/1706696048.xlsx
[2024-01-31T11:00:26.903+0000] {processor.py:842} WARNING - No viable dags retrieved from /opt/airflow/dags/1706696048.xlsx
[2024-01-31T11:00:26.909+0000] {processor.py:183} INFO - Processing /opt/airflow/dags/1706696048.xlsx took 0.012 seconds
[2024-01-31T11:00:57.240+0000] {processor.py:161} INFO - Started process (PID=6827) to work on /opt/airflow/dags/1706696048.xlsx
[2024-01-31T11:00:57.240+0000] {processor.py:830} INFO - Processing file /opt/airflow/dags/1706696048.xlsx for tasks to queue
[2024-01-31T11:00:57.241+0000] {logging_mixin.py:188} INFO - [2024-01-31T11:00:57.241+0000] {dagbag.py:538} INFO - Filling up the DagBag from /opt/airflow/dags/1706696048.xlsx
[2024-01-31T11:00:57.243+0000] {processor.py:842} WARNING - No viable dags retrieved from /opt/airflow/dags/1706696048.xlsx
[2024-01-31T11:00:57.251+0000] {processor.py:183} INFO - Processing /opt/airflow/dags/1706696048.xlsx took 0.014 seconds
