[2024-01-31T10:18:53.984+0000] {processor.py:161} INFO - Started process (PID=1790) to work on /opt/airflow/dags/1706572800.xlsx
[2024-01-31T10:18:53.985+0000] {processor.py:830} INFO - Processing file /opt/airflow/dags/1706572800.xlsx for tasks to queue
[2024-01-31T10:18:53.986+0000] {logging_mixin.py:188} INFO - [2024-01-31T10:18:53.986+0000] {dagbag.py:538} INFO - Filling up the DagBag from /opt/airflow/dags/1706572800.xlsx
[2024-01-31T10:18:53.987+0000] {processor.py:842} WARNING - No viable dags retrieved from /opt/airflow/dags/1706572800.xlsx
[2024-01-31T10:18:53.993+0000] {processor.py:183} INFO - Processing /opt/airflow/dags/1706572800.xlsx took 0.011 seconds
[2024-01-31T10:19:25.146+0000] {processor.py:161} INFO - Started process (PID=1855) to work on /opt/airflow/dags/1706572800.xlsx
[2024-01-31T10:19:25.147+0000] {processor.py:830} INFO - Processing file /opt/airflow/dags/1706572800.xlsx for tasks to queue
[2024-01-31T10:19:25.148+0000] {logging_mixin.py:188} INFO - [2024-01-31T10:19:25.148+0000] {dagbag.py:538} INFO - Filling up the DagBag from /opt/airflow/dags/1706572800.xlsx
[2024-01-31T10:19:25.149+0000] {processor.py:842} WARNING - No viable dags retrieved from /opt/airflow/dags/1706572800.xlsx
[2024-01-31T10:19:25.156+0000] {processor.py:183} INFO - Processing /opt/airflow/dags/1706572800.xlsx took 0.012 seconds
[2024-01-31T10:19:56.295+0000] {processor.py:161} INFO - Started process (PID=1916) to work on /opt/airflow/dags/1706572800.xlsx
[2024-01-31T10:19:56.296+0000] {processor.py:830} INFO - Processing file /opt/airflow/dags/1706572800.xlsx for tasks to queue
[2024-01-31T10:19:56.297+0000] {logging_mixin.py:188} INFO - [2024-01-31T10:19:56.297+0000] {dagbag.py:538} INFO - Filling up the DagBag from /opt/airflow/dags/1706572800.xlsx
[2024-01-31T10:19:56.298+0000] {processor.py:842} WARNING - No viable dags retrieved from /opt/airflow/dags/1706572800.xlsx
[2024-01-31T10:19:56.305+0000] {processor.py:183} INFO - Processing /opt/airflow/dags/1706572800.xlsx took 0.012 seconds
[2024-01-31T10:20:26.566+0000] {processor.py:161} INFO - Started process (PID=1977) to work on /opt/airflow/dags/1706572800.xlsx
[2024-01-31T10:20:26.567+0000] {processor.py:830} INFO - Processing file /opt/airflow/dags/1706572800.xlsx for tasks to queue
[2024-01-31T10:20:26.568+0000] {logging_mixin.py:188} INFO - [2024-01-31T10:20:26.568+0000] {dagbag.py:538} INFO - Filling up the DagBag from /opt/airflow/dags/1706572800.xlsx
[2024-01-31T10:20:26.570+0000] {processor.py:842} WARNING - No viable dags retrieved from /opt/airflow/dags/1706572800.xlsx
[2024-01-31T10:20:26.576+0000] {processor.py:183} INFO - Processing /opt/airflow/dags/1706572800.xlsx took 0.012 seconds
[2024-01-31T10:20:57.660+0000] {processor.py:161} INFO - Started process (PID=2038) to work on /opt/airflow/dags/1706572800.xlsx
[2024-01-31T10:20:57.661+0000] {processor.py:830} INFO - Processing file /opt/airflow/dags/1706572800.xlsx for tasks to queue
[2024-01-31T10:20:57.662+0000] {logging_mixin.py:188} INFO - [2024-01-31T10:20:57.662+0000] {dagbag.py:538} INFO - Filling up the DagBag from /opt/airflow/dags/1706572800.xlsx
[2024-01-31T10:20:57.663+0000] {processor.py:842} WARNING - No viable dags retrieved from /opt/airflow/dags/1706572800.xlsx
[2024-01-31T10:20:57.669+0000] {processor.py:183} INFO - Processing /opt/airflow/dags/1706572800.xlsx took 0.011 seconds
[2024-01-31T10:21:28.506+0000] {processor.py:161} INFO - Started process (PID=2099) to work on /opt/airflow/dags/1706572800.xlsx
[2024-01-31T10:21:28.507+0000] {processor.py:830} INFO - Processing file /opt/airflow/dags/1706572800.xlsx for tasks to queue
[2024-01-31T10:21:28.508+0000] {logging_mixin.py:188} INFO - [2024-01-31T10:21:28.508+0000] {dagbag.py:538} INFO - Filling up the DagBag from /opt/airflow/dags/1706572800.xlsx
[2024-01-31T10:21:28.509+0000] {processor.py:842} WARNING - No viable dags retrieved from /opt/airflow/dags/1706572800.xlsx
[2024-01-31T10:21:28.515+0000] {processor.py:183} INFO - Processing /opt/airflow/dags/1706572800.xlsx took 0.010 seconds
[2024-01-31T10:21:59.501+0000] {processor.py:161} INFO - Started process (PID=2160) to work on /opt/airflow/dags/1706572800.xlsx
[2024-01-31T10:21:59.502+0000] {processor.py:830} INFO - Processing file /opt/airflow/dags/1706572800.xlsx for tasks to queue
[2024-01-31T10:21:59.504+0000] {logging_mixin.py:188} INFO - [2024-01-31T10:21:59.503+0000] {dagbag.py:538} INFO - Filling up the DagBag from /opt/airflow/dags/1706572800.xlsx
[2024-01-31T10:21:59.505+0000] {processor.py:842} WARNING - No viable dags retrieved from /opt/airflow/dags/1706572800.xlsx
[2024-01-31T10:21:59.510+0000] {processor.py:183} INFO - Processing /opt/airflow/dags/1706572800.xlsx took 0.011 seconds
[2024-01-31T10:22:30.611+0000] {processor.py:161} INFO - Started process (PID=2220) to work on /opt/airflow/dags/1706572800.xlsx
[2024-01-31T10:22:30.612+0000] {processor.py:830} INFO - Processing file /opt/airflow/dags/1706572800.xlsx for tasks to queue
[2024-01-31T10:22:30.614+0000] {logging_mixin.py:188} INFO - [2024-01-31T10:22:30.613+0000] {dagbag.py:538} INFO - Filling up the DagBag from /opt/airflow/dags/1706572800.xlsx
[2024-01-31T10:22:30.615+0000] {processor.py:842} WARNING - No viable dags retrieved from /opt/airflow/dags/1706572800.xlsx
[2024-01-31T10:22:30.622+0000] {processor.py:183} INFO - Processing /opt/airflow/dags/1706572800.xlsx took 0.013 seconds
[2024-01-31T10:23:02.693+0000] {processor.py:161} INFO - Started process (PID=2295) to work on /opt/airflow/dags/1706572800.xlsx
[2024-01-31T10:23:02.697+0000] {processor.py:830} INFO - Processing file /opt/airflow/dags/1706572800.xlsx for tasks to queue
[2024-01-31T10:23:02.717+0000] {logging_mixin.py:188} INFO - [2024-01-31T10:23:02.716+0000] {dagbag.py:538} INFO - Filling up the DagBag from /opt/airflow/dags/1706572800.xlsx
[2024-01-31T10:23:02.727+0000] {processor.py:842} WARNING - No viable dags retrieved from /opt/airflow/dags/1706572800.xlsx
[2024-01-31T10:23:02.754+0000] {processor.py:183} INFO - Processing /opt/airflow/dags/1706572800.xlsx took 0.074 seconds
[2024-01-31T10:23:33.765+0000] {processor.py:161} INFO - Started process (PID=2362) to work on /opt/airflow/dags/1706572800.xlsx
[2024-01-31T10:23:33.767+0000] {processor.py:830} INFO - Processing file /opt/airflow/dags/1706572800.xlsx for tasks to queue
[2024-01-31T10:23:33.771+0000] {logging_mixin.py:188} INFO - [2024-01-31T10:23:33.768+0000] {dagbag.py:538} INFO - Filling up the DagBag from /opt/airflow/dags/1706572800.xlsx
[2024-01-31T10:23:33.772+0000] {processor.py:842} WARNING - No viable dags retrieved from /opt/airflow/dags/1706572800.xlsx
[2024-01-31T10:23:33.782+0000] {processor.py:183} INFO - Processing /opt/airflow/dags/1706572800.xlsx took 0.020 seconds
[2024-01-31T10:24:04.080+0000] {processor.py:161} INFO - Started process (PID=2423) to work on /opt/airflow/dags/1706572800.xlsx
[2024-01-31T10:24:04.081+0000] {processor.py:830} INFO - Processing file /opt/airflow/dags/1706572800.xlsx for tasks to queue
[2024-01-31T10:24:04.082+0000] {logging_mixin.py:188} INFO - [2024-01-31T10:24:04.082+0000] {dagbag.py:538} INFO - Filling up the DagBag from /opt/airflow/dags/1706572800.xlsx
[2024-01-31T10:24:04.083+0000] {processor.py:842} WARNING - No viable dags retrieved from /opt/airflow/dags/1706572800.xlsx
[2024-01-31T10:24:04.089+0000] {processor.py:183} INFO - Processing /opt/airflow/dags/1706572800.xlsx took 0.011 seconds
[2024-01-31T10:24:34.415+0000] {processor.py:161} INFO - Started process (PID=2484) to work on /opt/airflow/dags/1706572800.xlsx
[2024-01-31T10:24:34.416+0000] {processor.py:830} INFO - Processing file /opt/airflow/dags/1706572800.xlsx for tasks to queue
[2024-01-31T10:24:34.417+0000] {logging_mixin.py:188} INFO - [2024-01-31T10:24:34.416+0000] {dagbag.py:538} INFO - Filling up the DagBag from /opt/airflow/dags/1706572800.xlsx
[2024-01-31T10:24:34.418+0000] {processor.py:842} WARNING - No viable dags retrieved from /opt/airflow/dags/1706572800.xlsx
[2024-01-31T10:24:34.425+0000] {processor.py:183} INFO - Processing /opt/airflow/dags/1706572800.xlsx took 0.012 seconds
[2024-01-31T10:25:04.578+0000] {processor.py:161} INFO - Started process (PID=2545) to work on /opt/airflow/dags/1706572800.xlsx
[2024-01-31T10:25:04.580+0000] {processor.py:830} INFO - Processing file /opt/airflow/dags/1706572800.xlsx for tasks to queue
[2024-01-31T10:25:04.581+0000] {logging_mixin.py:188} INFO - [2024-01-31T10:25:04.581+0000] {dagbag.py:538} INFO - Filling up the DagBag from /opt/airflow/dags/1706572800.xlsx
[2024-01-31T10:25:04.582+0000] {processor.py:842} WARNING - No viable dags retrieved from /opt/airflow/dags/1706572800.xlsx
[2024-01-31T10:25:04.589+0000] {processor.py:183} INFO - Processing /opt/airflow/dags/1706572800.xlsx took 0.012 seconds
[2024-01-31T10:25:35.485+0000] {processor.py:161} INFO - Started process (PID=2606) to work on /opt/airflow/dags/1706572800.xlsx
[2024-01-31T10:25:35.486+0000] {processor.py:830} INFO - Processing file /opt/airflow/dags/1706572800.xlsx for tasks to queue
[2024-01-31T10:25:35.487+0000] {logging_mixin.py:188} INFO - [2024-01-31T10:25:35.487+0000] {dagbag.py:538} INFO - Filling up the DagBag from /opt/airflow/dags/1706572800.xlsx
[2024-01-31T10:25:35.488+0000] {processor.py:842} WARNING - No viable dags retrieved from /opt/airflow/dags/1706572800.xlsx
[2024-01-31T10:25:35.495+0000] {processor.py:183} INFO - Processing /opt/airflow/dags/1706572800.xlsx took 0.011 seconds
[2024-01-31T10:26:05.719+0000] {processor.py:161} INFO - Started process (PID=2667) to work on /opt/airflow/dags/1706572800.xlsx
[2024-01-31T10:26:05.720+0000] {processor.py:830} INFO - Processing file /opt/airflow/dags/1706572800.xlsx for tasks to queue
[2024-01-31T10:26:05.721+0000] {logging_mixin.py:188} INFO - [2024-01-31T10:26:05.721+0000] {dagbag.py:538} INFO - Filling up the DagBag from /opt/airflow/dags/1706572800.xlsx
[2024-01-31T10:26:05.722+0000] {processor.py:842} WARNING - No viable dags retrieved from /opt/airflow/dags/1706572800.xlsx
[2024-01-31T10:26:05.728+0000] {processor.py:183} INFO - Processing /opt/airflow/dags/1706572800.xlsx took 0.011 seconds
[2024-01-31T10:26:36.865+0000] {processor.py:161} INFO - Started process (PID=2728) to work on /opt/airflow/dags/1706572800.xlsx
[2024-01-31T10:26:36.867+0000] {processor.py:830} INFO - Processing file /opt/airflow/dags/1706572800.xlsx for tasks to queue
[2024-01-31T10:26:36.868+0000] {logging_mixin.py:188} INFO - [2024-01-31T10:26:36.868+0000] {dagbag.py:538} INFO - Filling up the DagBag from /opt/airflow/dags/1706572800.xlsx
[2024-01-31T10:26:36.869+0000] {processor.py:842} WARNING - No viable dags retrieved from /opt/airflow/dags/1706572800.xlsx
[2024-01-31T10:26:36.875+0000] {processor.py:183} INFO - Processing /opt/airflow/dags/1706572800.xlsx took 0.012 seconds
[2024-01-31T10:27:07.099+0000] {processor.py:161} INFO - Started process (PID=2789) to work on /opt/airflow/dags/1706572800.xlsx
[2024-01-31T10:27:07.100+0000] {processor.py:830} INFO - Processing file /opt/airflow/dags/1706572800.xlsx for tasks to queue
[2024-01-31T10:27:07.101+0000] {logging_mixin.py:188} INFO - [2024-01-31T10:27:07.101+0000] {dagbag.py:538} INFO - Filling up the DagBag from /opt/airflow/dags/1706572800.xlsx
[2024-01-31T10:27:07.102+0000] {processor.py:842} WARNING - No viable dags retrieved from /opt/airflow/dags/1706572800.xlsx
[2024-01-31T10:27:07.109+0000] {processor.py:183} INFO - Processing /opt/airflow/dags/1706572800.xlsx took 0.012 seconds
[2024-01-31T10:27:38.292+0000] {processor.py:161} INFO - Started process (PID=2850) to work on /opt/airflow/dags/1706572800.xlsx
[2024-01-31T10:27:38.293+0000] {processor.py:830} INFO - Processing file /opt/airflow/dags/1706572800.xlsx for tasks to queue
[2024-01-31T10:27:38.295+0000] {logging_mixin.py:188} INFO - [2024-01-31T10:27:38.294+0000] {dagbag.py:538} INFO - Filling up the DagBag from /opt/airflow/dags/1706572800.xlsx
[2024-01-31T10:27:38.296+0000] {processor.py:842} WARNING - No viable dags retrieved from /opt/airflow/dags/1706572800.xlsx
[2024-01-31T10:27:38.303+0000] {processor.py:183} INFO - Processing /opt/airflow/dags/1706572800.xlsx took 0.012 seconds
[2024-01-31T10:28:08.951+0000] {processor.py:161} INFO - Started process (PID=2911) to work on /opt/airflow/dags/1706572800.xlsx
[2024-01-31T10:28:08.951+0000] {processor.py:830} INFO - Processing file /opt/airflow/dags/1706572800.xlsx for tasks to queue
[2024-01-31T10:28:08.953+0000] {logging_mixin.py:188} INFO - [2024-01-31T10:28:08.953+0000] {dagbag.py:538} INFO - Filling up the DagBag from /opt/airflow/dags/1706572800.xlsx
[2024-01-31T10:28:08.954+0000] {processor.py:842} WARNING - No viable dags retrieved from /opt/airflow/dags/1706572800.xlsx
[2024-01-31T10:28:08.961+0000] {processor.py:183} INFO - Processing /opt/airflow/dags/1706572800.xlsx took 0.013 seconds
[2024-01-31T10:28:39.282+0000] {processor.py:161} INFO - Started process (PID=2979) to work on /opt/airflow/dags/1706572800.xlsx
[2024-01-31T10:28:39.284+0000] {processor.py:830} INFO - Processing file /opt/airflow/dags/1706572800.xlsx for tasks to queue
[2024-01-31T10:28:39.285+0000] {logging_mixin.py:188} INFO - [2024-01-31T10:28:39.285+0000] {dagbag.py:538} INFO - Filling up the DagBag from /opt/airflow/dags/1706572800.xlsx
[2024-01-31T10:28:39.286+0000] {processor.py:842} WARNING - No viable dags retrieved from /opt/airflow/dags/1706572800.xlsx
[2024-01-31T10:28:39.294+0000] {processor.py:183} INFO - Processing /opt/airflow/dags/1706572800.xlsx took 0.014 seconds
[2024-01-31T10:29:10.062+0000] {processor.py:161} INFO - Started process (PID=3040) to work on /opt/airflow/dags/1706572800.xlsx
[2024-01-31T10:29:10.064+0000] {processor.py:830} INFO - Processing file /opt/airflow/dags/1706572800.xlsx for tasks to queue
[2024-01-31T10:29:10.069+0000] {logging_mixin.py:188} INFO - [2024-01-31T10:29:10.067+0000] {dagbag.py:538} INFO - Filling up the DagBag from /opt/airflow/dags/1706572800.xlsx
[2024-01-31T10:29:10.075+0000] {processor.py:842} WARNING - No viable dags retrieved from /opt/airflow/dags/1706572800.xlsx
[2024-01-31T10:29:10.092+0000] {processor.py:183} INFO - Processing /opt/airflow/dags/1706572800.xlsx took 0.033 seconds
[2024-01-31T10:29:40.387+0000] {processor.py:161} INFO - Started process (PID=3101) to work on /opt/airflow/dags/1706572800.xlsx
[2024-01-31T10:29:40.389+0000] {processor.py:830} INFO - Processing file /opt/airflow/dags/1706572800.xlsx for tasks to queue
[2024-01-31T10:29:40.391+0000] {logging_mixin.py:188} INFO - [2024-01-31T10:29:40.391+0000] {dagbag.py:538} INFO - Filling up the DagBag from /opt/airflow/dags/1706572800.xlsx
[2024-01-31T10:29:40.393+0000] {processor.py:842} WARNING - No viable dags retrieved from /opt/airflow/dags/1706572800.xlsx
[2024-01-31T10:29:40.401+0000] {processor.py:183} INFO - Processing /opt/airflow/dags/1706572800.xlsx took 0.016 seconds
[2024-01-31T10:30:11.153+0000] {processor.py:161} INFO - Started process (PID=3162) to work on /opt/airflow/dags/1706572800.xlsx
[2024-01-31T10:30:11.153+0000] {processor.py:830} INFO - Processing file /opt/airflow/dags/1706572800.xlsx for tasks to queue
[2024-01-31T10:30:11.155+0000] {logging_mixin.py:188} INFO - [2024-01-31T10:30:11.155+0000] {dagbag.py:538} INFO - Filling up the DagBag from /opt/airflow/dags/1706572800.xlsx
[2024-01-31T10:30:11.156+0000] {processor.py:842} WARNING - No viable dags retrieved from /opt/airflow/dags/1706572800.xlsx
[2024-01-31T10:30:11.162+0000] {processor.py:183} INFO - Processing /opt/airflow/dags/1706572800.xlsx took 0.012 seconds
[2024-01-31T10:30:42.143+0000] {processor.py:161} INFO - Started process (PID=3223) to work on /opt/airflow/dags/1706572800.xlsx
[2024-01-31T10:30:42.144+0000] {processor.py:830} INFO - Processing file /opt/airflow/dags/1706572800.xlsx for tasks to queue
[2024-01-31T10:30:42.145+0000] {logging_mixin.py:188} INFO - [2024-01-31T10:30:42.145+0000] {dagbag.py:538} INFO - Filling up the DagBag from /opt/airflow/dags/1706572800.xlsx
[2024-01-31T10:30:42.146+0000] {processor.py:842} WARNING - No viable dags retrieved from /opt/airflow/dags/1706572800.xlsx
[2024-01-31T10:30:42.152+0000] {processor.py:183} INFO - Processing /opt/airflow/dags/1706572800.xlsx took 0.011 seconds
[2024-01-31T10:31:13.339+0000] {processor.py:161} INFO - Started process (PID=3284) to work on /opt/airflow/dags/1706572800.xlsx
[2024-01-31T10:31:13.340+0000] {processor.py:830} INFO - Processing file /opt/airflow/dags/1706572800.xlsx for tasks to queue
[2024-01-31T10:31:13.341+0000] {logging_mixin.py:188} INFO - [2024-01-31T10:31:13.341+0000] {dagbag.py:538} INFO - Filling up the DagBag from /opt/airflow/dags/1706572800.xlsx
[2024-01-31T10:31:13.342+0000] {processor.py:842} WARNING - No viable dags retrieved from /opt/airflow/dags/1706572800.xlsx
[2024-01-31T10:31:13.348+0000] {processor.py:183} INFO - Processing /opt/airflow/dags/1706572800.xlsx took 0.011 seconds
[2024-01-31T10:31:44.394+0000] {processor.py:161} INFO - Started process (PID=3345) to work on /opt/airflow/dags/1706572800.xlsx
[2024-01-31T10:31:44.395+0000] {processor.py:830} INFO - Processing file /opt/airflow/dags/1706572800.xlsx for tasks to queue
[2024-01-31T10:31:44.396+0000] {logging_mixin.py:188} INFO - [2024-01-31T10:31:44.396+0000] {dagbag.py:538} INFO - Filling up the DagBag from /opt/airflow/dags/1706572800.xlsx
[2024-01-31T10:31:44.397+0000] {processor.py:842} WARNING - No viable dags retrieved from /opt/airflow/dags/1706572800.xlsx
[2024-01-31T10:31:44.403+0000] {processor.py:183} INFO - Processing /opt/airflow/dags/1706572800.xlsx took 0.011 seconds
[2024-01-31T10:32:14.590+0000] {processor.py:161} INFO - Started process (PID=3406) to work on /opt/airflow/dags/1706572800.xlsx
[2024-01-31T10:32:14.591+0000] {processor.py:830} INFO - Processing file /opt/airflow/dags/1706572800.xlsx for tasks to queue
[2024-01-31T10:32:14.592+0000] {logging_mixin.py:188} INFO - [2024-01-31T10:32:14.592+0000] {dagbag.py:538} INFO - Filling up the DagBag from /opt/airflow/dags/1706572800.xlsx
[2024-01-31T10:32:14.593+0000] {processor.py:842} WARNING - No viable dags retrieved from /opt/airflow/dags/1706572800.xlsx
[2024-01-31T10:32:14.599+0000] {processor.py:183} INFO - Processing /opt/airflow/dags/1706572800.xlsx took 0.011 seconds
[2024-01-31T10:32:45.765+0000] {processor.py:161} INFO - Started process (PID=3467) to work on /opt/airflow/dags/1706572800.xlsx
[2024-01-31T10:32:45.766+0000] {processor.py:830} INFO - Processing file /opt/airflow/dags/1706572800.xlsx for tasks to queue
[2024-01-31T10:32:45.767+0000] {logging_mixin.py:188} INFO - [2024-01-31T10:32:45.767+0000] {dagbag.py:538} INFO - Filling up the DagBag from /opt/airflow/dags/1706572800.xlsx
[2024-01-31T10:32:45.768+0000] {processor.py:842} WARNING - No viable dags retrieved from /opt/airflow/dags/1706572800.xlsx
[2024-01-31T10:32:45.774+0000] {processor.py:183} INFO - Processing /opt/airflow/dags/1706572800.xlsx took 0.011 seconds
[2024-01-31T10:33:16.360+0000] {processor.py:161} INFO - Started process (PID=3528) to work on /opt/airflow/dags/1706572800.xlsx
[2024-01-31T10:33:16.360+0000] {processor.py:830} INFO - Processing file /opt/airflow/dags/1706572800.xlsx for tasks to queue
[2024-01-31T10:33:16.361+0000] {logging_mixin.py:188} INFO - [2024-01-31T10:33:16.361+0000] {dagbag.py:538} INFO - Filling up the DagBag from /opt/airflow/dags/1706572800.xlsx
[2024-01-31T10:33:16.362+0000] {processor.py:842} WARNING - No viable dags retrieved from /opt/airflow/dags/1706572800.xlsx
[2024-01-31T10:33:16.369+0000] {processor.py:183} INFO - Processing /opt/airflow/dags/1706572800.xlsx took 0.011 seconds
[2024-01-31T10:33:47.506+0000] {processor.py:161} INFO - Started process (PID=3589) to work on /opt/airflow/dags/1706572800.xlsx
[2024-01-31T10:33:47.507+0000] {processor.py:830} INFO - Processing file /opt/airflow/dags/1706572800.xlsx for tasks to queue
[2024-01-31T10:33:47.508+0000] {logging_mixin.py:188} INFO - [2024-01-31T10:33:47.507+0000] {dagbag.py:538} INFO - Filling up the DagBag from /opt/airflow/dags/1706572800.xlsx
[2024-01-31T10:33:47.509+0000] {processor.py:842} WARNING - No viable dags retrieved from /opt/airflow/dags/1706572800.xlsx
[2024-01-31T10:33:47.515+0000] {processor.py:183} INFO - Processing /opt/airflow/dags/1706572800.xlsx took 0.011 seconds
[2024-01-31T10:34:18.168+0000] {processor.py:161} INFO - Started process (PID=3650) to work on /opt/airflow/dags/1706572800.xlsx
[2024-01-31T10:34:18.169+0000] {processor.py:830} INFO - Processing file /opt/airflow/dags/1706572800.xlsx for tasks to queue
[2024-01-31T10:34:18.170+0000] {logging_mixin.py:188} INFO - [2024-01-31T10:34:18.170+0000] {dagbag.py:538} INFO - Filling up the DagBag from /opt/airflow/dags/1706572800.xlsx
[2024-01-31T10:34:18.171+0000] {processor.py:842} WARNING - No viable dags retrieved from /opt/airflow/dags/1706572800.xlsx
[2024-01-31T10:34:18.179+0000] {processor.py:183} INFO - Processing /opt/airflow/dags/1706572800.xlsx took 0.012 seconds
[2024-01-31T10:34:48.455+0000] {processor.py:161} INFO - Started process (PID=3711) to work on /opt/airflow/dags/1706572800.xlsx
[2024-01-31T10:34:48.456+0000] {processor.py:830} INFO - Processing file /opt/airflow/dags/1706572800.xlsx for tasks to queue
[2024-01-31T10:34:48.457+0000] {logging_mixin.py:188} INFO - [2024-01-31T10:34:48.457+0000] {dagbag.py:538} INFO - Filling up the DagBag from /opt/airflow/dags/1706572800.xlsx
[2024-01-31T10:34:48.458+0000] {processor.py:842} WARNING - No viable dags retrieved from /opt/airflow/dags/1706572800.xlsx
[2024-01-31T10:34:48.466+0000] {processor.py:183} INFO - Processing /opt/airflow/dags/1706572800.xlsx took 0.013 seconds
[2024-01-31T10:35:19.584+0000] {processor.py:161} INFO - Started process (PID=3772) to work on /opt/airflow/dags/1706572800.xlsx
[2024-01-31T10:35:19.585+0000] {processor.py:830} INFO - Processing file /opt/airflow/dags/1706572800.xlsx for tasks to queue
[2024-01-31T10:35:19.586+0000] {logging_mixin.py:188} INFO - [2024-01-31T10:35:19.586+0000] {dagbag.py:538} INFO - Filling up the DagBag from /opt/airflow/dags/1706572800.xlsx
[2024-01-31T10:35:19.587+0000] {processor.py:842} WARNING - No viable dags retrieved from /opt/airflow/dags/1706572800.xlsx
[2024-01-31T10:35:19.597+0000] {processor.py:183} INFO - Processing /opt/airflow/dags/1706572800.xlsx took 0.015 seconds
[2024-01-31T10:35:50.278+0000] {processor.py:161} INFO - Started process (PID=3833) to work on /opt/airflow/dags/1706572800.xlsx
[2024-01-31T10:35:50.278+0000] {processor.py:830} INFO - Processing file /opt/airflow/dags/1706572800.xlsx for tasks to queue
[2024-01-31T10:35:50.280+0000] {logging_mixin.py:188} INFO - [2024-01-31T10:35:50.280+0000] {dagbag.py:538} INFO - Filling up the DagBag from /opt/airflow/dags/1706572800.xlsx
[2024-01-31T10:35:50.281+0000] {processor.py:842} WARNING - No viable dags retrieved from /opt/airflow/dags/1706572800.xlsx
[2024-01-31T10:35:50.288+0000] {processor.py:183} INFO - Processing /opt/airflow/dags/1706572800.xlsx took 0.012 seconds
[2024-01-31T10:36:20.650+0000] {processor.py:161} INFO - Started process (PID=3894) to work on /opt/airflow/dags/1706572800.xlsx
[2024-01-31T10:36:20.650+0000] {processor.py:830} INFO - Processing file /opt/airflow/dags/1706572800.xlsx for tasks to queue
[2024-01-31T10:36:20.651+0000] {logging_mixin.py:188} INFO - [2024-01-31T10:36:20.651+0000] {dagbag.py:538} INFO - Filling up the DagBag from /opt/airflow/dags/1706572800.xlsx
[2024-01-31T10:36:20.652+0000] {processor.py:842} WARNING - No viable dags retrieved from /opt/airflow/dags/1706572800.xlsx
[2024-01-31T10:36:20.659+0000] {processor.py:183} INFO - Processing /opt/airflow/dags/1706572800.xlsx took 0.011 seconds
[2024-01-31T10:36:51.017+0000] {processor.py:161} INFO - Started process (PID=3955) to work on /opt/airflow/dags/1706572800.xlsx
[2024-01-31T10:36:51.018+0000] {processor.py:830} INFO - Processing file /opt/airflow/dags/1706572800.xlsx for tasks to queue
[2024-01-31T10:36:51.019+0000] {logging_mixin.py:188} INFO - [2024-01-31T10:36:51.019+0000] {dagbag.py:538} INFO - Filling up the DagBag from /opt/airflow/dags/1706572800.xlsx
[2024-01-31T10:36:51.020+0000] {processor.py:842} WARNING - No viable dags retrieved from /opt/airflow/dags/1706572800.xlsx
[2024-01-31T10:36:51.028+0000] {processor.py:183} INFO - Processing /opt/airflow/dags/1706572800.xlsx took 0.013 seconds
[2024-01-31T10:37:21.279+0000] {processor.py:161} INFO - Started process (PID=4016) to work on /opt/airflow/dags/1706572800.xlsx
[2024-01-31T10:37:21.281+0000] {processor.py:830} INFO - Processing file /opt/airflow/dags/1706572800.xlsx for tasks to queue
[2024-01-31T10:37:21.282+0000] {logging_mixin.py:188} INFO - [2024-01-31T10:37:21.282+0000] {dagbag.py:538} INFO - Filling up the DagBag from /opt/airflow/dags/1706572800.xlsx
[2024-01-31T10:37:21.283+0000] {processor.py:842} WARNING - No viable dags retrieved from /opt/airflow/dags/1706572800.xlsx
[2024-01-31T10:37:21.289+0000] {processor.py:183} INFO - Processing /opt/airflow/dags/1706572800.xlsx took 0.012 seconds
[2024-01-31T10:37:51.581+0000] {processor.py:161} INFO - Started process (PID=4077) to work on /opt/airflow/dags/1706572800.xlsx
[2024-01-31T10:37:51.582+0000] {processor.py:830} INFO - Processing file /opt/airflow/dags/1706572800.xlsx for tasks to queue
[2024-01-31T10:37:51.583+0000] {logging_mixin.py:188} INFO - [2024-01-31T10:37:51.583+0000] {dagbag.py:538} INFO - Filling up the DagBag from /opt/airflow/dags/1706572800.xlsx
[2024-01-31T10:37:51.584+0000] {processor.py:842} WARNING - No viable dags retrieved from /opt/airflow/dags/1706572800.xlsx
[2024-01-31T10:37:51.591+0000] {processor.py:183} INFO - Processing /opt/airflow/dags/1706572800.xlsx took 0.012 seconds
[2024-01-31T10:38:22.046+0000] {processor.py:161} INFO - Started process (PID=4138) to work on /opt/airflow/dags/1706572800.xlsx
[2024-01-31T10:38:22.047+0000] {processor.py:830} INFO - Processing file /opt/airflow/dags/1706572800.xlsx for tasks to queue
[2024-01-31T10:38:22.048+0000] {logging_mixin.py:188} INFO - [2024-01-31T10:38:22.048+0000] {dagbag.py:538} INFO - Filling up the DagBag from /opt/airflow/dags/1706572800.xlsx
[2024-01-31T10:38:22.049+0000] {processor.py:842} WARNING - No viable dags retrieved from /opt/airflow/dags/1706572800.xlsx
[2024-01-31T10:38:22.056+0000] {processor.py:183} INFO - Processing /opt/airflow/dags/1706572800.xlsx took 0.012 seconds
[2024-01-31T10:38:53.097+0000] {processor.py:161} INFO - Started process (PID=4199) to work on /opt/airflow/dags/1706572800.xlsx
[2024-01-31T10:38:53.098+0000] {processor.py:830} INFO - Processing file /opt/airflow/dags/1706572800.xlsx for tasks to queue
[2024-01-31T10:38:53.100+0000] {logging_mixin.py:188} INFO - [2024-01-31T10:38:53.099+0000] {dagbag.py:538} INFO - Filling up the DagBag from /opt/airflow/dags/1706572800.xlsx
[2024-01-31T10:38:53.101+0000] {processor.py:842} WARNING - No viable dags retrieved from /opt/airflow/dags/1706572800.xlsx
[2024-01-31T10:38:53.108+0000] {processor.py:183} INFO - Processing /opt/airflow/dags/1706572800.xlsx took 0.013 seconds
[2024-01-31T10:39:23.440+0000] {processor.py:161} INFO - Started process (PID=4260) to work on /opt/airflow/dags/1706572800.xlsx
[2024-01-31T10:39:23.441+0000] {processor.py:830} INFO - Processing file /opt/airflow/dags/1706572800.xlsx for tasks to queue
[2024-01-31T10:39:23.442+0000] {logging_mixin.py:188} INFO - [2024-01-31T10:39:23.441+0000] {dagbag.py:538} INFO - Filling up the DagBag from /opt/airflow/dags/1706572800.xlsx
[2024-01-31T10:39:23.443+0000] {processor.py:842} WARNING - No viable dags retrieved from /opt/airflow/dags/1706572800.xlsx
[2024-01-31T10:39:23.449+0000] {processor.py:183} INFO - Processing /opt/airflow/dags/1706572800.xlsx took 0.011 seconds
[2024-01-31T10:39:54.496+0000] {processor.py:161} INFO - Started process (PID=4327) to work on /opt/airflow/dags/1706572800.xlsx
[2024-01-31T10:39:54.497+0000] {processor.py:830} INFO - Processing file /opt/airflow/dags/1706572800.xlsx for tasks to queue
[2024-01-31T10:39:54.498+0000] {logging_mixin.py:188} INFO - [2024-01-31T10:39:54.498+0000] {dagbag.py:538} INFO - Filling up the DagBag from /opt/airflow/dags/1706572800.xlsx
[2024-01-31T10:39:54.500+0000] {processor.py:842} WARNING - No viable dags retrieved from /opt/airflow/dags/1706572800.xlsx
[2024-01-31T10:39:54.506+0000] {processor.py:183} INFO - Processing /opt/airflow/dags/1706572800.xlsx took 0.012 seconds
[2024-01-31T10:40:25.543+0000] {processor.py:161} INFO - Started process (PID=4388) to work on /opt/airflow/dags/1706572800.xlsx
[2024-01-31T10:40:25.544+0000] {processor.py:830} INFO - Processing file /opt/airflow/dags/1706572800.xlsx for tasks to queue
[2024-01-31T10:40:25.545+0000] {logging_mixin.py:188} INFO - [2024-01-31T10:40:25.545+0000] {dagbag.py:538} INFO - Filling up the DagBag from /opt/airflow/dags/1706572800.xlsx
[2024-01-31T10:40:25.546+0000] {processor.py:842} WARNING - No viable dags retrieved from /opt/airflow/dags/1706572800.xlsx
[2024-01-31T10:40:25.553+0000] {processor.py:183} INFO - Processing /opt/airflow/dags/1706572800.xlsx took 0.011 seconds
[2024-01-31T10:40:56.608+0000] {processor.py:161} INFO - Started process (PID=4449) to work on /opt/airflow/dags/1706572800.xlsx
[2024-01-31T10:40:56.608+0000] {processor.py:830} INFO - Processing file /opt/airflow/dags/1706572800.xlsx for tasks to queue
[2024-01-31T10:40:56.610+0000] {logging_mixin.py:188} INFO - [2024-01-31T10:40:56.609+0000] {dagbag.py:538} INFO - Filling up the DagBag from /opt/airflow/dags/1706572800.xlsx
[2024-01-31T10:40:56.611+0000] {processor.py:842} WARNING - No viable dags retrieved from /opt/airflow/dags/1706572800.xlsx
[2024-01-31T10:40:56.618+0000] {processor.py:183} INFO - Processing /opt/airflow/dags/1706572800.xlsx took 0.012 seconds
[2024-01-31T10:41:26.828+0000] {processor.py:161} INFO - Started process (PID=4510) to work on /opt/airflow/dags/1706572800.xlsx
[2024-01-31T10:41:26.829+0000] {processor.py:830} INFO - Processing file /opt/airflow/dags/1706572800.xlsx for tasks to queue
[2024-01-31T10:41:26.830+0000] {logging_mixin.py:188} INFO - [2024-01-31T10:41:26.830+0000] {dagbag.py:538} INFO - Filling up the DagBag from /opt/airflow/dags/1706572800.xlsx
[2024-01-31T10:41:26.831+0000] {processor.py:842} WARNING - No viable dags retrieved from /opt/airflow/dags/1706572800.xlsx
[2024-01-31T10:41:26.838+0000] {processor.py:183} INFO - Processing /opt/airflow/dags/1706572800.xlsx took 0.012 seconds
[2024-01-31T10:41:57.146+0000] {processor.py:161} INFO - Started process (PID=4571) to work on /opt/airflow/dags/1706572800.xlsx
[2024-01-31T10:41:57.148+0000] {processor.py:830} INFO - Processing file /opt/airflow/dags/1706572800.xlsx for tasks to queue
[2024-01-31T10:41:57.151+0000] {logging_mixin.py:188} INFO - [2024-01-31T10:41:57.151+0000] {dagbag.py:538} INFO - Filling up the DagBag from /opt/airflow/dags/1706572800.xlsx
[2024-01-31T10:41:57.153+0000] {processor.py:842} WARNING - No viable dags retrieved from /opt/airflow/dags/1706572800.xlsx
[2024-01-31T10:41:57.162+0000] {processor.py:183} INFO - Processing /opt/airflow/dags/1706572800.xlsx took 0.020 seconds
[2024-01-31T10:42:28.072+0000] {processor.py:161} INFO - Started process (PID=4632) to work on /opt/airflow/dags/1706572800.xlsx
[2024-01-31T10:42:28.073+0000] {processor.py:830} INFO - Processing file /opt/airflow/dags/1706572800.xlsx for tasks to queue
[2024-01-31T10:42:28.074+0000] {logging_mixin.py:188} INFO - [2024-01-31T10:42:28.074+0000] {dagbag.py:538} INFO - Filling up the DagBag from /opt/airflow/dags/1706572800.xlsx
[2024-01-31T10:42:28.075+0000] {processor.py:842} WARNING - No viable dags retrieved from /opt/airflow/dags/1706572800.xlsx
[2024-01-31T10:42:28.082+0000] {processor.py:183} INFO - Processing /opt/airflow/dags/1706572800.xlsx took 0.011 seconds
[2024-01-31T10:42:58.920+0000] {processor.py:161} INFO - Started process (PID=4693) to work on /opt/airflow/dags/1706572800.xlsx
[2024-01-31T10:42:58.921+0000] {processor.py:830} INFO - Processing file /opt/airflow/dags/1706572800.xlsx for tasks to queue
[2024-01-31T10:42:58.922+0000] {logging_mixin.py:188} INFO - [2024-01-31T10:42:58.922+0000] {dagbag.py:538} INFO - Filling up the DagBag from /opt/airflow/dags/1706572800.xlsx
[2024-01-31T10:42:58.923+0000] {processor.py:842} WARNING - No viable dags retrieved from /opt/airflow/dags/1706572800.xlsx
[2024-01-31T10:42:58.930+0000] {processor.py:183} INFO - Processing /opt/airflow/dags/1706572800.xlsx took 0.012 seconds
[2024-01-31T10:43:29.152+0000] {processor.py:161} INFO - Started process (PID=4754) to work on /opt/airflow/dags/1706572800.xlsx
[2024-01-31T10:43:29.153+0000] {processor.py:830} INFO - Processing file /opt/airflow/dags/1706572800.xlsx for tasks to queue
[2024-01-31T10:43:29.155+0000] {logging_mixin.py:188} INFO - [2024-01-31T10:43:29.155+0000] {dagbag.py:538} INFO - Filling up the DagBag from /opt/airflow/dags/1706572800.xlsx
[2024-01-31T10:43:29.156+0000] {processor.py:842} WARNING - No viable dags retrieved from /opt/airflow/dags/1706572800.xlsx
[2024-01-31T10:43:29.165+0000] {processor.py:183} INFO - Processing /opt/airflow/dags/1706572800.xlsx took 0.017 seconds
[2024-01-31T10:43:59.611+0000] {processor.py:161} INFO - Started process (PID=4815) to work on /opt/airflow/dags/1706572800.xlsx
[2024-01-31T10:43:59.612+0000] {processor.py:830} INFO - Processing file /opt/airflow/dags/1706572800.xlsx for tasks to queue
[2024-01-31T10:43:59.613+0000] {logging_mixin.py:188} INFO - [2024-01-31T10:43:59.613+0000] {dagbag.py:538} INFO - Filling up the DagBag from /opt/airflow/dags/1706572800.xlsx
[2024-01-31T10:43:59.614+0000] {processor.py:842} WARNING - No viable dags retrieved from /opt/airflow/dags/1706572800.xlsx
[2024-01-31T10:43:59.621+0000] {processor.py:183} INFO - Processing /opt/airflow/dags/1706572800.xlsx took 0.011 seconds
[2024-01-31T10:44:30.066+0000] {processor.py:161} INFO - Started process (PID=4876) to work on /opt/airflow/dags/1706572800.xlsx
[2024-01-31T10:44:30.067+0000] {processor.py:830} INFO - Processing file /opt/airflow/dags/1706572800.xlsx for tasks to queue
[2024-01-31T10:44:30.069+0000] {logging_mixin.py:188} INFO - [2024-01-31T10:44:30.068+0000] {dagbag.py:538} INFO - Filling up the DagBag from /opt/airflow/dags/1706572800.xlsx
[2024-01-31T10:44:30.070+0000] {processor.py:842} WARNING - No viable dags retrieved from /opt/airflow/dags/1706572800.xlsx
[2024-01-31T10:44:30.082+0000] {processor.py:183} INFO - Processing /opt/airflow/dags/1706572800.xlsx took 0.018 seconds
[2024-01-31T10:45:01.210+0000] {processor.py:161} INFO - Started process (PID=4937) to work on /opt/airflow/dags/1706572800.xlsx
[2024-01-31T10:45:01.210+0000] {processor.py:830} INFO - Processing file /opt/airflow/dags/1706572800.xlsx for tasks to queue
[2024-01-31T10:45:01.211+0000] {logging_mixin.py:188} INFO - [2024-01-31T10:45:01.211+0000] {dagbag.py:538} INFO - Filling up the DagBag from /opt/airflow/dags/1706572800.xlsx
[2024-01-31T10:45:01.213+0000] {processor.py:842} WARNING - No viable dags retrieved from /opt/airflow/dags/1706572800.xlsx
[2024-01-31T10:45:01.219+0000] {processor.py:183} INFO - Processing /opt/airflow/dags/1706572800.xlsx took 0.012 seconds
[2024-01-31T10:45:32.271+0000] {processor.py:161} INFO - Started process (PID=4998) to work on /opt/airflow/dags/1706572800.xlsx
[2024-01-31T10:45:32.272+0000] {processor.py:830} INFO - Processing file /opt/airflow/dags/1706572800.xlsx for tasks to queue
[2024-01-31T10:45:32.273+0000] {logging_mixin.py:188} INFO - [2024-01-31T10:45:32.273+0000] {dagbag.py:538} INFO - Filling up the DagBag from /opt/airflow/dags/1706572800.xlsx
[2024-01-31T10:45:32.274+0000] {processor.py:842} WARNING - No viable dags retrieved from /opt/airflow/dags/1706572800.xlsx
[2024-01-31T10:45:32.281+0000] {processor.py:183} INFO - Processing /opt/airflow/dags/1706572800.xlsx took 0.012 seconds
[2024-01-31T10:46:03.340+0000] {processor.py:161} INFO - Started process (PID=5059) to work on /opt/airflow/dags/1706572800.xlsx
[2024-01-31T10:46:03.341+0000] {processor.py:830} INFO - Processing file /opt/airflow/dags/1706572800.xlsx for tasks to queue
[2024-01-31T10:46:03.342+0000] {logging_mixin.py:188} INFO - [2024-01-31T10:46:03.342+0000] {dagbag.py:538} INFO - Filling up the DagBag from /opt/airflow/dags/1706572800.xlsx
[2024-01-31T10:46:03.343+0000] {processor.py:842} WARNING - No viable dags retrieved from /opt/airflow/dags/1706572800.xlsx
[2024-01-31T10:46:03.350+0000] {processor.py:183} INFO - Processing /opt/airflow/dags/1706572800.xlsx took 0.011 seconds
[2024-01-31T10:46:34.444+0000] {processor.py:161} INFO - Started process (PID=5120) to work on /opt/airflow/dags/1706572800.xlsx
[2024-01-31T10:46:34.445+0000] {processor.py:830} INFO - Processing file /opt/airflow/dags/1706572800.xlsx for tasks to queue
[2024-01-31T10:46:34.446+0000] {logging_mixin.py:188} INFO - [2024-01-31T10:46:34.446+0000] {dagbag.py:538} INFO - Filling up the DagBag from /opt/airflow/dags/1706572800.xlsx
[2024-01-31T10:46:34.447+0000] {processor.py:842} WARNING - No viable dags retrieved from /opt/airflow/dags/1706572800.xlsx
[2024-01-31T10:46:34.455+0000] {processor.py:183} INFO - Processing /opt/airflow/dags/1706572800.xlsx took 0.015 seconds
[2024-01-31T10:47:05.596+0000] {processor.py:161} INFO - Started process (PID=5181) to work on /opt/airflow/dags/1706572800.xlsx
[2024-01-31T10:47:05.597+0000] {processor.py:830} INFO - Processing file /opt/airflow/dags/1706572800.xlsx for tasks to queue
[2024-01-31T10:47:05.598+0000] {logging_mixin.py:188} INFO - [2024-01-31T10:47:05.598+0000] {dagbag.py:538} INFO - Filling up the DagBag from /opt/airflow/dags/1706572800.xlsx
[2024-01-31T10:47:05.599+0000] {processor.py:842} WARNING - No viable dags retrieved from /opt/airflow/dags/1706572800.xlsx
[2024-01-31T10:47:05.606+0000] {processor.py:183} INFO - Processing /opt/airflow/dags/1706572800.xlsx took 0.011 seconds
[2024-01-31T10:47:36.615+0000] {processor.py:161} INFO - Started process (PID=5242) to work on /opt/airflow/dags/1706572800.xlsx
[2024-01-31T10:47:36.616+0000] {processor.py:830} INFO - Processing file /opt/airflow/dags/1706572800.xlsx for tasks to queue
[2024-01-31T10:47:36.618+0000] {logging_mixin.py:188} INFO - [2024-01-31T10:47:36.618+0000] {dagbag.py:538} INFO - Filling up the DagBag from /opt/airflow/dags/1706572800.xlsx
[2024-01-31T10:47:36.619+0000] {processor.py:842} WARNING - No viable dags retrieved from /opt/airflow/dags/1706572800.xlsx
[2024-01-31T10:47:36.626+0000] {processor.py:183} INFO - Processing /opt/airflow/dags/1706572800.xlsx took 0.013 seconds
[2024-01-31T10:48:07.663+0000] {processor.py:161} INFO - Started process (PID=5303) to work on /opt/airflow/dags/1706572800.xlsx
[2024-01-31T10:48:07.664+0000] {processor.py:830} INFO - Processing file /opt/airflow/dags/1706572800.xlsx for tasks to queue
[2024-01-31T10:48:07.666+0000] {logging_mixin.py:188} INFO - [2024-01-31T10:48:07.665+0000] {dagbag.py:538} INFO - Filling up the DagBag from /opt/airflow/dags/1706572800.xlsx
[2024-01-31T10:48:07.667+0000] {processor.py:842} WARNING - No viable dags retrieved from /opt/airflow/dags/1706572800.xlsx
[2024-01-31T10:48:07.679+0000] {processor.py:183} INFO - Processing /opt/airflow/dags/1706572800.xlsx took 0.019 seconds
[2024-01-31T10:48:38.763+0000] {processor.py:161} INFO - Started process (PID=5364) to work on /opt/airflow/dags/1706572800.xlsx
[2024-01-31T10:48:38.764+0000] {processor.py:830} INFO - Processing file /opt/airflow/dags/1706572800.xlsx for tasks to queue
[2024-01-31T10:48:38.765+0000] {logging_mixin.py:188} INFO - [2024-01-31T10:48:38.765+0000] {dagbag.py:538} INFO - Filling up the DagBag from /opt/airflow/dags/1706572800.xlsx
[2024-01-31T10:48:38.767+0000] {processor.py:842} WARNING - No viable dags retrieved from /opt/airflow/dags/1706572800.xlsx
[2024-01-31T10:48:38.774+0000] {processor.py:183} INFO - Processing /opt/airflow/dags/1706572800.xlsx took 0.013 seconds
[2024-01-31T10:49:09.401+0000] {processor.py:161} INFO - Started process (PID=5425) to work on /opt/airflow/dags/1706572800.xlsx
[2024-01-31T10:49:09.403+0000] {processor.py:830} INFO - Processing file /opt/airflow/dags/1706572800.xlsx for tasks to queue
[2024-01-31T10:49:09.404+0000] {logging_mixin.py:188} INFO - [2024-01-31T10:49:09.404+0000] {dagbag.py:538} INFO - Filling up the DagBag from /opt/airflow/dags/1706572800.xlsx
[2024-01-31T10:49:09.406+0000] {processor.py:842} WARNING - No viable dags retrieved from /opt/airflow/dags/1706572800.xlsx
[2024-01-31T10:49:09.416+0000] {processor.py:183} INFO - Processing /opt/airflow/dags/1706572800.xlsx took 0.017 seconds
[2024-01-31T10:49:40.531+0000] {processor.py:161} INFO - Started process (PID=5486) to work on /opt/airflow/dags/1706572800.xlsx
[2024-01-31T10:49:40.532+0000] {processor.py:830} INFO - Processing file /opt/airflow/dags/1706572800.xlsx for tasks to queue
[2024-01-31T10:49:40.533+0000] {logging_mixin.py:188} INFO - [2024-01-31T10:49:40.533+0000] {dagbag.py:538} INFO - Filling up the DagBag from /opt/airflow/dags/1706572800.xlsx
[2024-01-31T10:49:40.534+0000] {processor.py:842} WARNING - No viable dags retrieved from /opt/airflow/dags/1706572800.xlsx
[2024-01-31T10:49:40.541+0000] {processor.py:183} INFO - Processing /opt/airflow/dags/1706572800.xlsx took 0.012 seconds
[2024-01-31T10:50:11.573+0000] {processor.py:161} INFO - Started process (PID=5547) to work on /opt/airflow/dags/1706572800.xlsx
[2024-01-31T10:50:11.574+0000] {processor.py:830} INFO - Processing file /opt/airflow/dags/1706572800.xlsx for tasks to queue
[2024-01-31T10:50:11.575+0000] {logging_mixin.py:188} INFO - [2024-01-31T10:50:11.575+0000] {dagbag.py:538} INFO - Filling up the DagBag from /opt/airflow/dags/1706572800.xlsx
[2024-01-31T10:50:11.576+0000] {processor.py:842} WARNING - No viable dags retrieved from /opt/airflow/dags/1706572800.xlsx
[2024-01-31T10:50:11.583+0000] {processor.py:183} INFO - Processing /opt/airflow/dags/1706572800.xlsx took 0.012 seconds
[2024-01-31T10:50:42.562+0000] {processor.py:161} INFO - Started process (PID=5608) to work on /opt/airflow/dags/1706572800.xlsx
[2024-01-31T10:50:42.563+0000] {processor.py:830} INFO - Processing file /opt/airflow/dags/1706572800.xlsx for tasks to queue
[2024-01-31T10:50:42.565+0000] {logging_mixin.py:188} INFO - [2024-01-31T10:50:42.565+0000] {dagbag.py:538} INFO - Filling up the DagBag from /opt/airflow/dags/1706572800.xlsx
[2024-01-31T10:50:42.566+0000] {processor.py:842} WARNING - No viable dags retrieved from /opt/airflow/dags/1706572800.xlsx
[2024-01-31T10:50:42.576+0000] {processor.py:183} INFO - Processing /opt/airflow/dags/1706572800.xlsx took 0.018 seconds
[2024-01-31T10:51:13.640+0000] {processor.py:161} INFO - Started process (PID=5669) to work on /opt/airflow/dags/1706572800.xlsx
[2024-01-31T10:51:13.641+0000] {processor.py:830} INFO - Processing file /opt/airflow/dags/1706572800.xlsx for tasks to queue
[2024-01-31T10:51:13.643+0000] {logging_mixin.py:188} INFO - [2024-01-31T10:51:13.643+0000] {dagbag.py:538} INFO - Filling up the DagBag from /opt/airflow/dags/1706572800.xlsx
[2024-01-31T10:51:13.645+0000] {processor.py:842} WARNING - No viable dags retrieved from /opt/airflow/dags/1706572800.xlsx
[2024-01-31T10:51:13.654+0000] {processor.py:183} INFO - Processing /opt/airflow/dags/1706572800.xlsx took 0.016 seconds
[2024-01-31T10:51:44.595+0000] {processor.py:161} INFO - Started process (PID=5730) to work on /opt/airflow/dags/1706572800.xlsx
[2024-01-31T10:51:44.597+0000] {processor.py:830} INFO - Processing file /opt/airflow/dags/1706572800.xlsx for tasks to queue
[2024-01-31T10:51:44.598+0000] {logging_mixin.py:188} INFO - [2024-01-31T10:51:44.598+0000] {dagbag.py:538} INFO - Filling up the DagBag from /opt/airflow/dags/1706572800.xlsx
[2024-01-31T10:51:44.600+0000] {processor.py:842} WARNING - No viable dags retrieved from /opt/airflow/dags/1706572800.xlsx
[2024-01-31T10:51:44.610+0000] {processor.py:183} INFO - Processing /opt/airflow/dags/1706572800.xlsx took 0.016 seconds
[2024-01-31T10:52:15.624+0000] {processor.py:161} INFO - Started process (PID=5791) to work on /opt/airflow/dags/1706572800.xlsx
[2024-01-31T10:52:15.626+0000] {processor.py:830} INFO - Processing file /opt/airflow/dags/1706572800.xlsx for tasks to queue
[2024-01-31T10:52:15.627+0000] {logging_mixin.py:188} INFO - [2024-01-31T10:52:15.627+0000] {dagbag.py:538} INFO - Filling up the DagBag from /opt/airflow/dags/1706572800.xlsx
[2024-01-31T10:52:15.629+0000] {processor.py:842} WARNING - No viable dags retrieved from /opt/airflow/dags/1706572800.xlsx
[2024-01-31T10:52:15.637+0000] {processor.py:183} INFO - Processing /opt/airflow/dags/1706572800.xlsx took 0.015 seconds
[2024-01-31T10:52:46.018+0000] {processor.py:161} INFO - Started process (PID=5852) to work on /opt/airflow/dags/1706572800.xlsx
[2024-01-31T10:52:46.019+0000] {processor.py:830} INFO - Processing file /opt/airflow/dags/1706572800.xlsx for tasks to queue
[2024-01-31T10:52:46.020+0000] {logging_mixin.py:188} INFO - [2024-01-31T10:52:46.020+0000] {dagbag.py:538} INFO - Filling up the DagBag from /opt/airflow/dags/1706572800.xlsx
[2024-01-31T10:52:46.021+0000] {processor.py:842} WARNING - No viable dags retrieved from /opt/airflow/dags/1706572800.xlsx
[2024-01-31T10:52:46.030+0000] {processor.py:183} INFO - Processing /opt/airflow/dags/1706572800.xlsx took 0.014 seconds
[2024-01-31T10:53:17.099+0000] {processor.py:161} INFO - Started process (PID=5913) to work on /opt/airflow/dags/1706572800.xlsx
[2024-01-31T10:53:17.101+0000] {processor.py:830} INFO - Processing file /opt/airflow/dags/1706572800.xlsx for tasks to queue
[2024-01-31T10:53:17.102+0000] {logging_mixin.py:188} INFO - [2024-01-31T10:53:17.102+0000] {dagbag.py:538} INFO - Filling up the DagBag from /opt/airflow/dags/1706572800.xlsx
[2024-01-31T10:53:17.103+0000] {processor.py:842} WARNING - No viable dags retrieved from /opt/airflow/dags/1706572800.xlsx
[2024-01-31T10:53:17.110+0000] {processor.py:183} INFO - Processing /opt/airflow/dags/1706572800.xlsx took 0.013 seconds
[2024-01-31T10:53:47.329+0000] {processor.py:161} INFO - Started process (PID=5974) to work on /opt/airflow/dags/1706572800.xlsx
[2024-01-31T10:53:47.330+0000] {processor.py:830} INFO - Processing file /opt/airflow/dags/1706572800.xlsx for tasks to queue
[2024-01-31T10:53:47.331+0000] {logging_mixin.py:188} INFO - [2024-01-31T10:53:47.331+0000] {dagbag.py:538} INFO - Filling up the DagBag from /opt/airflow/dags/1706572800.xlsx
[2024-01-31T10:53:47.332+0000] {processor.py:842} WARNING - No viable dags retrieved from /opt/airflow/dags/1706572800.xlsx
[2024-01-31T10:53:47.338+0000] {processor.py:183} INFO - Processing /opt/airflow/dags/1706572800.xlsx took 0.011 seconds
[2024-01-31T10:54:17.843+0000] {processor.py:161} INFO - Started process (PID=6035) to work on /opt/airflow/dags/1706572800.xlsx
[2024-01-31T10:54:17.845+0000] {processor.py:830} INFO - Processing file /opt/airflow/dags/1706572800.xlsx for tasks to queue
[2024-01-31T10:54:17.846+0000] {logging_mixin.py:188} INFO - [2024-01-31T10:54:17.846+0000] {dagbag.py:538} INFO - Filling up the DagBag from /opt/airflow/dags/1706572800.xlsx
[2024-01-31T10:54:17.848+0000] {processor.py:842} WARNING - No viable dags retrieved from /opt/airflow/dags/1706572800.xlsx
[2024-01-31T10:54:17.854+0000] {processor.py:183} INFO - Processing /opt/airflow/dags/1706572800.xlsx took 0.013 seconds
[2024-01-31T10:54:48.960+0000] {processor.py:161} INFO - Started process (PID=6096) to work on /opt/airflow/dags/1706572800.xlsx
[2024-01-31T10:54:48.961+0000] {processor.py:830} INFO - Processing file /opt/airflow/dags/1706572800.xlsx for tasks to queue
[2024-01-31T10:54:48.962+0000] {logging_mixin.py:188} INFO - [2024-01-31T10:54:48.962+0000] {dagbag.py:538} INFO - Filling up the DagBag from /opt/airflow/dags/1706572800.xlsx
[2024-01-31T10:54:48.963+0000] {processor.py:842} WARNING - No viable dags retrieved from /opt/airflow/dags/1706572800.xlsx
[2024-01-31T10:54:48.970+0000] {processor.py:183} INFO - Processing /opt/airflow/dags/1706572800.xlsx took 0.012 seconds
[2024-01-31T10:55:19.256+0000] {processor.py:161} INFO - Started process (PID=6157) to work on /opt/airflow/dags/1706572800.xlsx
[2024-01-31T10:55:19.256+0000] {processor.py:830} INFO - Processing file /opt/airflow/dags/1706572800.xlsx for tasks to queue
[2024-01-31T10:55:19.258+0000] {logging_mixin.py:188} INFO - [2024-01-31T10:55:19.258+0000] {dagbag.py:538} INFO - Filling up the DagBag from /opt/airflow/dags/1706572800.xlsx
[2024-01-31T10:55:19.259+0000] {processor.py:842} WARNING - No viable dags retrieved from /opt/airflow/dags/1706572800.xlsx
[2024-01-31T10:55:19.265+0000] {processor.py:183} INFO - Processing /opt/airflow/dags/1706572800.xlsx took 0.012 seconds
[2024-01-31T10:55:49.953+0000] {processor.py:161} INFO - Started process (PID=6218) to work on /opt/airflow/dags/1706572800.xlsx
[2024-01-31T10:55:49.955+0000] {processor.py:830} INFO - Processing file /opt/airflow/dags/1706572800.xlsx for tasks to queue
[2024-01-31T10:55:49.956+0000] {logging_mixin.py:188} INFO - [2024-01-31T10:55:49.956+0000] {dagbag.py:538} INFO - Filling up the DagBag from /opt/airflow/dags/1706572800.xlsx
[2024-01-31T10:55:49.957+0000] {processor.py:842} WARNING - No viable dags retrieved from /opt/airflow/dags/1706572800.xlsx
[2024-01-31T10:55:49.963+0000] {processor.py:183} INFO - Processing /opt/airflow/dags/1706572800.xlsx took 0.012 seconds
[2024-01-31T10:56:20.477+0000] {processor.py:161} INFO - Started process (PID=6279) to work on /opt/airflow/dags/1706572800.xlsx
[2024-01-31T10:56:20.479+0000] {processor.py:830} INFO - Processing file /opt/airflow/dags/1706572800.xlsx for tasks to queue
[2024-01-31T10:56:20.481+0000] {logging_mixin.py:188} INFO - [2024-01-31T10:56:20.480+0000] {dagbag.py:538} INFO - Filling up the DagBag from /opt/airflow/dags/1706572800.xlsx
[2024-01-31T10:56:20.482+0000] {processor.py:842} WARNING - No viable dags retrieved from /opt/airflow/dags/1706572800.xlsx
[2024-01-31T10:56:20.488+0000] {processor.py:183} INFO - Processing /opt/airflow/dags/1706572800.xlsx took 0.013 seconds
[2024-01-31T10:56:50.722+0000] {processor.py:161} INFO - Started process (PID=6340) to work on /opt/airflow/dags/1706572800.xlsx
[2024-01-31T10:56:50.723+0000] {processor.py:830} INFO - Processing file /opt/airflow/dags/1706572800.xlsx for tasks to queue
[2024-01-31T10:56:50.725+0000] {logging_mixin.py:188} INFO - [2024-01-31T10:56:50.725+0000] {dagbag.py:538} INFO - Filling up the DagBag from /opt/airflow/dags/1706572800.xlsx
[2024-01-31T10:56:50.726+0000] {processor.py:842} WARNING - No viable dags retrieved from /opt/airflow/dags/1706572800.xlsx
[2024-01-31T10:56:50.733+0000] {processor.py:183} INFO - Processing /opt/airflow/dags/1706572800.xlsx took 0.012 seconds
[2024-01-31T10:57:21.401+0000] {processor.py:161} INFO - Started process (PID=6401) to work on /opt/airflow/dags/1706572800.xlsx
[2024-01-31T10:57:21.403+0000] {processor.py:830} INFO - Processing file /opt/airflow/dags/1706572800.xlsx for tasks to queue
[2024-01-31T10:57:21.404+0000] {logging_mixin.py:188} INFO - [2024-01-31T10:57:21.404+0000] {dagbag.py:538} INFO - Filling up the DagBag from /opt/airflow/dags/1706572800.xlsx
[2024-01-31T10:57:21.405+0000] {processor.py:842} WARNING - No viable dags retrieved from /opt/airflow/dags/1706572800.xlsx
[2024-01-31T10:57:21.411+0000] {processor.py:183} INFO - Processing /opt/airflow/dags/1706572800.xlsx took 0.012 seconds
[2024-01-31T10:57:52.448+0000] {processor.py:161} INFO - Started process (PID=6462) to work on /opt/airflow/dags/1706572800.xlsx
[2024-01-31T10:57:52.449+0000] {processor.py:830} INFO - Processing file /opt/airflow/dags/1706572800.xlsx for tasks to queue
[2024-01-31T10:57:52.450+0000] {logging_mixin.py:188} INFO - [2024-01-31T10:57:52.450+0000] {dagbag.py:538} INFO - Filling up the DagBag from /opt/airflow/dags/1706572800.xlsx
[2024-01-31T10:57:52.451+0000] {processor.py:842} WARNING - No viable dags retrieved from /opt/airflow/dags/1706572800.xlsx
[2024-01-31T10:57:52.458+0000] {processor.py:183} INFO - Processing /opt/airflow/dags/1706572800.xlsx took 0.011 seconds
[2024-01-31T10:58:23.614+0000] {processor.py:161} INFO - Started process (PID=6523) to work on /opt/airflow/dags/1706572800.xlsx
[2024-01-31T10:58:23.615+0000] {processor.py:830} INFO - Processing file /opt/airflow/dags/1706572800.xlsx for tasks to queue
[2024-01-31T10:58:23.616+0000] {logging_mixin.py:188} INFO - [2024-01-31T10:58:23.616+0000] {dagbag.py:538} INFO - Filling up the DagBag from /opt/airflow/dags/1706572800.xlsx
[2024-01-31T10:58:23.617+0000] {processor.py:842} WARNING - No viable dags retrieved from /opt/airflow/dags/1706572800.xlsx
[2024-01-31T10:58:23.624+0000] {processor.py:183} INFO - Processing /opt/airflow/dags/1706572800.xlsx took 0.011 seconds
[2024-01-31T10:58:54.453+0000] {processor.py:161} INFO - Started process (PID=6584) to work on /opt/airflow/dags/1706572800.xlsx
[2024-01-31T10:58:54.454+0000] {processor.py:830} INFO - Processing file /opt/airflow/dags/1706572800.xlsx for tasks to queue
[2024-01-31T10:58:54.455+0000] {logging_mixin.py:188} INFO - [2024-01-31T10:58:54.455+0000] {dagbag.py:538} INFO - Filling up the DagBag from /opt/airflow/dags/1706572800.xlsx
[2024-01-31T10:58:54.456+0000] {processor.py:842} WARNING - No viable dags retrieved from /opt/airflow/dags/1706572800.xlsx
[2024-01-31T10:58:54.463+0000] {processor.py:183} INFO - Processing /opt/airflow/dags/1706572800.xlsx took 0.011 seconds
[2024-01-31T10:59:25.490+0000] {processor.py:161} INFO - Started process (PID=6645) to work on /opt/airflow/dags/1706572800.xlsx
[2024-01-31T10:59:25.490+0000] {processor.py:830} INFO - Processing file /opt/airflow/dags/1706572800.xlsx for tasks to queue
[2024-01-31T10:59:25.491+0000] {logging_mixin.py:188} INFO - [2024-01-31T10:59:25.491+0000] {dagbag.py:538} INFO - Filling up the DagBag from /opt/airflow/dags/1706572800.xlsx
[2024-01-31T10:59:25.493+0000] {processor.py:842} WARNING - No viable dags retrieved from /opt/airflow/dags/1706572800.xlsx
[2024-01-31T10:59:25.499+0000] {processor.py:183} INFO - Processing /opt/airflow/dags/1706572800.xlsx took 0.011 seconds
[2024-01-31T10:59:56.679+0000] {processor.py:161} INFO - Started process (PID=6706) to work on /opt/airflow/dags/1706572800.xlsx
[2024-01-31T10:59:56.680+0000] {processor.py:830} INFO - Processing file /opt/airflow/dags/1706572800.xlsx for tasks to queue
[2024-01-31T10:59:56.681+0000] {logging_mixin.py:188} INFO - [2024-01-31T10:59:56.681+0000] {dagbag.py:538} INFO - Filling up the DagBag from /opt/airflow/dags/1706572800.xlsx
[2024-01-31T10:59:56.682+0000] {processor.py:842} WARNING - No viable dags retrieved from /opt/airflow/dags/1706572800.xlsx
[2024-01-31T10:59:56.689+0000] {processor.py:183} INFO - Processing /opt/airflow/dags/1706572800.xlsx took 0.012 seconds
[2024-01-31T11:00:26.973+0000] {processor.py:161} INFO - Started process (PID=6767) to work on /opt/airflow/dags/1706572800.xlsx
[2024-01-31T11:00:26.974+0000] {processor.py:830} INFO - Processing file /opt/airflow/dags/1706572800.xlsx for tasks to queue
[2024-01-31T11:00:26.975+0000] {logging_mixin.py:188} INFO - [2024-01-31T11:00:26.975+0000] {dagbag.py:538} INFO - Filling up the DagBag from /opt/airflow/dags/1706572800.xlsx
[2024-01-31T11:00:26.976+0000] {processor.py:842} WARNING - No viable dags retrieved from /opt/airflow/dags/1706572800.xlsx
[2024-01-31T11:00:26.983+0000] {processor.py:183} INFO - Processing /opt/airflow/dags/1706572800.xlsx took 0.012 seconds
[2024-01-31T11:00:57.307+0000] {processor.py:161} INFO - Started process (PID=6828) to work on /opt/airflow/dags/1706572800.xlsx
[2024-01-31T11:00:57.309+0000] {processor.py:830} INFO - Processing file /opt/airflow/dags/1706572800.xlsx for tasks to queue
[2024-01-31T11:00:57.310+0000] {logging_mixin.py:188} INFO - [2024-01-31T11:00:57.310+0000] {dagbag.py:538} INFO - Filling up the DagBag from /opt/airflow/dags/1706572800.xlsx
[2024-01-31T11:00:57.311+0000] {processor.py:842} WARNING - No viable dags retrieved from /opt/airflow/dags/1706572800.xlsx
[2024-01-31T11:00:57.317+0000] {processor.py:183} INFO - Processing /opt/airflow/dags/1706572800.xlsx took 0.012 seconds
