[2024-01-31T10:18:53.850+0000] {processor.py:161} INFO - Started process (PID=1788) to work on /opt/airflow/dags/20240131.xlsx
[2024-01-31T10:18:53.850+0000] {processor.py:830} INFO - Processing file /opt/airflow/dags/20240131.xlsx for tasks to queue
[2024-01-31T10:18:53.853+0000] {logging_mixin.py:188} INFO - [2024-01-31T10:18:53.852+0000] {dagbag.py:538} INFO - Filling up the DagBag from /opt/airflow/dags/20240131.xlsx
[2024-01-31T10:18:53.855+0000] {processor.py:842} WARNING - No viable dags retrieved from /opt/airflow/dags/20240131.xlsx
[2024-01-31T10:18:53.865+0000] {processor.py:183} INFO - Processing /opt/airflow/dags/20240131.xlsx took 0.018 seconds
[2024-01-31T10:19:25.021+0000] {processor.py:161} INFO - Started process (PID=1853) to work on /opt/airflow/dags/20240131.xlsx
[2024-01-31T10:19:25.027+0000] {processor.py:830} INFO - Processing file /opt/airflow/dags/20240131.xlsx for tasks to queue
[2024-01-31T10:19:25.030+0000] {logging_mixin.py:188} INFO - [2024-01-31T10:19:25.030+0000] {dagbag.py:538} INFO - Filling up the DagBag from /opt/airflow/dags/20240131.xlsx
[2024-01-31T10:19:25.032+0000] {processor.py:842} WARNING - No viable dags retrieved from /opt/airflow/dags/20240131.xlsx
[2024-01-31T10:19:25.046+0000] {processor.py:183} INFO - Processing /opt/airflow/dags/20240131.xlsx took 0.032 seconds
[2024-01-31T10:19:56.177+0000] {processor.py:161} INFO - Started process (PID=1914) to work on /opt/airflow/dags/20240131.xlsx
[2024-01-31T10:19:56.179+0000] {processor.py:830} INFO - Processing file /opt/airflow/dags/20240131.xlsx for tasks to queue
[2024-01-31T10:19:56.181+0000] {logging_mixin.py:188} INFO - [2024-01-31T10:19:56.181+0000] {dagbag.py:538} INFO - Filling up the DagBag from /opt/airflow/dags/20240131.xlsx
[2024-01-31T10:19:56.184+0000] {processor.py:842} WARNING - No viable dags retrieved from /opt/airflow/dags/20240131.xlsx
[2024-01-31T10:19:56.194+0000] {processor.py:183} INFO - Processing /opt/airflow/dags/20240131.xlsx took 0.020 seconds
[2024-01-31T10:20:26.417+0000] {processor.py:161} INFO - Started process (PID=1975) to work on /opt/airflow/dags/20240131.xlsx
[2024-01-31T10:20:26.419+0000] {processor.py:830} INFO - Processing file /opt/airflow/dags/20240131.xlsx for tasks to queue
[2024-01-31T10:20:26.422+0000] {logging_mixin.py:188} INFO - [2024-01-31T10:20:26.422+0000] {dagbag.py:538} INFO - Filling up the DagBag from /opt/airflow/dags/20240131.xlsx
[2024-01-31T10:20:26.426+0000] {processor.py:842} WARNING - No viable dags retrieved from /opt/airflow/dags/20240131.xlsx
[2024-01-31T10:20:26.456+0000] {processor.py:183} INFO - Processing /opt/airflow/dags/20240131.xlsx took 0.043 seconds
[2024-01-31T10:20:57.533+0000] {processor.py:161} INFO - Started process (PID=2036) to work on /opt/airflow/dags/20240131.xlsx
[2024-01-31T10:20:57.534+0000] {processor.py:830} INFO - Processing file /opt/airflow/dags/20240131.xlsx for tasks to queue
[2024-01-31T10:20:57.537+0000] {logging_mixin.py:188} INFO - [2024-01-31T10:20:57.537+0000] {dagbag.py:538} INFO - Filling up the DagBag from /opt/airflow/dags/20240131.xlsx
[2024-01-31T10:20:57.540+0000] {processor.py:842} WARNING - No viable dags retrieved from /opt/airflow/dags/20240131.xlsx
[2024-01-31T10:20:57.551+0000] {processor.py:183} INFO - Processing /opt/airflow/dags/20240131.xlsx took 0.022 seconds
[2024-01-31T10:21:28.391+0000] {processor.py:161} INFO - Started process (PID=2097) to work on /opt/airflow/dags/20240131.xlsx
[2024-01-31T10:21:28.393+0000] {processor.py:830} INFO - Processing file /opt/airflow/dags/20240131.xlsx for tasks to queue
[2024-01-31T10:21:28.395+0000] {logging_mixin.py:188} INFO - [2024-01-31T10:21:28.395+0000] {dagbag.py:538} INFO - Filling up the DagBag from /opt/airflow/dags/20240131.xlsx
[2024-01-31T10:21:28.398+0000] {processor.py:842} WARNING - No viable dags retrieved from /opt/airflow/dags/20240131.xlsx
[2024-01-31T10:21:28.407+0000] {processor.py:183} INFO - Processing /opt/airflow/dags/20240131.xlsx took 0.020 seconds
[2024-01-31T10:21:59.376+0000] {processor.py:161} INFO - Started process (PID=2158) to work on /opt/airflow/dags/20240131.xlsx
[2024-01-31T10:21:59.377+0000] {processor.py:830} INFO - Processing file /opt/airflow/dags/20240131.xlsx for tasks to queue
[2024-01-31T10:21:59.380+0000] {logging_mixin.py:188} INFO - [2024-01-31T10:21:59.380+0000] {dagbag.py:538} INFO - Filling up the DagBag from /opt/airflow/dags/20240131.xlsx
[2024-01-31T10:21:59.383+0000] {processor.py:842} WARNING - No viable dags retrieved from /opt/airflow/dags/20240131.xlsx
[2024-01-31T10:21:59.396+0000] {processor.py:183} INFO - Processing /opt/airflow/dags/20240131.xlsx took 0.025 seconds
[2024-01-31T10:22:30.479+0000] {processor.py:161} INFO - Started process (PID=2218) to work on /opt/airflow/dags/20240131.xlsx
[2024-01-31T10:22:30.480+0000] {processor.py:830} INFO - Processing file /opt/airflow/dags/20240131.xlsx for tasks to queue
[2024-01-31T10:22:30.484+0000] {logging_mixin.py:188} INFO - [2024-01-31T10:22:30.484+0000] {dagbag.py:538} INFO - Filling up the DagBag from /opt/airflow/dags/20240131.xlsx
[2024-01-31T10:22:30.487+0000] {processor.py:842} WARNING - No viable dags retrieved from /opt/airflow/dags/20240131.xlsx
[2024-01-31T10:22:30.500+0000] {processor.py:183} INFO - Processing /opt/airflow/dags/20240131.xlsx took 0.033 seconds
[2024-01-31T10:23:02.063+0000] {processor.py:161} INFO - Started process (PID=2293) to work on /opt/airflow/dags/20240131.xlsx
[2024-01-31T10:23:02.074+0000] {processor.py:830} INFO - Processing file /opt/airflow/dags/20240131.xlsx for tasks to queue
[2024-01-31T10:23:02.097+0000] {logging_mixin.py:188} INFO - [2024-01-31T10:23:02.096+0000] {dagbag.py:538} INFO - Filling up the DagBag from /opt/airflow/dags/20240131.xlsx
[2024-01-31T10:23:02.114+0000] {processor.py:842} WARNING - No viable dags retrieved from /opt/airflow/dags/20240131.xlsx
[2024-01-31T10:23:02.251+0000] {processor.py:183} INFO - Processing /opt/airflow/dags/20240131.xlsx took 0.201 seconds
[2024-01-31T10:23:32.584+0000] {processor.py:161} INFO - Started process (PID=2360) to work on /opt/airflow/dags/20240131.xlsx
[2024-01-31T10:23:32.585+0000] {processor.py:830} INFO - Processing file /opt/airflow/dags/20240131.xlsx for tasks to queue
[2024-01-31T10:23:32.586+0000] {logging_mixin.py:188} INFO - [2024-01-31T10:23:32.586+0000] {dagbag.py:538} INFO - Filling up the DagBag from /opt/airflow/dags/20240131.xlsx
[2024-01-31T10:23:32.587+0000] {processor.py:842} WARNING - No viable dags retrieved from /opt/airflow/dags/20240131.xlsx
[2024-01-31T10:23:32.595+0000] {processor.py:183} INFO - Processing /opt/airflow/dags/20240131.xlsx took 0.013 seconds
[2024-01-31T10:24:02.905+0000] {processor.py:161} INFO - Started process (PID=2421) to work on /opt/airflow/dags/20240131.xlsx
[2024-01-31T10:24:02.906+0000] {processor.py:830} INFO - Processing file /opt/airflow/dags/20240131.xlsx for tasks to queue
[2024-01-31T10:24:02.907+0000] {logging_mixin.py:188} INFO - [2024-01-31T10:24:02.907+0000] {dagbag.py:538} INFO - Filling up the DagBag from /opt/airflow/dags/20240131.xlsx
[2024-01-31T10:24:02.909+0000] {processor.py:842} WARNING - No viable dags retrieved from /opt/airflow/dags/20240131.xlsx
[2024-01-31T10:24:02.918+0000] {processor.py:183} INFO - Processing /opt/airflow/dags/20240131.xlsx took 0.014 seconds
[2024-01-31T10:24:33.262+0000] {processor.py:161} INFO - Started process (PID=2482) to work on /opt/airflow/dags/20240131.xlsx
[2024-01-31T10:24:33.264+0000] {processor.py:830} INFO - Processing file /opt/airflow/dags/20240131.xlsx for tasks to queue
[2024-01-31T10:24:33.265+0000] {logging_mixin.py:188} INFO - [2024-01-31T10:24:33.265+0000] {dagbag.py:538} INFO - Filling up the DagBag from /opt/airflow/dags/20240131.xlsx
[2024-01-31T10:24:33.266+0000] {processor.py:842} WARNING - No viable dags retrieved from /opt/airflow/dags/20240131.xlsx
[2024-01-31T10:24:33.273+0000] {processor.py:183} INFO - Processing /opt/airflow/dags/20240131.xlsx took 0.013 seconds
[2024-01-31T10:25:04.414+0000] {processor.py:161} INFO - Started process (PID=2543) to work on /opt/airflow/dags/20240131.xlsx
[2024-01-31T10:25:04.416+0000] {processor.py:830} INFO - Processing file /opt/airflow/dags/20240131.xlsx for tasks to queue
[2024-01-31T10:25:04.418+0000] {logging_mixin.py:188} INFO - [2024-01-31T10:25:04.418+0000] {dagbag.py:538} INFO - Filling up the DagBag from /opt/airflow/dags/20240131.xlsx
[2024-01-31T10:25:04.420+0000] {processor.py:842} WARNING - No viable dags retrieved from /opt/airflow/dags/20240131.xlsx
[2024-01-31T10:25:04.433+0000] {processor.py:183} INFO - Processing /opt/airflow/dags/20240131.xlsx took 0.022 seconds
[2024-01-31T10:25:35.370+0000] {processor.py:161} INFO - Started process (PID=2604) to work on /opt/airflow/dags/20240131.xlsx
[2024-01-31T10:25:35.371+0000] {processor.py:830} INFO - Processing file /opt/airflow/dags/20240131.xlsx for tasks to queue
[2024-01-31T10:25:35.373+0000] {logging_mixin.py:188} INFO - [2024-01-31T10:25:35.373+0000] {dagbag.py:538} INFO - Filling up the DagBag from /opt/airflow/dags/20240131.xlsx
[2024-01-31T10:25:35.374+0000] {processor.py:842} WARNING - No viable dags retrieved from /opt/airflow/dags/20240131.xlsx
[2024-01-31T10:25:35.384+0000] {processor.py:183} INFO - Processing /opt/airflow/dags/20240131.xlsx took 0.017 seconds
[2024-01-31T10:26:05.601+0000] {processor.py:161} INFO - Started process (PID=2665) to work on /opt/airflow/dags/20240131.xlsx
[2024-01-31T10:26:05.602+0000] {processor.py:830} INFO - Processing file /opt/airflow/dags/20240131.xlsx for tasks to queue
[2024-01-31T10:26:05.604+0000] {logging_mixin.py:188} INFO - [2024-01-31T10:26:05.604+0000] {dagbag.py:538} INFO - Filling up the DagBag from /opt/airflow/dags/20240131.xlsx
[2024-01-31T10:26:05.605+0000] {processor.py:842} WARNING - No viable dags retrieved from /opt/airflow/dags/20240131.xlsx
[2024-01-31T10:26:05.614+0000] {processor.py:183} INFO - Processing /opt/airflow/dags/20240131.xlsx took 0.015 seconds
[2024-01-31T10:26:36.749+0000] {processor.py:161} INFO - Started process (PID=2726) to work on /opt/airflow/dags/20240131.xlsx
[2024-01-31T10:26:36.750+0000] {processor.py:830} INFO - Processing file /opt/airflow/dags/20240131.xlsx for tasks to queue
[2024-01-31T10:26:36.753+0000] {logging_mixin.py:188} INFO - [2024-01-31T10:26:36.753+0000] {dagbag.py:538} INFO - Filling up the DagBag from /opt/airflow/dags/20240131.xlsx
[2024-01-31T10:26:36.755+0000] {processor.py:842} WARNING - No viable dags retrieved from /opt/airflow/dags/20240131.xlsx
[2024-01-31T10:26:36.768+0000] {processor.py:183} INFO - Processing /opt/airflow/dags/20240131.xlsx took 0.023 seconds
[2024-01-31T10:27:06.957+0000] {processor.py:161} INFO - Started process (PID=2787) to work on /opt/airflow/dags/20240131.xlsx
[2024-01-31T10:27:06.959+0000] {processor.py:830} INFO - Processing file /opt/airflow/dags/20240131.xlsx for tasks to queue
[2024-01-31T10:27:06.963+0000] {logging_mixin.py:188} INFO - [2024-01-31T10:27:06.962+0000] {dagbag.py:538} INFO - Filling up the DagBag from /opt/airflow/dags/20240131.xlsx
[2024-01-31T10:27:06.965+0000] {processor.py:842} WARNING - No viable dags retrieved from /opt/airflow/dags/20240131.xlsx
[2024-01-31T10:27:06.980+0000] {processor.py:183} INFO - Processing /opt/airflow/dags/20240131.xlsx took 0.026 seconds
[2024-01-31T10:27:38.151+0000] {processor.py:161} INFO - Started process (PID=2848) to work on /opt/airflow/dags/20240131.xlsx
[2024-01-31T10:27:38.153+0000] {processor.py:830} INFO - Processing file /opt/airflow/dags/20240131.xlsx for tasks to queue
[2024-01-31T10:27:38.157+0000] {logging_mixin.py:188} INFO - [2024-01-31T10:27:38.156+0000] {dagbag.py:538} INFO - Filling up the DagBag from /opt/airflow/dags/20240131.xlsx
[2024-01-31T10:27:38.164+0000] {processor.py:842} WARNING - No viable dags retrieved from /opt/airflow/dags/20240131.xlsx
[2024-01-31T10:27:38.197+0000] {processor.py:183} INFO - Processing /opt/airflow/dags/20240131.xlsx took 0.051 seconds
[2024-01-31T10:28:08.787+0000] {processor.py:161} INFO - Started process (PID=2909) to work on /opt/airflow/dags/20240131.xlsx
[2024-01-31T10:28:08.791+0000] {processor.py:830} INFO - Processing file /opt/airflow/dags/20240131.xlsx for tasks to queue
[2024-01-31T10:28:08.803+0000] {logging_mixin.py:188} INFO - [2024-01-31T10:28:08.802+0000] {dagbag.py:538} INFO - Filling up the DagBag from /opt/airflow/dags/20240131.xlsx
[2024-01-31T10:28:08.807+0000] {processor.py:842} WARNING - No viable dags retrieved from /opt/airflow/dags/20240131.xlsx
[2024-01-31T10:28:08.838+0000] {processor.py:183} INFO - Processing /opt/airflow/dags/20240131.xlsx took 0.058 seconds
[2024-01-31T10:28:39.102+0000] {processor.py:161} INFO - Started process (PID=2977) to work on /opt/airflow/dags/20240131.xlsx
[2024-01-31T10:28:39.105+0000] {processor.py:830} INFO - Processing file /opt/airflow/dags/20240131.xlsx for tasks to queue
[2024-01-31T10:28:39.111+0000] {logging_mixin.py:188} INFO - [2024-01-31T10:28:39.110+0000] {dagbag.py:538} INFO - Filling up the DagBag from /opt/airflow/dags/20240131.xlsx
[2024-01-31T10:28:39.115+0000] {processor.py:842} WARNING - No viable dags retrieved from /opt/airflow/dags/20240131.xlsx
[2024-01-31T10:28:39.146+0000] {processor.py:183} INFO - Processing /opt/airflow/dags/20240131.xlsx took 0.048 seconds
[2024-01-31T10:29:09.892+0000] {processor.py:161} INFO - Started process (PID=3038) to work on /opt/airflow/dags/20240131.xlsx
[2024-01-31T10:29:09.895+0000] {processor.py:830} INFO - Processing file /opt/airflow/dags/20240131.xlsx for tasks to queue
[2024-01-31T10:29:09.902+0000] {logging_mixin.py:188} INFO - [2024-01-31T10:29:09.901+0000] {dagbag.py:538} INFO - Filling up the DagBag from /opt/airflow/dags/20240131.xlsx
[2024-01-31T10:29:09.906+0000] {processor.py:842} WARNING - No viable dags retrieved from /opt/airflow/dags/20240131.xlsx
[2024-01-31T10:29:09.931+0000] {processor.py:183} INFO - Processing /opt/airflow/dags/20240131.xlsx took 0.053 seconds
[2024-01-31T10:29:40.242+0000] {processor.py:161} INFO - Started process (PID=3099) to work on /opt/airflow/dags/20240131.xlsx
[2024-01-31T10:29:40.245+0000] {processor.py:830} INFO - Processing file /opt/airflow/dags/20240131.xlsx for tasks to queue
[2024-01-31T10:29:40.251+0000] {logging_mixin.py:188} INFO - [2024-01-31T10:29:40.250+0000] {dagbag.py:538} INFO - Filling up the DagBag from /opt/airflow/dags/20240131.xlsx
[2024-01-31T10:29:40.253+0000] {processor.py:842} WARNING - No viable dags retrieved from /opt/airflow/dags/20240131.xlsx
[2024-01-31T10:29:40.286+0000] {processor.py:183} INFO - Processing /opt/airflow/dags/20240131.xlsx took 0.050 seconds
[2024-01-31T10:30:10.995+0000] {processor.py:161} INFO - Started process (PID=3160) to work on /opt/airflow/dags/20240131.xlsx
[2024-01-31T10:30:11.001+0000] {processor.py:830} INFO - Processing file /opt/airflow/dags/20240131.xlsx for tasks to queue
[2024-01-31T10:30:11.020+0000] {logging_mixin.py:188} INFO - [2024-01-31T10:30:11.016+0000] {dagbag.py:538} INFO - Filling up the DagBag from /opt/airflow/dags/20240131.xlsx
[2024-01-31T10:30:11.023+0000] {processor.py:842} WARNING - No viable dags retrieved from /opt/airflow/dags/20240131.xlsx
[2024-01-31T10:30:11.040+0000] {processor.py:183} INFO - Processing /opt/airflow/dags/20240131.xlsx took 0.053 seconds
[2024-01-31T10:30:42.025+0000] {processor.py:161} INFO - Started process (PID=3221) to work on /opt/airflow/dags/20240131.xlsx
[2024-01-31T10:30:42.028+0000] {processor.py:830} INFO - Processing file /opt/airflow/dags/20240131.xlsx for tasks to queue
[2024-01-31T10:30:42.030+0000] {logging_mixin.py:188} INFO - [2024-01-31T10:30:42.030+0000] {dagbag.py:538} INFO - Filling up the DagBag from /opt/airflow/dags/20240131.xlsx
[2024-01-31T10:30:42.031+0000] {processor.py:842} WARNING - No viable dags retrieved from /opt/airflow/dags/20240131.xlsx
[2024-01-31T10:30:42.038+0000] {processor.py:183} INFO - Processing /opt/airflow/dags/20240131.xlsx took 0.015 seconds
[2024-01-31T10:31:13.215+0000] {processor.py:161} INFO - Started process (PID=3282) to work on /opt/airflow/dags/20240131.xlsx
[2024-01-31T10:31:13.217+0000] {processor.py:830} INFO - Processing file /opt/airflow/dags/20240131.xlsx for tasks to queue
[2024-01-31T10:31:13.222+0000] {logging_mixin.py:188} INFO - [2024-01-31T10:31:13.222+0000] {dagbag.py:538} INFO - Filling up the DagBag from /opt/airflow/dags/20240131.xlsx
[2024-01-31T10:31:13.224+0000] {processor.py:842} WARNING - No viable dags retrieved from /opt/airflow/dags/20240131.xlsx
[2024-01-31T10:31:13.247+0000] {processor.py:183} INFO - Processing /opt/airflow/dags/20240131.xlsx took 0.037 seconds
[2024-01-31T10:31:44.278+0000] {processor.py:161} INFO - Started process (PID=3343) to work on /opt/airflow/dags/20240131.xlsx
[2024-01-31T10:31:44.280+0000] {processor.py:830} INFO - Processing file /opt/airflow/dags/20240131.xlsx for tasks to queue
[2024-01-31T10:31:44.282+0000] {logging_mixin.py:188} INFO - [2024-01-31T10:31:44.282+0000] {dagbag.py:538} INFO - Filling up the DagBag from /opt/airflow/dags/20240131.xlsx
[2024-01-31T10:31:44.284+0000] {processor.py:842} WARNING - No viable dags retrieved from /opt/airflow/dags/20240131.xlsx
[2024-01-31T10:31:44.294+0000] {processor.py:183} INFO - Processing /opt/airflow/dags/20240131.xlsx took 0.021 seconds
[2024-01-31T10:32:14.455+0000] {processor.py:161} INFO - Started process (PID=3404) to work on /opt/airflow/dags/20240131.xlsx
[2024-01-31T10:32:14.456+0000] {processor.py:830} INFO - Processing file /opt/airflow/dags/20240131.xlsx for tasks to queue
[2024-01-31T10:32:14.458+0000] {logging_mixin.py:188} INFO - [2024-01-31T10:32:14.458+0000] {dagbag.py:538} INFO - Filling up the DagBag from /opt/airflow/dags/20240131.xlsx
[2024-01-31T10:32:14.460+0000] {processor.py:842} WARNING - No viable dags retrieved from /opt/airflow/dags/20240131.xlsx
[2024-01-31T10:32:14.467+0000] {processor.py:183} INFO - Processing /opt/airflow/dags/20240131.xlsx took 0.014 seconds
[2024-01-31T10:32:45.646+0000] {processor.py:161} INFO - Started process (PID=3465) to work on /opt/airflow/dags/20240131.xlsx
[2024-01-31T10:32:45.648+0000] {processor.py:830} INFO - Processing file /opt/airflow/dags/20240131.xlsx for tasks to queue
[2024-01-31T10:32:45.652+0000] {logging_mixin.py:188} INFO - [2024-01-31T10:32:45.651+0000] {dagbag.py:538} INFO - Filling up the DagBag from /opt/airflow/dags/20240131.xlsx
[2024-01-31T10:32:45.654+0000] {processor.py:842} WARNING - No viable dags retrieved from /opt/airflow/dags/20240131.xlsx
[2024-01-31T10:32:45.665+0000] {processor.py:183} INFO - Processing /opt/airflow/dags/20240131.xlsx took 0.025 seconds
[2024-01-31T10:33:16.229+0000] {processor.py:161} INFO - Started process (PID=3526) to work on /opt/airflow/dags/20240131.xlsx
[2024-01-31T10:33:16.235+0000] {processor.py:830} INFO - Processing file /opt/airflow/dags/20240131.xlsx for tasks to queue
[2024-01-31T10:33:16.245+0000] {logging_mixin.py:188} INFO - [2024-01-31T10:33:16.244+0000] {dagbag.py:538} INFO - Filling up the DagBag from /opt/airflow/dags/20240131.xlsx
[2024-01-31T10:33:16.247+0000] {processor.py:842} WARNING - No viable dags retrieved from /opt/airflow/dags/20240131.xlsx
[2024-01-31T10:33:16.259+0000] {processor.py:183} INFO - Processing /opt/airflow/dags/20240131.xlsx took 0.045 seconds
[2024-01-31T10:33:47.387+0000] {processor.py:161} INFO - Started process (PID=3587) to work on /opt/airflow/dags/20240131.xlsx
[2024-01-31T10:33:47.389+0000] {processor.py:830} INFO - Processing file /opt/airflow/dags/20240131.xlsx for tasks to queue
[2024-01-31T10:33:47.392+0000] {logging_mixin.py:188} INFO - [2024-01-31T10:33:47.391+0000] {dagbag.py:538} INFO - Filling up the DagBag from /opt/airflow/dags/20240131.xlsx
[2024-01-31T10:33:47.393+0000] {processor.py:842} WARNING - No viable dags retrieved from /opt/airflow/dags/20240131.xlsx
[2024-01-31T10:33:47.403+0000] {processor.py:183} INFO - Processing /opt/airflow/dags/20240131.xlsx took 0.020 seconds
[2024-01-31T10:34:18.039+0000] {processor.py:161} INFO - Started process (PID=3648) to work on /opt/airflow/dags/20240131.xlsx
[2024-01-31T10:34:18.041+0000] {processor.py:830} INFO - Processing file /opt/airflow/dags/20240131.xlsx for tasks to queue
[2024-01-31T10:34:18.045+0000] {logging_mixin.py:188} INFO - [2024-01-31T10:34:18.044+0000] {dagbag.py:538} INFO - Filling up the DagBag from /opt/airflow/dags/20240131.xlsx
[2024-01-31T10:34:18.047+0000] {processor.py:842} WARNING - No viable dags retrieved from /opt/airflow/dags/20240131.xlsx
[2024-01-31T10:34:18.058+0000] {processor.py:183} INFO - Processing /opt/airflow/dags/20240131.xlsx took 0.023 seconds
[2024-01-31T10:34:48.290+0000] {processor.py:161} INFO - Started process (PID=3709) to work on /opt/airflow/dags/20240131.xlsx
[2024-01-31T10:34:48.292+0000] {processor.py:830} INFO - Processing file /opt/airflow/dags/20240131.xlsx for tasks to queue
[2024-01-31T10:34:48.296+0000] {logging_mixin.py:188} INFO - [2024-01-31T10:34:48.295+0000] {dagbag.py:538} INFO - Filling up the DagBag from /opt/airflow/dags/20240131.xlsx
[2024-01-31T10:34:48.303+0000] {processor.py:842} WARNING - No viable dags retrieved from /opt/airflow/dags/20240131.xlsx
[2024-01-31T10:34:48.317+0000] {processor.py:183} INFO - Processing /opt/airflow/dags/20240131.xlsx took 0.032 seconds
[2024-01-31T10:35:19.459+0000] {processor.py:161} INFO - Started process (PID=3770) to work on /opt/airflow/dags/20240131.xlsx
[2024-01-31T10:35:19.462+0000] {processor.py:830} INFO - Processing file /opt/airflow/dags/20240131.xlsx for tasks to queue
[2024-01-31T10:35:19.468+0000] {logging_mixin.py:188} INFO - [2024-01-31T10:35:19.466+0000] {dagbag.py:538} INFO - Filling up the DagBag from /opt/airflow/dags/20240131.xlsx
[2024-01-31T10:35:19.472+0000] {processor.py:842} WARNING - No viable dags retrieved from /opt/airflow/dags/20240131.xlsx
[2024-01-31T10:35:19.494+0000] {processor.py:183} INFO - Processing /opt/airflow/dags/20240131.xlsx took 0.039 seconds
[2024-01-31T10:35:50.150+0000] {processor.py:161} INFO - Started process (PID=3831) to work on /opt/airflow/dags/20240131.xlsx
[2024-01-31T10:35:50.152+0000] {processor.py:830} INFO - Processing file /opt/airflow/dags/20240131.xlsx for tasks to queue
[2024-01-31T10:35:50.156+0000] {logging_mixin.py:188} INFO - [2024-01-31T10:35:50.155+0000] {dagbag.py:538} INFO - Filling up the DagBag from /opt/airflow/dags/20240131.xlsx
[2024-01-31T10:35:50.159+0000] {processor.py:842} WARNING - No viable dags retrieved from /opt/airflow/dags/20240131.xlsx
[2024-01-31T10:35:50.173+0000] {processor.py:183} INFO - Processing /opt/airflow/dags/20240131.xlsx took 0.028 seconds
[2024-01-31T10:36:20.532+0000] {processor.py:161} INFO - Started process (PID=3892) to work on /opt/airflow/dags/20240131.xlsx
[2024-01-31T10:36:20.534+0000] {processor.py:830} INFO - Processing file /opt/airflow/dags/20240131.xlsx for tasks to queue
[2024-01-31T10:36:20.537+0000] {logging_mixin.py:188} INFO - [2024-01-31T10:36:20.536+0000] {dagbag.py:538} INFO - Filling up the DagBag from /opt/airflow/dags/20240131.xlsx
[2024-01-31T10:36:20.539+0000] {processor.py:842} WARNING - No viable dags retrieved from /opt/airflow/dags/20240131.xlsx
[2024-01-31T10:36:20.551+0000] {processor.py:183} INFO - Processing /opt/airflow/dags/20240131.xlsx took 0.023 seconds
[2024-01-31T10:36:50.892+0000] {processor.py:161} INFO - Started process (PID=3953) to work on /opt/airflow/dags/20240131.xlsx
[2024-01-31T10:36:50.894+0000] {processor.py:830} INFO - Processing file /opt/airflow/dags/20240131.xlsx for tasks to queue
[2024-01-31T10:36:50.898+0000] {logging_mixin.py:188} INFO - [2024-01-31T10:36:50.897+0000] {dagbag.py:538} INFO - Filling up the DagBag from /opt/airflow/dags/20240131.xlsx
[2024-01-31T10:36:50.900+0000] {processor.py:842} WARNING - No viable dags retrieved from /opt/airflow/dags/20240131.xlsx
[2024-01-31T10:36:50.912+0000] {processor.py:183} INFO - Processing /opt/airflow/dags/20240131.xlsx took 0.026 seconds
[2024-01-31T10:37:21.138+0000] {processor.py:161} INFO - Started process (PID=4014) to work on /opt/airflow/dags/20240131.xlsx
[2024-01-31T10:37:21.140+0000] {processor.py:830} INFO - Processing file /opt/airflow/dags/20240131.xlsx for tasks to queue
[2024-01-31T10:37:21.143+0000] {logging_mixin.py:188} INFO - [2024-01-31T10:37:21.143+0000] {dagbag.py:538} INFO - Filling up the DagBag from /opt/airflow/dags/20240131.xlsx
[2024-01-31T10:37:21.146+0000] {processor.py:842} WARNING - No viable dags retrieved from /opt/airflow/dags/20240131.xlsx
[2024-01-31T10:37:21.158+0000] {processor.py:183} INFO - Processing /opt/airflow/dags/20240131.xlsx took 0.025 seconds
[2024-01-31T10:37:51.454+0000] {processor.py:161} INFO - Started process (PID=4075) to work on /opt/airflow/dags/20240131.xlsx
[2024-01-31T10:37:51.457+0000] {processor.py:830} INFO - Processing file /opt/airflow/dags/20240131.xlsx for tasks to queue
[2024-01-31T10:37:51.460+0000] {logging_mixin.py:188} INFO - [2024-01-31T10:37:51.459+0000] {dagbag.py:538} INFO - Filling up the DagBag from /opt/airflow/dags/20240131.xlsx
[2024-01-31T10:37:51.462+0000] {processor.py:842} WARNING - No viable dags retrieved from /opt/airflow/dags/20240131.xlsx
[2024-01-31T10:37:51.479+0000] {processor.py:183} INFO - Processing /opt/airflow/dags/20240131.xlsx took 0.031 seconds
[2024-01-31T10:38:21.926+0000] {processor.py:161} INFO - Started process (PID=4136) to work on /opt/airflow/dags/20240131.xlsx
[2024-01-31T10:38:21.931+0000] {processor.py:830} INFO - Processing file /opt/airflow/dags/20240131.xlsx for tasks to queue
[2024-01-31T10:38:21.935+0000] {logging_mixin.py:188} INFO - [2024-01-31T10:38:21.934+0000] {dagbag.py:538} INFO - Filling up the DagBag from /opt/airflow/dags/20240131.xlsx
[2024-01-31T10:38:21.937+0000] {processor.py:842} WARNING - No viable dags retrieved from /opt/airflow/dags/20240131.xlsx
[2024-01-31T10:38:21.951+0000] {processor.py:183} INFO - Processing /opt/airflow/dags/20240131.xlsx took 0.035 seconds
[2024-01-31T10:38:52.981+0000] {processor.py:161} INFO - Started process (PID=4197) to work on /opt/airflow/dags/20240131.xlsx
[2024-01-31T10:38:52.982+0000] {processor.py:830} INFO - Processing file /opt/airflow/dags/20240131.xlsx for tasks to queue
[2024-01-31T10:38:52.984+0000] {logging_mixin.py:188} INFO - [2024-01-31T10:38:52.984+0000] {dagbag.py:538} INFO - Filling up the DagBag from /opt/airflow/dags/20240131.xlsx
[2024-01-31T10:38:52.986+0000] {processor.py:842} WARNING - No viable dags retrieved from /opt/airflow/dags/20240131.xlsx
[2024-01-31T10:38:52.995+0000] {processor.py:183} INFO - Processing /opt/airflow/dags/20240131.xlsx took 0.018 seconds
[2024-01-31T10:39:23.318+0000] {processor.py:161} INFO - Started process (PID=4258) to work on /opt/airflow/dags/20240131.xlsx
[2024-01-31T10:39:23.319+0000] {processor.py:830} INFO - Processing file /opt/airflow/dags/20240131.xlsx for tasks to queue
[2024-01-31T10:39:23.322+0000] {logging_mixin.py:188} INFO - [2024-01-31T10:39:23.322+0000] {dagbag.py:538} INFO - Filling up the DagBag from /opt/airflow/dags/20240131.xlsx
[2024-01-31T10:39:23.324+0000] {processor.py:842} WARNING - No viable dags retrieved from /opt/airflow/dags/20240131.xlsx
[2024-01-31T10:39:23.334+0000] {processor.py:183} INFO - Processing /opt/airflow/dags/20240131.xlsx took 0.021 seconds
[2024-01-31T10:39:54.376+0000] {processor.py:161} INFO - Started process (PID=4325) to work on /opt/airflow/dags/20240131.xlsx
[2024-01-31T10:39:54.379+0000] {processor.py:830} INFO - Processing file /opt/airflow/dags/20240131.xlsx for tasks to queue
[2024-01-31T10:39:54.381+0000] {logging_mixin.py:188} INFO - [2024-01-31T10:39:54.381+0000] {dagbag.py:538} INFO - Filling up the DagBag from /opt/airflow/dags/20240131.xlsx
[2024-01-31T10:39:54.383+0000] {processor.py:842} WARNING - No viable dags retrieved from /opt/airflow/dags/20240131.xlsx
[2024-01-31T10:39:54.392+0000] {processor.py:183} INFO - Processing /opt/airflow/dags/20240131.xlsx took 0.020 seconds
[2024-01-31T10:40:25.426+0000] {processor.py:161} INFO - Started process (PID=4386) to work on /opt/airflow/dags/20240131.xlsx
[2024-01-31T10:40:25.428+0000] {processor.py:830} INFO - Processing file /opt/airflow/dags/20240131.xlsx for tasks to queue
[2024-01-31T10:40:25.430+0000] {logging_mixin.py:188} INFO - [2024-01-31T10:40:25.430+0000] {dagbag.py:538} INFO - Filling up the DagBag from /opt/airflow/dags/20240131.xlsx
[2024-01-31T10:40:25.432+0000] {processor.py:842} WARNING - No viable dags retrieved from /opt/airflow/dags/20240131.xlsx
[2024-01-31T10:40:25.441+0000] {processor.py:183} INFO - Processing /opt/airflow/dags/20240131.xlsx took 0.019 seconds
[2024-01-31T10:40:56.482+0000] {processor.py:161} INFO - Started process (PID=4447) to work on /opt/airflow/dags/20240131.xlsx
[2024-01-31T10:40:56.484+0000] {processor.py:830} INFO - Processing file /opt/airflow/dags/20240131.xlsx for tasks to queue
[2024-01-31T10:40:56.486+0000] {logging_mixin.py:188} INFO - [2024-01-31T10:40:56.486+0000] {dagbag.py:538} INFO - Filling up the DagBag from /opt/airflow/dags/20240131.xlsx
[2024-01-31T10:40:56.488+0000] {processor.py:842} WARNING - No viable dags retrieved from /opt/airflow/dags/20240131.xlsx
[2024-01-31T10:40:56.497+0000] {processor.py:183} INFO - Processing /opt/airflow/dags/20240131.xlsx took 0.018 seconds
[2024-01-31T10:41:26.677+0000] {processor.py:161} INFO - Started process (PID=4508) to work on /opt/airflow/dags/20240131.xlsx
[2024-01-31T10:41:26.680+0000] {processor.py:830} INFO - Processing file /opt/airflow/dags/20240131.xlsx for tasks to queue
[2024-01-31T10:41:26.682+0000] {logging_mixin.py:188} INFO - [2024-01-31T10:41:26.682+0000] {dagbag.py:538} INFO - Filling up the DagBag from /opt/airflow/dags/20240131.xlsx
[2024-01-31T10:41:26.684+0000] {processor.py:842} WARNING - No viable dags retrieved from /opt/airflow/dags/20240131.xlsx
[2024-01-31T10:41:26.696+0000] {processor.py:183} INFO - Processing /opt/airflow/dags/20240131.xlsx took 0.030 seconds
[2024-01-31T10:41:56.946+0000] {processor.py:161} INFO - Started process (PID=4569) to work on /opt/airflow/dags/20240131.xlsx
[2024-01-31T10:41:56.953+0000] {processor.py:830} INFO - Processing file /opt/airflow/dags/20240131.xlsx for tasks to queue
[2024-01-31T10:41:56.962+0000] {logging_mixin.py:188} INFO - [2024-01-31T10:41:56.961+0000] {dagbag.py:538} INFO - Filling up the DagBag from /opt/airflow/dags/20240131.xlsx
[2024-01-31T10:41:56.968+0000] {processor.py:842} WARNING - No viable dags retrieved from /opt/airflow/dags/20240131.xlsx
[2024-01-31T10:41:57.011+0000] {processor.py:183} INFO - Processing /opt/airflow/dags/20240131.xlsx took 0.080 seconds
[2024-01-31T10:42:27.953+0000] {processor.py:161} INFO - Started process (PID=4630) to work on /opt/airflow/dags/20240131.xlsx
[2024-01-31T10:42:27.955+0000] {processor.py:830} INFO - Processing file /opt/airflow/dags/20240131.xlsx for tasks to queue
[2024-01-31T10:42:27.957+0000] {logging_mixin.py:188} INFO - [2024-01-31T10:42:27.957+0000] {dagbag.py:538} INFO - Filling up the DagBag from /opt/airflow/dags/20240131.xlsx
[2024-01-31T10:42:27.959+0000] {processor.py:842} WARNING - No viable dags retrieved from /opt/airflow/dags/20240131.xlsx
[2024-01-31T10:42:27.968+0000] {processor.py:183} INFO - Processing /opt/airflow/dags/20240131.xlsx took 0.017 seconds
[2024-01-31T10:42:58.790+0000] {processor.py:161} INFO - Started process (PID=4691) to work on /opt/airflow/dags/20240131.xlsx
[2024-01-31T10:42:58.792+0000] {processor.py:830} INFO - Processing file /opt/airflow/dags/20240131.xlsx for tasks to queue
[2024-01-31T10:42:58.793+0000] {logging_mixin.py:188} INFO - [2024-01-31T10:42:58.793+0000] {dagbag.py:538} INFO - Filling up the DagBag from /opt/airflow/dags/20240131.xlsx
[2024-01-31T10:42:58.794+0000] {processor.py:842} WARNING - No viable dags retrieved from /opt/airflow/dags/20240131.xlsx
[2024-01-31T10:42:58.803+0000] {processor.py:183} INFO - Processing /opt/airflow/dags/20240131.xlsx took 0.015 seconds
[2024-01-31T10:43:29.002+0000] {processor.py:161} INFO - Started process (PID=4752) to work on /opt/airflow/dags/20240131.xlsx
[2024-01-31T10:43:29.004+0000] {processor.py:830} INFO - Processing file /opt/airflow/dags/20240131.xlsx for tasks to queue
[2024-01-31T10:43:29.012+0000] {logging_mixin.py:188} INFO - [2024-01-31T10:43:29.012+0000] {dagbag.py:538} INFO - Filling up the DagBag from /opt/airflow/dags/20240131.xlsx
[2024-01-31T10:43:29.014+0000] {processor.py:842} WARNING - No viable dags retrieved from /opt/airflow/dags/20240131.xlsx
[2024-01-31T10:43:29.026+0000] {processor.py:183} INFO - Processing /opt/airflow/dags/20240131.xlsx took 0.027 seconds
[2024-01-31T10:43:59.489+0000] {processor.py:161} INFO - Started process (PID=4813) to work on /opt/airflow/dags/20240131.xlsx
[2024-01-31T10:43:59.491+0000] {processor.py:830} INFO - Processing file /opt/airflow/dags/20240131.xlsx for tasks to queue
[2024-01-31T10:43:59.493+0000] {logging_mixin.py:188} INFO - [2024-01-31T10:43:59.493+0000] {dagbag.py:538} INFO - Filling up the DagBag from /opt/airflow/dags/20240131.xlsx
[2024-01-31T10:43:59.495+0000] {processor.py:842} WARNING - No viable dags retrieved from /opt/airflow/dags/20240131.xlsx
[2024-01-31T10:43:59.505+0000] {processor.py:183} INFO - Processing /opt/airflow/dags/20240131.xlsx took 0.020 seconds
[2024-01-31T10:44:29.943+0000] {processor.py:161} INFO - Started process (PID=4874) to work on /opt/airflow/dags/20240131.xlsx
[2024-01-31T10:44:29.945+0000] {processor.py:830} INFO - Processing file /opt/airflow/dags/20240131.xlsx for tasks to queue
[2024-01-31T10:44:29.947+0000] {logging_mixin.py:188} INFO - [2024-01-31T10:44:29.947+0000] {dagbag.py:538} INFO - Filling up the DagBag from /opt/airflow/dags/20240131.xlsx
[2024-01-31T10:44:29.948+0000] {processor.py:842} WARNING - No viable dags retrieved from /opt/airflow/dags/20240131.xlsx
[2024-01-31T10:44:29.957+0000] {processor.py:183} INFO - Processing /opt/airflow/dags/20240131.xlsx took 0.017 seconds
[2024-01-31T10:45:01.089+0000] {processor.py:161} INFO - Started process (PID=4935) to work on /opt/airflow/dags/20240131.xlsx
[2024-01-31T10:45:01.090+0000] {processor.py:830} INFO - Processing file /opt/airflow/dags/20240131.xlsx for tasks to queue
[2024-01-31T10:45:01.092+0000] {logging_mixin.py:188} INFO - [2024-01-31T10:45:01.092+0000] {dagbag.py:538} INFO - Filling up the DagBag from /opt/airflow/dags/20240131.xlsx
[2024-01-31T10:45:01.094+0000] {processor.py:842} WARNING - No viable dags retrieved from /opt/airflow/dags/20240131.xlsx
[2024-01-31T10:45:01.104+0000] {processor.py:183} INFO - Processing /opt/airflow/dags/20240131.xlsx took 0.018 seconds
[2024-01-31T10:45:32.154+0000] {processor.py:161} INFO - Started process (PID=4996) to work on /opt/airflow/dags/20240131.xlsx
[2024-01-31T10:45:32.155+0000] {processor.py:830} INFO - Processing file /opt/airflow/dags/20240131.xlsx for tasks to queue
[2024-01-31T10:45:32.158+0000] {logging_mixin.py:188} INFO - [2024-01-31T10:45:32.158+0000] {dagbag.py:538} INFO - Filling up the DagBag from /opt/airflow/dags/20240131.xlsx
[2024-01-31T10:45:32.160+0000] {processor.py:842} WARNING - No viable dags retrieved from /opt/airflow/dags/20240131.xlsx
[2024-01-31T10:45:32.170+0000] {processor.py:183} INFO - Processing /opt/airflow/dags/20240131.xlsx took 0.019 seconds
[2024-01-31T10:46:03.222+0000] {processor.py:161} INFO - Started process (PID=5057) to work on /opt/airflow/dags/20240131.xlsx
[2024-01-31T10:46:03.223+0000] {processor.py:830} INFO - Processing file /opt/airflow/dags/20240131.xlsx for tasks to queue
[2024-01-31T10:46:03.226+0000] {logging_mixin.py:188} INFO - [2024-01-31T10:46:03.225+0000] {dagbag.py:538} INFO - Filling up the DagBag from /opt/airflow/dags/20240131.xlsx
[2024-01-31T10:46:03.227+0000] {processor.py:842} WARNING - No viable dags retrieved from /opt/airflow/dags/20240131.xlsx
[2024-01-31T10:46:03.238+0000] {processor.py:183} INFO - Processing /opt/airflow/dags/20240131.xlsx took 0.020 seconds
[2024-01-31T10:46:34.314+0000] {processor.py:161} INFO - Started process (PID=5118) to work on /opt/airflow/dags/20240131.xlsx
[2024-01-31T10:46:34.315+0000] {processor.py:830} INFO - Processing file /opt/airflow/dags/20240131.xlsx for tasks to queue
[2024-01-31T10:46:34.319+0000] {logging_mixin.py:188} INFO - [2024-01-31T10:46:34.318+0000] {dagbag.py:538} INFO - Filling up the DagBag from /opt/airflow/dags/20240131.xlsx
[2024-01-31T10:46:34.321+0000] {processor.py:842} WARNING - No viable dags retrieved from /opt/airflow/dags/20240131.xlsx
[2024-01-31T10:46:34.332+0000] {processor.py:183} INFO - Processing /opt/airflow/dags/20240131.xlsx took 0.022 seconds
[2024-01-31T10:47:05.479+0000] {processor.py:161} INFO - Started process (PID=5179) to work on /opt/airflow/dags/20240131.xlsx
[2024-01-31T10:47:05.481+0000] {processor.py:830} INFO - Processing file /opt/airflow/dags/20240131.xlsx for tasks to queue
[2024-01-31T10:47:05.483+0000] {logging_mixin.py:188} INFO - [2024-01-31T10:47:05.483+0000] {dagbag.py:538} INFO - Filling up the DagBag from /opt/airflow/dags/20240131.xlsx
[2024-01-31T10:47:05.485+0000] {processor.py:842} WARNING - No viable dags retrieved from /opt/airflow/dags/20240131.xlsx
[2024-01-31T10:47:05.495+0000] {processor.py:183} INFO - Processing /opt/airflow/dags/20240131.xlsx took 0.019 seconds
[2024-01-31T10:47:36.489+0000] {processor.py:161} INFO - Started process (PID=5240) to work on /opt/airflow/dags/20240131.xlsx
[2024-01-31T10:47:36.491+0000] {processor.py:830} INFO - Processing file /opt/airflow/dags/20240131.xlsx for tasks to queue
[2024-01-31T10:47:36.494+0000] {logging_mixin.py:188} INFO - [2024-01-31T10:47:36.493+0000] {dagbag.py:538} INFO - Filling up the DagBag from /opt/airflow/dags/20240131.xlsx
[2024-01-31T10:47:36.496+0000] {processor.py:842} WARNING - No viable dags retrieved from /opt/airflow/dags/20240131.xlsx
[2024-01-31T10:47:36.509+0000] {processor.py:183} INFO - Processing /opt/airflow/dags/20240131.xlsx took 0.024 seconds
[2024-01-31T10:48:07.528+0000] {processor.py:161} INFO - Started process (PID=5301) to work on /opt/airflow/dags/20240131.xlsx
[2024-01-31T10:48:07.530+0000] {processor.py:830} INFO - Processing file /opt/airflow/dags/20240131.xlsx for tasks to queue
[2024-01-31T10:48:07.533+0000] {logging_mixin.py:188} INFO - [2024-01-31T10:48:07.533+0000] {dagbag.py:538} INFO - Filling up the DagBag from /opt/airflow/dags/20240131.xlsx
[2024-01-31T10:48:07.536+0000] {processor.py:842} WARNING - No viable dags retrieved from /opt/airflow/dags/20240131.xlsx
[2024-01-31T10:48:07.547+0000] {processor.py:183} INFO - Processing /opt/airflow/dags/20240131.xlsx took 0.023 seconds
[2024-01-31T10:48:38.632+0000] {processor.py:161} INFO - Started process (PID=5362) to work on /opt/airflow/dags/20240131.xlsx
[2024-01-31T10:48:38.635+0000] {processor.py:830} INFO - Processing file /opt/airflow/dags/20240131.xlsx for tasks to queue
[2024-01-31T10:48:38.637+0000] {logging_mixin.py:188} INFO - [2024-01-31T10:48:38.637+0000] {dagbag.py:538} INFO - Filling up the DagBag from /opt/airflow/dags/20240131.xlsx
[2024-01-31T10:48:38.639+0000] {processor.py:842} WARNING - No viable dags retrieved from /opt/airflow/dags/20240131.xlsx
[2024-01-31T10:48:38.649+0000] {processor.py:183} INFO - Processing /opt/airflow/dags/20240131.xlsx took 0.020 seconds
[2024-01-31T10:49:09.227+0000] {processor.py:161} INFO - Started process (PID=5423) to work on /opt/airflow/dags/20240131.xlsx
[2024-01-31T10:49:09.233+0000] {processor.py:830} INFO - Processing file /opt/airflow/dags/20240131.xlsx for tasks to queue
[2024-01-31T10:49:09.245+0000] {logging_mixin.py:188} INFO - [2024-01-31T10:49:09.245+0000] {dagbag.py:538} INFO - Filling up the DagBag from /opt/airflow/dags/20240131.xlsx
[2024-01-31T10:49:09.249+0000] {processor.py:842} WARNING - No viable dags retrieved from /opt/airflow/dags/20240131.xlsx
[2024-01-31T10:49:09.269+0000] {processor.py:183} INFO - Processing /opt/airflow/dags/20240131.xlsx took 0.054 seconds
[2024-01-31T10:49:40.392+0000] {processor.py:161} INFO - Started process (PID=5484) to work on /opt/airflow/dags/20240131.xlsx
[2024-01-31T10:49:40.394+0000] {processor.py:830} INFO - Processing file /opt/airflow/dags/20240131.xlsx for tasks to queue
[2024-01-31T10:49:40.397+0000] {logging_mixin.py:188} INFO - [2024-01-31T10:49:40.397+0000] {dagbag.py:538} INFO - Filling up the DagBag from /opt/airflow/dags/20240131.xlsx
[2024-01-31T10:49:40.402+0000] {processor.py:842} WARNING - No viable dags retrieved from /opt/airflow/dags/20240131.xlsx
[2024-01-31T10:49:40.429+0000] {processor.py:183} INFO - Processing /opt/airflow/dags/20240131.xlsx took 0.042 seconds
[2024-01-31T10:50:11.443+0000] {processor.py:161} INFO - Started process (PID=5545) to work on /opt/airflow/dags/20240131.xlsx
[2024-01-31T10:50:11.445+0000] {processor.py:830} INFO - Processing file /opt/airflow/dags/20240131.xlsx for tasks to queue
[2024-01-31T10:50:11.449+0000] {logging_mixin.py:188} INFO - [2024-01-31T10:50:11.448+0000] {dagbag.py:538} INFO - Filling up the DagBag from /opt/airflow/dags/20240131.xlsx
[2024-01-31T10:50:11.451+0000] {processor.py:842} WARNING - No viable dags retrieved from /opt/airflow/dags/20240131.xlsx
[2024-01-31T10:50:11.467+0000] {processor.py:183} INFO - Processing /opt/airflow/dags/20240131.xlsx took 0.031 seconds
[2024-01-31T10:50:42.414+0000] {processor.py:161} INFO - Started process (PID=5606) to work on /opt/airflow/dags/20240131.xlsx
[2024-01-31T10:50:42.417+0000] {processor.py:830} INFO - Processing file /opt/airflow/dags/20240131.xlsx for tasks to queue
[2024-01-31T10:50:42.421+0000] {logging_mixin.py:188} INFO - [2024-01-31T10:50:42.421+0000] {dagbag.py:538} INFO - Filling up the DagBag from /opt/airflow/dags/20240131.xlsx
[2024-01-31T10:50:42.424+0000] {processor.py:842} WARNING - No viable dags retrieved from /opt/airflow/dags/20240131.xlsx
[2024-01-31T10:50:42.449+0000] {processor.py:183} INFO - Processing /opt/airflow/dags/20240131.xlsx took 0.049 seconds
[2024-01-31T10:51:13.504+0000] {processor.py:161} INFO - Started process (PID=5667) to work on /opt/airflow/dags/20240131.xlsx
[2024-01-31T10:51:13.507+0000] {processor.py:830} INFO - Processing file /opt/airflow/dags/20240131.xlsx for tasks to queue
[2024-01-31T10:51:13.510+0000] {logging_mixin.py:188} INFO - [2024-01-31T10:51:13.510+0000] {dagbag.py:538} INFO - Filling up the DagBag from /opt/airflow/dags/20240131.xlsx
[2024-01-31T10:51:13.512+0000] {processor.py:842} WARNING - No viable dags retrieved from /opt/airflow/dags/20240131.xlsx
[2024-01-31T10:51:13.526+0000] {processor.py:183} INFO - Processing /opt/airflow/dags/20240131.xlsx took 0.029 seconds
[2024-01-31T10:51:44.453+0000] {processor.py:161} INFO - Started process (PID=5728) to work on /opt/airflow/dags/20240131.xlsx
[2024-01-31T10:51:44.455+0000] {processor.py:830} INFO - Processing file /opt/airflow/dags/20240131.xlsx for tasks to queue
[2024-01-31T10:51:44.458+0000] {logging_mixin.py:188} INFO - [2024-01-31T10:51:44.458+0000] {dagbag.py:538} INFO - Filling up the DagBag from /opt/airflow/dags/20240131.xlsx
[2024-01-31T10:51:44.461+0000] {processor.py:842} WARNING - No viable dags retrieved from /opt/airflow/dags/20240131.xlsx
[2024-01-31T10:51:44.478+0000] {processor.py:183} INFO - Processing /opt/airflow/dags/20240131.xlsx took 0.030 seconds
[2024-01-31T10:52:15.489+0000] {processor.py:161} INFO - Started process (PID=5789) to work on /opt/airflow/dags/20240131.xlsx
[2024-01-31T10:52:15.491+0000] {processor.py:830} INFO - Processing file /opt/airflow/dags/20240131.xlsx for tasks to queue
[2024-01-31T10:52:15.495+0000] {logging_mixin.py:188} INFO - [2024-01-31T10:52:15.495+0000] {dagbag.py:538} INFO - Filling up the DagBag from /opt/airflow/dags/20240131.xlsx
[2024-01-31T10:52:15.497+0000] {processor.py:842} WARNING - No viable dags retrieved from /opt/airflow/dags/20240131.xlsx
[2024-01-31T10:52:15.509+0000] {processor.py:183} INFO - Processing /opt/airflow/dags/20240131.xlsx took 0.026 seconds
[2024-01-31T10:52:45.895+0000] {processor.py:161} INFO - Started process (PID=5850) to work on /opt/airflow/dags/20240131.xlsx
[2024-01-31T10:52:45.897+0000] {processor.py:830} INFO - Processing file /opt/airflow/dags/20240131.xlsx for tasks to queue
[2024-01-31T10:52:45.900+0000] {logging_mixin.py:188} INFO - [2024-01-31T10:52:45.899+0000] {dagbag.py:538} INFO - Filling up the DagBag from /opt/airflow/dags/20240131.xlsx
[2024-01-31T10:52:45.902+0000] {processor.py:842} WARNING - No viable dags retrieved from /opt/airflow/dags/20240131.xlsx
[2024-01-31T10:52:45.919+0000] {processor.py:183} INFO - Processing /opt/airflow/dags/20240131.xlsx took 0.029 seconds
[2024-01-31T10:53:16.969+0000] {processor.py:161} INFO - Started process (PID=5911) to work on /opt/airflow/dags/20240131.xlsx
[2024-01-31T10:53:16.972+0000] {processor.py:830} INFO - Processing file /opt/airflow/dags/20240131.xlsx for tasks to queue
[2024-01-31T10:53:16.974+0000] {logging_mixin.py:188} INFO - [2024-01-31T10:53:16.974+0000] {dagbag.py:538} INFO - Filling up the DagBag from /opt/airflow/dags/20240131.xlsx
[2024-01-31T10:53:16.977+0000] {processor.py:842} WARNING - No viable dags retrieved from /opt/airflow/dags/20240131.xlsx
[2024-01-31T10:53:17.000+0000] {processor.py:183} INFO - Processing /opt/airflow/dags/20240131.xlsx took 0.035 seconds
[2024-01-31T10:53:47.190+0000] {processor.py:161} INFO - Started process (PID=5972) to work on /opt/airflow/dags/20240131.xlsx
[2024-01-31T10:53:47.191+0000] {processor.py:830} INFO - Processing file /opt/airflow/dags/20240131.xlsx for tasks to queue
[2024-01-31T10:53:47.194+0000] {logging_mixin.py:188} INFO - [2024-01-31T10:53:47.193+0000] {dagbag.py:538} INFO - Filling up the DagBag from /opt/airflow/dags/20240131.xlsx
[2024-01-31T10:53:47.196+0000] {processor.py:842} WARNING - No viable dags retrieved from /opt/airflow/dags/20240131.xlsx
[2024-01-31T10:53:47.207+0000] {processor.py:183} INFO - Processing /opt/airflow/dags/20240131.xlsx took 0.027 seconds
[2024-01-31T10:54:17.715+0000] {processor.py:161} INFO - Started process (PID=6033) to work on /opt/airflow/dags/20240131.xlsx
[2024-01-31T10:54:17.717+0000] {processor.py:830} INFO - Processing file /opt/airflow/dags/20240131.xlsx for tasks to queue
[2024-01-31T10:54:17.720+0000] {logging_mixin.py:188} INFO - [2024-01-31T10:54:17.720+0000] {dagbag.py:538} INFO - Filling up the DagBag from /opt/airflow/dags/20240131.xlsx
[2024-01-31T10:54:17.722+0000] {processor.py:842} WARNING - No viable dags retrieved from /opt/airflow/dags/20240131.xlsx
[2024-01-31T10:54:17.739+0000] {processor.py:183} INFO - Processing /opt/airflow/dags/20240131.xlsx took 0.027 seconds
[2024-01-31T10:54:48.830+0000] {processor.py:161} INFO - Started process (PID=6094) to work on /opt/airflow/dags/20240131.xlsx
[2024-01-31T10:54:48.838+0000] {processor.py:830} INFO - Processing file /opt/airflow/dags/20240131.xlsx for tasks to queue
[2024-01-31T10:54:48.844+0000] {logging_mixin.py:188} INFO - [2024-01-31T10:54:48.843+0000] {dagbag.py:538} INFO - Filling up the DagBag from /opt/airflow/dags/20240131.xlsx
[2024-01-31T10:54:48.847+0000] {processor.py:842} WARNING - No viable dags retrieved from /opt/airflow/dags/20240131.xlsx
[2024-01-31T10:54:48.858+0000] {processor.py:183} INFO - Processing /opt/airflow/dags/20240131.xlsx took 0.032 seconds
[2024-01-31T10:55:19.125+0000] {processor.py:161} INFO - Started process (PID=6155) to work on /opt/airflow/dags/20240131.xlsx
[2024-01-31T10:55:19.128+0000] {processor.py:830} INFO - Processing file /opt/airflow/dags/20240131.xlsx for tasks to queue
[2024-01-31T10:55:19.131+0000] {logging_mixin.py:188} INFO - [2024-01-31T10:55:19.130+0000] {dagbag.py:538} INFO - Filling up the DagBag from /opt/airflow/dags/20240131.xlsx
[2024-01-31T10:55:19.140+0000] {processor.py:842} WARNING - No viable dags retrieved from /opt/airflow/dags/20240131.xlsx
[2024-01-31T10:55:19.155+0000] {processor.py:183} INFO - Processing /opt/airflow/dags/20240131.xlsx took 0.034 seconds
[2024-01-31T10:55:49.802+0000] {processor.py:161} INFO - Started process (PID=6216) to work on /opt/airflow/dags/20240131.xlsx
[2024-01-31T10:55:49.805+0000] {processor.py:830} INFO - Processing file /opt/airflow/dags/20240131.xlsx for tasks to queue
[2024-01-31T10:55:49.809+0000] {logging_mixin.py:188} INFO - [2024-01-31T10:55:49.808+0000] {dagbag.py:538} INFO - Filling up the DagBag from /opt/airflow/dags/20240131.xlsx
[2024-01-31T10:55:49.812+0000] {processor.py:842} WARNING - No viable dags retrieved from /opt/airflow/dags/20240131.xlsx
[2024-01-31T10:55:49.852+0000] {processor.py:183} INFO - Processing /opt/airflow/dags/20240131.xlsx took 0.054 seconds
[2024-01-31T10:56:20.344+0000] {processor.py:161} INFO - Started process (PID=6277) to work on /opt/airflow/dags/20240131.xlsx
[2024-01-31T10:56:20.352+0000] {processor.py:830} INFO - Processing file /opt/airflow/dags/20240131.xlsx for tasks to queue
[2024-01-31T10:56:20.356+0000] {logging_mixin.py:188} INFO - [2024-01-31T10:56:20.355+0000] {dagbag.py:538} INFO - Filling up the DagBag from /opt/airflow/dags/20240131.xlsx
[2024-01-31T10:56:20.359+0000] {processor.py:842} WARNING - No viable dags retrieved from /opt/airflow/dags/20240131.xlsx
[2024-01-31T10:56:20.376+0000] {processor.py:183} INFO - Processing /opt/airflow/dags/20240131.xlsx took 0.035 seconds
[2024-01-31T10:56:50.590+0000] {processor.py:161} INFO - Started process (PID=6338) to work on /opt/airflow/dags/20240131.xlsx
[2024-01-31T10:56:50.598+0000] {processor.py:830} INFO - Processing file /opt/airflow/dags/20240131.xlsx for tasks to queue
[2024-01-31T10:56:50.607+0000] {logging_mixin.py:188} INFO - [2024-01-31T10:56:50.606+0000] {dagbag.py:538} INFO - Filling up the DagBag from /opt/airflow/dags/20240131.xlsx
[2024-01-31T10:56:50.609+0000] {processor.py:842} WARNING - No viable dags retrieved from /opt/airflow/dags/20240131.xlsx
[2024-01-31T10:56:50.626+0000] {processor.py:183} INFO - Processing /opt/airflow/dags/20240131.xlsx took 0.040 seconds
[2024-01-31T10:57:21.271+0000] {processor.py:161} INFO - Started process (PID=6399) to work on /opt/airflow/dags/20240131.xlsx
[2024-01-31T10:57:21.273+0000] {processor.py:830} INFO - Processing file /opt/airflow/dags/20240131.xlsx for tasks to queue
[2024-01-31T10:57:21.276+0000] {logging_mixin.py:188} INFO - [2024-01-31T10:57:21.275+0000] {dagbag.py:538} INFO - Filling up the DagBag from /opt/airflow/dags/20240131.xlsx
[2024-01-31T10:57:21.278+0000] {processor.py:842} WARNING - No viable dags retrieved from /opt/airflow/dags/20240131.xlsx
[2024-01-31T10:57:21.300+0000] {processor.py:183} INFO - Processing /opt/airflow/dags/20240131.xlsx took 0.033 seconds
[2024-01-31T10:57:52.319+0000] {processor.py:161} INFO - Started process (PID=6460) to work on /opt/airflow/dags/20240131.xlsx
[2024-01-31T10:57:52.321+0000] {processor.py:830} INFO - Processing file /opt/airflow/dags/20240131.xlsx for tasks to queue
[2024-01-31T10:57:52.323+0000] {logging_mixin.py:188} INFO - [2024-01-31T10:57:52.323+0000] {dagbag.py:538} INFO - Filling up the DagBag from /opt/airflow/dags/20240131.xlsx
[2024-01-31T10:57:52.325+0000] {processor.py:842} WARNING - No viable dags retrieved from /opt/airflow/dags/20240131.xlsx
[2024-01-31T10:57:52.338+0000] {processor.py:183} INFO - Processing /opt/airflow/dags/20240131.xlsx took 0.022 seconds
[2024-01-31T10:58:23.491+0000] {processor.py:161} INFO - Started process (PID=6521) to work on /opt/airflow/dags/20240131.xlsx
[2024-01-31T10:58:23.492+0000] {processor.py:830} INFO - Processing file /opt/airflow/dags/20240131.xlsx for tasks to queue
[2024-01-31T10:58:23.496+0000] {logging_mixin.py:188} INFO - [2024-01-31T10:58:23.496+0000] {dagbag.py:538} INFO - Filling up the DagBag from /opt/airflow/dags/20240131.xlsx
[2024-01-31T10:58:23.499+0000] {processor.py:842} WARNING - No viable dags retrieved from /opt/airflow/dags/20240131.xlsx
[2024-01-31T10:58:23.514+0000] {processor.py:183} INFO - Processing /opt/airflow/dags/20240131.xlsx took 0.028 seconds
[2024-01-31T10:58:54.330+0000] {processor.py:161} INFO - Started process (PID=6582) to work on /opt/airflow/dags/20240131.xlsx
[2024-01-31T10:58:54.331+0000] {processor.py:830} INFO - Processing file /opt/airflow/dags/20240131.xlsx for tasks to queue
[2024-01-31T10:58:54.334+0000] {logging_mixin.py:188} INFO - [2024-01-31T10:58:54.334+0000] {dagbag.py:538} INFO - Filling up the DagBag from /opt/airflow/dags/20240131.xlsx
[2024-01-31T10:58:54.337+0000] {processor.py:842} WARNING - No viable dags retrieved from /opt/airflow/dags/20240131.xlsx
[2024-01-31T10:58:54.347+0000] {processor.py:183} INFO - Processing /opt/airflow/dags/20240131.xlsx took 0.021 seconds
[2024-01-31T10:59:25.350+0000] {processor.py:161} INFO - Started process (PID=6643) to work on /opt/airflow/dags/20240131.xlsx
[2024-01-31T10:59:25.352+0000] {processor.py:830} INFO - Processing file /opt/airflow/dags/20240131.xlsx for tasks to queue
[2024-01-31T10:59:25.357+0000] {logging_mixin.py:188} INFO - [2024-01-31T10:59:25.356+0000] {dagbag.py:538} INFO - Filling up the DagBag from /opt/airflow/dags/20240131.xlsx
[2024-01-31T10:59:25.359+0000] {processor.py:842} WARNING - No viable dags retrieved from /opt/airflow/dags/20240131.xlsx
[2024-01-31T10:59:25.373+0000] {processor.py:183} INFO - Processing /opt/airflow/dags/20240131.xlsx took 0.028 seconds
[2024-01-31T10:59:56.549+0000] {processor.py:161} INFO - Started process (PID=6704) to work on /opt/airflow/dags/20240131.xlsx
[2024-01-31T10:59:56.551+0000] {processor.py:830} INFO - Processing file /opt/airflow/dags/20240131.xlsx for tasks to queue
[2024-01-31T10:59:56.555+0000] {logging_mixin.py:188} INFO - [2024-01-31T10:59:56.554+0000] {dagbag.py:538} INFO - Filling up the DagBag from /opt/airflow/dags/20240131.xlsx
[2024-01-31T10:59:56.558+0000] {processor.py:842} WARNING - No viable dags retrieved from /opt/airflow/dags/20240131.xlsx
[2024-01-31T10:59:56.576+0000] {processor.py:183} INFO - Processing /opt/airflow/dags/20240131.xlsx took 0.043 seconds
[2024-01-31T11:00:26.816+0000] {processor.py:161} INFO - Started process (PID=6765) to work on /opt/airflow/dags/20240131.xlsx
[2024-01-31T11:00:26.817+0000] {processor.py:830} INFO - Processing file /opt/airflow/dags/20240131.xlsx for tasks to queue
[2024-01-31T11:00:26.821+0000] {logging_mixin.py:188} INFO - [2024-01-31T11:00:26.820+0000] {dagbag.py:538} INFO - Filling up the DagBag from /opt/airflow/dags/20240131.xlsx
[2024-01-31T11:00:26.826+0000] {processor.py:842} WARNING - No viable dags retrieved from /opt/airflow/dags/20240131.xlsx
[2024-01-31T11:00:26.844+0000] {processor.py:183} INFO - Processing /opt/airflow/dags/20240131.xlsx took 0.032 seconds
[2024-01-31T11:00:57.176+0000] {processor.py:161} INFO - Started process (PID=6826) to work on /opt/airflow/dags/20240131.xlsx
[2024-01-31T11:00:57.187+0000] {processor.py:830} INFO - Processing file /opt/airflow/dags/20240131.xlsx for tasks to queue
[2024-01-31T11:00:57.192+0000] {logging_mixin.py:188} INFO - [2024-01-31T11:00:57.191+0000] {dagbag.py:538} INFO - Filling up the DagBag from /opt/airflow/dags/20240131.xlsx
[2024-01-31T11:00:57.194+0000] {processor.py:842} WARNING - No viable dags retrieved from /opt/airflow/dags/20240131.xlsx
[2024-01-31T11:00:57.208+0000] {processor.py:183} INFO - Processing /opt/airflow/dags/20240131.xlsx took 0.037 seconds
